Copyright 1986-2022 Xilinx, Inc. All Rights Reserved. Copyright 2022-2025 Advanced Micro Devices, Inc. All Rights Reserved.
---------------------------------------------------------------------------------------------------------------------------------------------------------------------------------------
| Tool Version : Vivado v.2025.2 (win64) Build 6299465 Fri Nov 14 19:35:11 GMT 2025
| Date         : Sun Jun 28 17:30:05 2026
| Host         : Tyler running 64-bit major release  (build 9200)
| Command      : report_timing_summary -file C:/Users/tyboy/OneDrive/Documents/novel-arm/research/results/logs/mapped_ppa/vivado_runs/full_core_baseline/full_core_baseline_timing.rpt
| Design       : full_core_baseline
| Device       : 7a35t-csg324
| Speed File   : -1  PRODUCTION 1.23 2018-06-13
| Design State : Routed
---------------------------------------------------------------------------------------------------------------------------------------------------------------------------------------

Timing Summary Report

------------------------------------------------------------------------------------------------
| Timer Settings
| --------------
------------------------------------------------------------------------------------------------

  Enable Multi Corner Analysis               :  Yes
  Enable Pessimism Removal                   :  Yes
  Pessimism Removal Resolution               :  Nearest Common Node
  Enable Input Delay Default Clock           :  No
  Enable Preset / Clear Arcs                 :  No
  Disable Flight Delays                      :  No
  Ignore I/O Paths                           :  No
  Timing Early Launch at Borrowing Latches   :  No
  Borrow Time for Max Delay Exceptions       :  Yes
  Merge Timing Exceptions                    :  Yes
  Inter-SLR Compensation                     :  Conservative

  Corner  Analyze    Analyze    
  Name    Max Paths  Min Paths  
  ------  ---------  ---------  
  Slow    Yes        Yes        
  Fast    Yes        Yes        


------------------------------------------------------------------------------------------------
| Report Methodology
| ------------------
------------------------------------------------------------------------------------------------

No report available as report_methodology has not been run prior. Run report_methodology on the current design for the summary of methodology violations.



check_timing report

Table of Contents
-----------------
1. checking no_clock (0)
2. checking constant_clock (0)
3. checking pulse_width_clock (0)
4. checking unconstrained_internal_endpoints (0)
5. checking no_input_delay (1)
6. checking no_output_delay (33)
7. checking multiple_clock (0)
8. checking generated_clocks (0)
9. checking loops (0)
10. checking partial_input_delay (0)
11. checking partial_output_delay (0)
12. checking latch_loops (0)

1. checking no_clock (0)
------------------------
 There are 0 register/latch pins with no clock.


2. checking constant_clock (0)
------------------------------
 There are 0 register/latch pins with constant_clock.


3. checking pulse_width_clock (0)
---------------------------------
 There are 0 register/latch pins which need pulse_width check


4. checking unconstrained_internal_endpoints (0)
------------------------------------------------
 There are 0 pins that are not constrained for maximum delay.

 There are 0 pins that are not constrained for maximum delay due to constant clock.


5. checking no_input_delay (1)
------------------------------
 There is 1 input port with no input delay specified. (HIGH)

 There are 0 input ports with no input delay but user has a false path constraint.


6. checking no_output_delay (33)
--------------------------------
 There are 33 ports with no output delay specified. (HIGH)

 There are 0 ports with no output delay but user has a false path constraint

 There are 0 ports with no output delay but with a timing clock defined on it or propagating through it


7. checking multiple_clock (0)
------------------------------
 There are 0 register/latch pins with multiple clocks.


8. checking generated_clocks (0)
--------------------------------
 There are 0 generated clocks that are not connected to a clock source.


9. checking loops (0)
---------------------
 There are 0 combinational loops in the design.


10. checking partial_input_delay (0)
------------------------------------
 There are 0 input ports with partial input delay specified.


11. checking partial_output_delay (0)
-------------------------------------
 There are 0 ports with partial output delay specified.


12. checking latch_loops (0)
----------------------------
 There are 0 combinational latch loops in the design through latch input



------------------------------------------------------------------------------------------------
| Design Timing Summary
| ---------------------
------------------------------------------------------------------------------------------------

    WNS(ns)      TNS(ns)  TNS Failing Endpoints  TNS Total Endpoints      WHS(ns)      THS(ns)  THS Failing Endpoints  THS Total Endpoints     WPWS(ns)     TPWS(ns)  TPWS Failing Endpoints  TPWS Total Endpoints  
    -------      -------  ---------------------  -------------------      -------      -------  ---------------------  -------------------     --------     --------  ----------------------  --------------------  
      9.284        0.000                      0                 5617        0.045        0.000                      0                 5617        8.750        0.000                       0                  2632  


All user specified timing constraints are met.


------------------------------------------------------------------------------------------------
| Clock Summary
| -------------
------------------------------------------------------------------------------------------------

Clock  Waveform(ns)       Period(ns)      Frequency(MHz)
-----  ------------       ----------      --------------
clk    {0.000 10.000}     20.000          50.000          


------------------------------------------------------------------------------------------------
| Intra Clock Table
| -----------------
------------------------------------------------------------------------------------------------

Clock             WNS(ns)      TNS(ns)  TNS Failing Endpoints  TNS Total Endpoints      WHS(ns)      THS(ns)  THS Failing Endpoints  THS Total Endpoints     WPWS(ns)     TPWS(ns)  TPWS Failing Endpoints  TPWS Total Endpoints  
-----             -------      -------  ---------------------  -------------------      -------      -------  ---------------------  -------------------     --------     --------  ----------------------  --------------------  
clk                 9.284        0.000                      0                 5617        0.045        0.000                      0                 5617        8.750        0.000                       0                  2632  


------------------------------------------------------------------------------------------------
| Inter Clock Table
| -----------------
------------------------------------------------------------------------------------------------

From Clock    To Clock          WNS(ns)      TNS(ns)  TNS Failing Endpoints  TNS Total Endpoints      WHS(ns)      THS(ns)  THS Failing Endpoints  THS Total Endpoints  
----------    --------          -------      -------  ---------------------  -------------------      -------      -------  ---------------------  -------------------  


------------------------------------------------------------------------------------------------
| Other Path Groups Table
| -----------------------
------------------------------------------------------------------------------------------------

Path Group    From Clock    To Clock          WNS(ns)      TNS(ns)  TNS Failing Endpoints  TNS Total Endpoints      WHS(ns)      THS(ns)  THS Failing Endpoints  THS Total Endpoints  
----------    ----------    --------          -------      -------  ---------------------  -------------------      -------      -------  ---------------------  -------------------  


------------------------------------------------------------------------------------------------
| Timing Details
| --------------
------------------------------------------------------------------------------------------------


---------------------------------------------------------------------------------------------------
From Clock:  clk
  To Clock:  clk

Setup :            0  Failing Endpoints,  Worst Slack        9.284ns,  Total Violation        0.000ns
Hold  :            0  Failing Endpoints,  Worst Slack        0.045ns,  Total Violation        0.000ns
PW    :            0  Failing Endpoints,  Worst Slack        8.750ns,  Total Violation        0.000ns
---------------------------------------------------------------------------------------------------


Max Delay Paths
--------------------------------------------------------------------------------------
Slack (MET) :             9.284ns  (required time - arrival time)
  Source:                 u_shell/u_core/mem_addr_reg[3]/C
                            (rising edge-triggered cell FDRE clocked by clk  {rise@0.000ns fall@10.000ns period=20.000ns})
  Destination:            u_shell/u_core/reg_out_reg[21]/D
                            (rising edge-triggered cell FDRE clocked by clk  {rise@0.000ns fall@10.000ns period=20.000ns})
  Path Group:             clk
  Path Type:              Setup (Max at Slow Process Corner)
  Requirement:            20.000ns  (clk rise@20.000ns - clk rise@0.000ns)
  Data Path Delay:        10.670ns  (logic 2.006ns (18.800%)  route 8.664ns (81.200%))
  Logic Levels:           7  (LUT4=1 LUT6=4 MUXF7=1 MUXF8=1)
  Clock Path Skew:        -0.042ns (DCD - SCD + CPR)
    Destination Clock Delay (DCD):    4.219ns = ( 24.219 - 20.000 ) 
    Source Clock Delay      (SCD):    4.583ns
    Clock Pessimism Removal (CPR):    0.322ns
  Clock Uncertainty:      0.035ns  ((TSJ^2 + TIJ^2)^1/2 + DJ) / 2 + PE
    Total System Jitter     (TSJ):    0.071ns
    Total Input Jitter      (TIJ):    0.000ns
    Discrete Jitter          (DJ):    0.000ns
    Phase Error              (PE):    0.000ns

    Location             Delay type                Incr(ns)  Path(ns)    Netlist Resource(s)
  -------------------------------------------------------------------    -------------------
                         (clock clk rise edge)        0.000     0.000 r  
    N15                                               0.000     0.000 r  clk (IN)
                         net (fo=0)                   0.000     0.000    clk
    N15                  IBUF (Prop_ibuf_I_O)         0.962     0.962 r  clk_IBUF_inst/O
                         net (fo=1, routed)           1.972     2.933    clk_IBUF
    BUFGCTRL_X0Y0        BUFG (Prop_bufg_I_O)         0.096     3.029 r  clk_IBUF_BUFG_inst/O
                         net (fo=2631, routed)        1.553     4.583    u_shell/u_core/clk_IBUF_BUFG
    SLICE_X38Y19         FDRE                                         r  u_shell/u_core/mem_addr_reg[3]/C
  -------------------------------------------------------------------    -------------------
    SLICE_X38Y19         FDRE (Prop_fdre_C_Q)         0.478     5.061 r  u_shell/u_core/mem_addr_reg[3]/Q
                         net (fo=593, routed)         4.377     9.438    u_shell/u_mem/Q[1]
    SLICE_X61Y1          LUT6 (Prop_lut6_I2_O)        0.295     9.733 r  u_shell/u_mem/mem_rdata_q[21]_i_27/O
                         net (fo=1, routed)           0.000     9.733    u_shell/u_mem/mem_rdata_q[21]_i_27_n_0
    SLICE_X61Y1          MUXF7 (Prop_muxf7_I1_O)      0.217     9.950 r  u_shell/u_mem/mem_rdata_q_reg[21]_i_13/O
                         net (fo=1, routed)           0.000     9.950    u_shell/u_mem/mem_rdata_q_reg[21]_i_13_n_0
    SLICE_X61Y1          MUXF8 (Prop_muxf8_I1_O)      0.094    10.044 r  u_shell/u_mem/mem_rdata_q_reg[21]_i_6/O
                         net (fo=1, routed)           0.772    10.816    u_shell/u_mem/mem_rdata_q_reg[21]_i_6_n_0
    SLICE_X53Y5          LUT6 (Prop_lut6_I3_O)        0.316    11.132 r  u_shell/u_mem/mem_rdata_q[21]_i_3/O
                         net (fo=1, routed)           1.500    12.632    u_shell/u_core/data_mem[21]
    SLICE_X42Y21         LUT6 (Prop_lut6_I1_O)        0.124    12.756 r  u_shell/u_core/mem_rdata_q[21]_i_1/O
                         net (fo=6, routed)           1.259    14.016    u_shell/u_core/mem_rdata[21]
    SLICE_X36Y24         LUT4 (Prop_lut4_I3_O)        0.150    14.166 r  u_shell/u_core/reg_out[21]_i_3/O
                         net (fo=1, routed)           0.755    14.921    u_shell/u_core/reg_out[21]_i_3_n_0
    SLICE_X36Y27         LUT6 (Prop_lut6_I2_O)        0.332    15.253 r  u_shell/u_core/reg_out[21]_i_1/O
                         net (fo=1, routed)           0.000    15.253    u_shell/u_core/reg_out[21]
    SLICE_X36Y27         FDRE                                         r  u_shell/u_core/reg_out_reg[21]/D
  -------------------------------------------------------------------    -------------------

                         (clock clk rise edge)       20.000    20.000 r  
    N15                                               0.000    20.000 r  clk (IN)
                         net (fo=0)                   0.000    20.000    clk
    N15                  IBUF (Prop_ibuf_I_O)         0.828    20.828 r  clk_IBUF_inst/O
                         net (fo=1, routed)           1.868    22.696    clk_IBUF
    BUFGCTRL_X0Y0        BUFG (Prop_bufg_I_O)         0.091    22.787 r  clk_IBUF_BUFG_inst/O
                         net (fo=2631, routed)        1.431    24.219    u_shell/u_core/clk_IBUF_BUFG
    SLICE_X36Y27         FDRE                                         r  u_shell/u_core/reg_out_reg[21]/C
                         clock pessimism              0.322    24.541    
                         clock uncertainty           -0.035    24.505    
    SLICE_X36Y27         FDRE (Setup_fdre_C_D)        0.031    24.536    u_shell/u_core/reg_out_reg[21]
  -------------------------------------------------------------------
                         required time                         24.536    
                         arrival time                         -15.253    
  -------------------------------------------------------------------
                         slack                                  9.284    





Min Delay Paths
--------------------------------------------------------------------------------------
Slack (MET) :             0.045ns  (arrival time - required time)
  Source:                 u_shell/u_core/reg_out_reg[30]/C
                            (rising edge-triggered cell FDRE clocked by clk  {rise@0.000ns fall@10.000ns period=20.000ns})
  Destination:            u_shell/u_core/reg_next_pc_reg[30]/D
                            (rising edge-triggered cell FDRE clocked by clk  {rise@0.000ns fall@10.000ns period=20.000ns})
  Path Group:             clk
  Path Type:              Hold (Min at Fast Process Corner)
  Requirement:            0.000ns  (clk rise@0.000ns - clk rise@0.000ns)
  Data Path Delay:        0.411ns  (logic 0.251ns (61.127%)  route 0.160ns (38.873%))
  Logic Levels:           2  (CARRY4=1 LUT6=1)
  Clock Path Skew:        0.261ns (DCD - SCD - CPR)
    Destination Clock Delay (DCD):    1.917ns
    Source Clock Delay      (SCD):    1.404ns
    Clock Pessimism Removal (CPR):    0.251ns

    Location             Delay type                Incr(ns)  Path(ns)    Netlist Resource(s)
  -------------------------------------------------------------------    -------------------
                         (clock clk rise edge)        0.000     0.000 r  
    N15                                               0.000     0.000 r  clk (IN)
                         net (fo=0)                   0.000     0.000    clk
    N15                  IBUF (Prop_ibuf_I_O)         0.191     0.191 r  clk_IBUF_inst/O
                         net (fo=1, routed)           0.634     0.825    clk_IBUF
    BUFGCTRL_X0Y0        BUFG (Prop_bufg_I_O)         0.026     0.851 r  clk_IBUF_BUFG_inst/O
                         net (fo=2631, routed)        0.554     1.404    u_shell/u_core/clk_IBUF_BUFG
    SLICE_X37Y29         FDRE                                         r  u_shell/u_core/reg_out_reg[30]/C
  -------------------------------------------------------------------    -------------------
    SLICE_X37Y29         FDRE (Prop_fdre_C_Q)         0.141     1.545 r  u_shell/u_core/reg_out_reg[30]/Q
                         net (fo=4, routed)           0.160     1.705    u_shell/u_core/reg_out_reg_n_0_[30]
    SLICE_X35Y29         LUT6 (Prop_lut6_I0_O)        0.045     1.750 r  u_shell/u_core/reg_next_pc0_carry__6_i_2/O
                         net (fo=1, routed)           0.000     1.750    u_shell/u_core/reg_next_pc0_carry__6_i_2_n_0
    SLICE_X35Y29         CARRY4 (Prop_carry4_S[1]_O[1])
                                                      0.065     1.815 r  u_shell/u_core/reg_next_pc0_carry__6/O[1]
                         net (fo=1, routed)           0.000     1.815    u_shell/u_core/reg_next_pc1_in[30]
    SLICE_X35Y29         FDRE                                         r  u_shell/u_core/reg_next_pc_reg[30]/D
  -------------------------------------------------------------------    -------------------

                         (clock clk rise edge)        0.000     0.000 r  
    N15                                               0.000     0.000 r  clk (IN)
                         net (fo=0)                   0.000     0.000    clk
    N15                  IBUF (Prop_ibuf_I_O)         0.380     0.380 r  clk_IBUF_inst/O
                         net (fo=1, routed)           0.689     1.068    clk_IBUF
    BUFGCTRL_X0Y0        BUFG (Prop_bufg_I_O)         0.029     1.097 r  clk_IBUF_BUFG_inst/O
                         net (fo=2631, routed)        0.820     1.917    u_shell/u_core/clk_IBUF_BUFG
    SLICE_X35Y29         FDRE                                         r  u_shell/u_core/reg_next_pc_reg[30]/C
                         clock pessimism             -0.251     1.665    
    SLICE_X35Y29         FDRE (Hold_fdre_C_D)         0.105     1.770    u_shell/u_core/reg_next_pc_reg[30]
  -------------------------------------------------------------------
                         required time                         -1.770    
                         arrival time                           1.815    
  -------------------------------------------------------------------
                         slack                                  0.045    





Pulse Width Checks
--------------------------------------------------------------------------------------
Clock Name:         clk
Waveform(ns):       { 0.000 10.000 }
Period(ns):         20.000
Sources:            { clk }

Check Type        Corner  Lib Pin     Reference Pin  Required(ns)  Actual(ns)  Slack(ns)  Location       Pin
Min Period        n/a     BUFG/I      n/a            2.155         20.000      17.845     BUFGCTRL_X0Y0  clk_IBUF_BUFG_inst/I
Low Pulse Width   Slow    RAMD32/CLK  n/a            1.250         10.000      8.750      SLICE_X30Y18   u_shell/u_core/cpuregs_reg_r1_0_31_0_5/RAMA/CLK
High Pulse Width  Slow    RAMD32/CLK  n/a            1.250         10.000      8.750      SLICE_X30Y18   u_shell/u_core/cpuregs_reg_r1_0_31_0_5/RAMA/CLK



