research/results/gem5_arm_ubuntu_fs_cachesvc_app/cachesvc_app_medium_key_summary.csv__seed2__poison1 imported: 8 rows, checksum 0x3d38f00f0464cb72, rc=0
research/results/gem5_arm_ubuntu_fs_cachesvc_app/cachesvc_app_small_nopoison_clean_summary.csv__seed2__poison0 imported: 4 rows, checksum 0x682aa446a5c2e164, rc=0
research/results/gem5_arm_ubuntu_fs_cachesvc_app/cachesvc_app_small_nopoison_summary.csv__seed2__poison0 imported: 4 rows, checksum 0xf9f951c6806f2131, rc=0
research/results/gem5_arm_ubuntu_fs_cachesvc_app/cachesvc_app_small_seed3_summary.csv__seed3__poison1 imported: 4 rows, checksum 0xe7084bb32bf4d77d, rc=0
research/results/gem5_arm_ubuntu_fs_cachesvc_app/cachesvc_app_small_summary.csv__seed2__poison1 imported: 8 rows, checksum 0xd8e12b7b2c5a2f4b, rc=0
research/results/gem5_arm_ubuntu_fs_cachesvc_app/cachesvc_app_smoke_summary.csv__seed1__poison1 skipped: no COPPER policy row
research/results/gem5_arm_ubuntu_fs_cachesvc_app/cachesvc_app_smoke_summary.csv skipped: no validated comparable COPPER group
research/results/gem5_arm_ubuntu_fs_dmp_oracle/dmp_oracle_i512_p4_probe1_evict512_seed1111_summary.csv__secret1__seed0x1111111111111111 imported: 4 rows, checksum 0x96c3760895107454, rc=0
research/results/gem5_arm_ubuntu_fs_dmp_oracle/dmp_oracle_i512_p4_probe1_evict512_seed1111_summary.csv__secret0__seed0x1111111111111111 imported: 4 rows, checksum 0x53bf73c342d826d7, rc=0
research/results/gem5_arm_ubuntu_fs_dmp_oracle/dmp_oracle_i512_p4_probe1_evict512_seed2222_summary.csv__secret1__seed0x2222222222222222 imported: 4 rows, checksum 0x4477596c33b37adc, rc=0
research/results/gem5_arm_ubuntu_fs_dmp_oracle/dmp_oracle_i512_p4_probe1_evict512_seed2222_summary.csv__secret0__seed0x2222222222222222 imported: 4 rows, checksum 0x0f6d19ed179350f1, rc=0
research/results/gem5_arm_ubuntu_fs_dmp_oracle/dmp_oracle_i512_p4_probe1_evict512_split_seed1111_summary.csv__secret0__phaseprobe skipped: no none baseline row
research/results/gem5_arm_ubuntu_fs_dmp_oracle/dmp_oracle_i512_p4_probe1_evict512_split_seed1111_summary.csv__secret1__phaseprobe skipped: no none baseline row
research/results/gem5_arm_ubuntu_fs_dmp_oracle/dmp_oracle_i512_p4_probe1_evict512_split_seed1111_summary.csv__secret0__phasescan skipped: no none baseline row
research/results/gem5_arm_ubuntu_fs_dmp_oracle/dmp_oracle_i512_p4_probe1_evict512_split_seed1111_summary.csv__secret1__phasescan skipped: no none baseline row
research/results/gem5_arm_ubuntu_fs_dmp_oracle/dmp_oracle_i512_p4_probe1_evict512_split_seed1111_summary.csv skipped: no validated comparable COPPER group
research/results/gem5_arm_ubuntu_fs_dmp_oracle/dmp_oracle_i512_p4_probe1_evict512_split_seed2222_summary.csv__secret0__phaseprobe skipped: no none baseline row
research/results/gem5_arm_ubuntu_fs_dmp_oracle/dmp_oracle_i512_p4_probe1_evict512_split_seed2222_summary.csv__secret1__phaseprobe skipped: no none baseline row
research/results/gem5_arm_ubuntu_fs_dmp_oracle/dmp_oracle_i512_p4_probe1_evict512_split_seed2222_summary.csv__secret0__phasescan skipped: no none baseline row
research/results/gem5_arm_ubuntu_fs_dmp_oracle/dmp_oracle_i512_p4_probe1_evict512_split_seed2222_summary.csv__secret1__phasescan skipped: no none baseline row
research/results/gem5_arm_ubuntu_fs_dmp_oracle/dmp_oracle_i512_p4_probe1_evict512_split_seed2222_summary.csv skipped: no validated comparable COPPER group
research/results/gem5_arm_ubuntu_fs_dmp_oracle/dmp_oracle_i512_p4_probe1_evict512_split_summary.csv__secret0__phaseprobe skipped: no none baseline row
research/results/gem5_arm_ubuntu_fs_dmp_oracle/dmp_oracle_i512_p4_probe1_evict512_split_summary.csv__secret1__phaseprobe skipped: no none baseline row
research/results/gem5_arm_ubuntu_fs_dmp_oracle/dmp_oracle_i512_p4_probe1_evict512_split_summary.csv__secret0__phasescan skipped: no none baseline row
research/results/gem5_arm_ubuntu_fs_dmp_oracle/dmp_oracle_i512_p4_probe1_evict512_split_summary.csv__secret1__phasescan skipped: no none baseline row
research/results/gem5_arm_ubuntu_fs_dmp_oracle/dmp_oracle_i512_p4_probe1_evict512_split_summary.csv skipped: no validated comparable COPPER group
research/results/gem5_arm_ubuntu_fs_dmp_oracle/dmp_oracle_i512_p4_probe1_evict512_summary.csv__secret1__seed0x243f6a8885a308d3 imported: 5 rows, checksum 0xe5e53008ded25635, rc=0
research/results/gem5_arm_ubuntu_fs_dmp_oracle/dmp_oracle_i512_p4_probe1_evict512_summary.csv__secret0__seed0x243f6a8885a308d3 imported: 5 rows, checksum 0x6f1909fce4881465, rc=0
research/results/gem5_arm_ubuntu_fs_dmp_oracle/dmp_oracle_i8192_p4_summary.csv__secret1__seed0x243f6a8885a308d3 imported: 5 rows, checksum 0xc0674c67544e8c9c, rc=0
research/results/gem5_arm_ubuntu_fs_dmp_oracle/dmp_oracle_i8192_p4_summary.csv__secret0__seed0x243f6a8885a308d3 imported: 5 rows, checksum 0x97d54e867ddf3720, rc=0
research/results/gem5_arm_ubuntu_fs_duktape_app/duktape_app_medium_seed1_summary.csv__seed1__poison1 imported: 5 rows, checksum 0x74d2383b, rc=0
research/results/gem5_arm_ubuntu_fs_duktape_app/duktape_app_medium_seed2_summary.csv__seed2__poison1 imported: 5 rows, checksum 0x1366b30f, rc=0
research/results/gem5_arm_ubuntu_fs_duktape_app/duktape_app_medium_summary.csv__poison1 imported: 8 rows, checksum 0x2e53ef0, rc=0
research/results/gem5_arm_ubuntu_fs_duktape_app/duktape_app_small_summary.csv__poison1 imported: 5 rows, checksum 0x100210c6, rc=0
research/results/gem5_arm_ubuntu_fs_duktape_app/duktape_app_stress_seed1_summary.csv__seed1__poison1 imported: 5 rows, checksum 0xa2dd29e, rc=0
research/results/gem5_arm_ubuntu_fs_duktape_app/duktape_app_stress_summary.csv__poison1 imported: 8 rows, checksum 0x3928cced, rc=0
research/results/gem5_arm_ubuntu_fs_gapbs_mini_large/gapbs_mini_large_fs_summary.csv skipped: no COPPER policy row
research/results/gem5_arm_ubuntu_fs_gapbs_mini_large/gapbs_mini_large_fs_summary.csv skipped: no none baseline row
research/results/gem5_arm_ubuntu_fs_gapbs_mini_large/gapbs_mini_large_fs_summary.csv skipped: no none baseline row
research/results/gem5_arm_ubuntu_fs_gapbs_mini_large/gapbs_mini_large_fs_summary.csv skipped: no none baseline row
research/results/gem5_arm_ubuntu_fs_gapbs_mini_large/gapbs_mini_large_fs_summary.csv skipped: no validated comparable COPPER group
research/results/gem5_arm_ubuntu_fs_gapbs_official/gapbs_official_bfs_g10_fs_summary.csv skipped: no none baseline row
research/results/gem5_arm_ubuntu_fs_gapbs_official/gapbs_official_bfs_g10_fs_summary.csv skipped: no none baseline row
research/results/gem5_arm_ubuntu_fs_gapbs_official/gapbs_official_bfs_g10_fs_summary.csv skipped: no COPPER policy row
research/results/gem5_arm_ubuntu_fs_gapbs_official/gapbs_official_bfs_g10_fs_summary.csv skipped: no validated comparable COPPER group
research/results/gem5_arm_ubuntu_fs_gapbs_official_suite/gapbs_official_suite6_clpd64_g10_fs_summary.csv skipped: no none baseline row
research/results/gem5_arm_ubuntu_fs_gapbs_official_suite/gapbs_official_suite6_clpd64_g10_fs_summary.csv skipped: no none baseline row
research/results/gem5_arm_ubuntu_fs_gapbs_official_suite/gapbs_official_suite6_clpd64_g10_fs_summary.csv skipped: no COPPER policy row
research/results/gem5_arm_ubuntu_fs_gapbs_official_suite/gapbs_official_suite6_clpd64_g10_fs_summary.csv skipped: no none baseline row
research/results/gem5_arm_ubuntu_fs_gapbs_official_suite/gapbs_official_suite6_clpd64_g10_fs_summary.csv skipped: no none baseline row
research/results/gem5_arm_ubuntu_fs_gapbs_official_suite/gapbs_official_suite6_clpd64_g10_fs_summary.csv skipped: no COPPER policy row
research/results/gem5_arm_ubuntu_fs_gapbs_official_suite/gapbs_official_suite6_clpd64_g10_fs_summary.csv skipped: no none baseline row
research/results/gem5_arm_ubuntu_fs_gapbs_official_suite/gapbs_official_suite6_clpd64_g10_fs_summary.csv skipped: no none baseline row
research/results/gem5_arm_ubuntu_fs_gapbs_official_suite/gapbs_official_suite6_clpd64_g10_fs_summary.csv skipped: no none baseline row
research/results/gem5_arm_ubuntu_fs_gapbs_official_suite/gapbs_official_suite6_clpd64_g10_fs_summary.csv skipped: no none baseline row
research/results/gem5_arm_ubuntu_fs_gapbs_official_suite/gapbs_official_suite6_clpd64_g10_fs_summary.csv skipped: no COPPER policy row
research/results/gem5_arm_ubuntu_fs_gapbs_official_suite/gapbs_official_suite6_clpd64_g10_fs_summary.csv skipped: no none baseline row
research/results/gem5_arm_ubuntu_fs_gapbs_official_suite/gapbs_official_suite6_clpd64_g10_fs_summary.csv skipped: no none baseline row
research/results/gem5_arm_ubuntu_fs_gapbs_official_suite/gapbs_official_suite6_clpd64_g10_fs_summary.csv skipped: no none baseline row
research/results/gem5_arm_ubuntu_fs_gapbs_official_suite/gapbs_official_suite6_clpd64_g10_fs_summary.csv skipped: no COPPER policy row
research/results/gem5_arm_ubuntu_fs_gapbs_official_suite/gapbs_official_suite6_clpd64_g10_fs_summary.csv skipped: no none baseline row
research/results/gem5_arm_ubuntu_fs_gapbs_official_suite/gapbs_official_suite6_clpd64_g10_fs_summary.csv skipped: no none baseline row
research/results/gem5_arm_ubuntu_fs_gapbs_official_suite/gapbs_official_suite6_clpd64_g10_fs_summary.csv skipped: no COPPER policy row
research/results/gem5_arm_ubuntu_fs_gapbs_official_suite/gapbs_official_suite6_clpd64_g10_fs_summary.csv skipped: no none baseline row
research/results/gem5_arm_ubuntu_fs_gapbs_official_suite/gapbs_official_suite6_clpd64_g10_fs_summary.csv skipped: no none baseline row
research/results/gem5_arm_ubuntu_fs_gapbs_official_suite/gapbs_official_suite6_clpd64_g10_fs_summary.csv skipped: no COPPER policy row
research/results/gem5_arm_ubuntu_fs_gapbs_official_suite/gapbs_official_suite6_clpd64_g10_fs_summary.csv skipped: no none baseline row
research/results/gem5_arm_ubuntu_fs_gapbs_official_suite/gapbs_official_suite6_clpd64_g10_fs_summary.csv skipped: no none baseline row
research/results/gem5_arm_ubuntu_fs_gapbs_official_suite/gapbs_official_suite6_clpd64_g10_fs_summary.csv skipped: no none baseline row
research/results/gem5_arm_ubuntu_fs_gapbs_official_suite/gapbs_official_suite6_clpd64_g10_fs_summary.csv skipped: no validated comparable COPPER group
research/results/gem5_arm_ubuntu_fs_gapbs_official_suite/gapbs_official_suite6_g10_fs_summary.csv skipped: no none baseline row
research/results/gem5_arm_ubuntu_fs_gapbs_official_suite/gapbs_official_suite6_g10_fs_summary.csv skipped: no none baseline row
research/results/gem5_arm_ubuntu_fs_gapbs_official_suite/gapbs_official_suite6_g10_fs_summary.csv skipped: no none baseline row
research/results/gem5_arm_ubuntu_fs_gapbs_official_suite/gapbs_official_suite6_g10_fs_summary.csv skipped: no COPPER policy row
research/results/gem5_arm_ubuntu_fs_gapbs_official_suite/gapbs_official_suite6_g10_fs_summary.csv skipped: no none baseline row
research/results/gem5_arm_ubuntu_fs_gapbs_official_suite/gapbs_official_suite6_g10_fs_summary.csv skipped: no none baseline row
research/results/gem5_arm_ubuntu_fs_gapbs_official_suite/gapbs_official_suite6_g10_fs_summary.csv skipped: no none baseline row
research/results/gem5_arm_ubuntu_fs_gapbs_official_suite/gapbs_official_suite6_g10_fs_summary.csv skipped: no COPPER policy row
research/results/gem5_arm_ubuntu_fs_gapbs_official_suite/gapbs_official_suite6_g10_fs_summary.csv skipped: no none baseline row
research/results/gem5_arm_ubuntu_fs_gapbs_official_suite/gapbs_official_suite6_g10_fs_summary.csv skipped: no none baseline row
research/results/gem5_arm_ubuntu_fs_gapbs_official_suite/gapbs_official_suite6_g10_fs_summary.csv skipped: no none baseline row
research/results/gem5_arm_ubuntu_fs_gapbs_official_suite/gapbs_official_suite6_g10_fs_summary.csv skipped: no none baseline row
research/results/gem5_arm_ubuntu_fs_gapbs_official_suite/gapbs_official_suite6_g10_fs_summary.csv skipped: no none baseline row
research/results/gem5_arm_ubuntu_fs_gapbs_official_suite/gapbs_official_suite6_g10_fs_summary.csv skipped: no COPPER policy row
research/results/gem5_arm_ubuntu_fs_gapbs_official_suite/gapbs_official_suite6_g10_fs_summary.csv skipped: no none baseline row
research/results/gem5_arm_ubuntu_fs_gapbs_official_suite/gapbs_official_suite6_g10_fs_summary.csv skipped: no none baseline row
research/results/gem5_arm_ubuntu_fs_gapbs_official_suite/gapbs_official_suite6_g10_fs_summary.csv skipped: no none baseline row
research/results/gem5_arm_ubuntu_fs_gapbs_official_suite/gapbs_official_suite6_g10_fs_summary.csv skipped: no COPPER policy row
research/results/gem5_arm_ubuntu_fs_gapbs_official_suite/gapbs_official_suite6_g10_fs_summary.csv skipped: no none baseline row
research/results/gem5_arm_ubuntu_fs_gapbs_official_suite/gapbs_official_suite6_g10_fs_summary.csv skipped: no none baseline row
research/results/gem5_arm_ubuntu_fs_gapbs_official_suite/gapbs_official_suite6_g10_fs_summary.csv skipped: no none baseline row
research/results/gem5_arm_ubuntu_fs_gapbs_official_suite/gapbs_official_suite6_g10_fs_summary.csv skipped: no none baseline row
research/results/gem5_arm_ubuntu_fs_gapbs_official_suite/gapbs_official_suite6_g10_fs_summary.csv skipped: no COPPER policy row
research/results/gem5_arm_ubuntu_fs_gapbs_official_suite/gapbs_official_suite6_g10_fs_summary.csv skipped: no none baseline row
research/results/gem5_arm_ubuntu_fs_gapbs_official_suite/gapbs_official_suite6_g10_fs_summary.csv skipped: no none baseline row
research/results/gem5_arm_ubuntu_fs_gapbs_official_suite/gapbs_official_suite6_g10_fs_summary.csv skipped: no COPPER policy row
research/results/gem5_arm_ubuntu_fs_gapbs_official_suite/gapbs_official_suite6_g10_fs_summary.csv skipped: no none baseline row
research/results/gem5_arm_ubuntu_fs_gapbs_official_suite/gapbs_official_suite6_g10_fs_summary.csv skipped: no none baseline row
research/results/gem5_arm_ubuntu_fs_gapbs_official_suite/gapbs_official_suite6_g10_fs_summary.csv skipped: no none baseline row
research/results/gem5_arm_ubuntu_fs_gapbs_official_suite/gapbs_official_suite6_g10_fs_summary.csv skipped: no none baseline row
research/results/gem5_arm_ubuntu_fs_gapbs_official_suite/gapbs_official_suite6_g10_fs_summary.csv skipped: no validated comparable COPPER group
research/results/gem5_arm_ubuntu_fs_gapbs_official_suite/gapbs_official_suite_final_g14_fs_summary.csv skipped: no none baseline row
research/results/gem5_arm_ubuntu_fs_gapbs_official_suite/gapbs_official_suite_final_g14_fs_summary.csv skipped: no none baseline row
research/results/gem5_arm_ubuntu_fs_gapbs_official_suite/gapbs_official_suite_final_g14_fs_summary.csv skipped: no none baseline row
research/results/gem5_arm_ubuntu_fs_gapbs_official_suite/gapbs_official_suite_final_g14_fs_summary.csv skipped: no COPPER policy row
research/results/gem5_arm_ubuntu_fs_gapbs_official_suite/gapbs_official_suite_final_g14_fs_summary.csv skipped: no COPPER policy row
research/results/gem5_arm_ubuntu_fs_gapbs_official_suite/gapbs_official_suite_final_g14_fs_summary.csv skipped: no none baseline row
research/results/gem5_arm_ubuntu_fs_gapbs_official_suite/gapbs_official_suite_final_g14_fs_summary.csv skipped: no none baseline row
research/results/gem5_arm_ubuntu_fs_gapbs_official_suite/gapbs_official_suite_final_g14_fs_summary.csv skipped: no none baseline row
research/results/gem5_arm_ubuntu_fs_gapbs_official_suite/gapbs_official_suite_final_g14_fs_summary.csv skipped: no none baseline row
research/results/gem5_arm_ubuntu_fs_gapbs_official_suite/gapbs_official_suite_final_g14_fs_summary.csv skipped: no none baseline row
research/results/gem5_arm_ubuntu_fs_gapbs_official_suite/gapbs_official_suite_final_g14_fs_summary.csv skipped: no none baseline row
research/results/gem5_arm_ubuntu_fs_gapbs_official_suite/gapbs_official_suite_final_g14_fs_summary.csv skipped: no COPPER policy row
research/results/gem5_arm_ubuntu_fs_gapbs_official_suite/gapbs_official_suite_final_g14_fs_summary.csv skipped: no COPPER policy row
research/results/gem5_arm_ubuntu_fs_gapbs_official_suite/gapbs_official_suite_final_g14_fs_summary.csv skipped: no none baseline row
research/results/gem5_arm_ubuntu_fs_gapbs_official_suite/gapbs_official_suite_final_g14_fs_summary.csv skipped: no none baseline row
research/results/gem5_arm_ubuntu_fs_gapbs_official_suite/gapbs_official_suite_final_g14_fs_summary.csv skipped: no none baseline row
research/results/gem5_arm_ubuntu_fs_gapbs_official_suite/gapbs_official_suite_final_g14_fs_summary.csv skipped: no validated comparable COPPER group
research/results/gem5_arm_ubuntu_fs_gapbs_official_suite/gapbs_official_suite_g10_fs_summary.csv skipped: no none baseline row
research/results/gem5_arm_ubuntu_fs_gapbs_official_suite/gapbs_official_suite_g10_fs_summary.csv skipped: no none baseline row
research/results/gem5_arm_ubuntu_fs_gapbs_official_suite/gapbs_official_suite_g10_fs_summary.csv skipped: no COPPER policy row
research/results/gem5_arm_ubuntu_fs_gapbs_official_suite/gapbs_official_suite_g10_fs_summary.csv skipped: no none baseline row
research/results/gem5_arm_ubuntu_fs_gapbs_official_suite/gapbs_official_suite_g10_fs_summary.csv skipped: no none baseline row
research/results/gem5_arm_ubuntu_fs_gapbs_official_suite/gapbs_official_suite_g10_fs_summary.csv skipped: no COPPER policy row
research/results/gem5_arm_ubuntu_fs_gapbs_official_suite/gapbs_official_suite_g10_fs_summary.csv skipped: no none baseline row
research/results/gem5_arm_ubuntu_fs_gapbs_official_suite/gapbs_official_suite_g10_fs_summary.csv skipped: no none baseline row
research/results/gem5_arm_ubuntu_fs_gapbs_official_suite/gapbs_official_suite_g10_fs_summary.csv skipped: no COPPER policy row
research/results/gem5_arm_ubuntu_fs_gapbs_official_suite/gapbs_official_suite_g10_fs_summary.csv skipped: no none baseline row
research/results/gem5_arm_ubuntu_fs_gapbs_official_suite/gapbs_official_suite_g10_fs_summary.csv skipped: no none baseline row
research/results/gem5_arm_ubuntu_fs_gapbs_official_suite/gapbs_official_suite_g10_fs_summary.csv skipped: no COPPER policy row
research/results/gem5_arm_ubuntu_fs_gapbs_official_suite/gapbs_official_suite_g10_fs_summary.csv skipped: no validated comparable COPPER group
research/results/gem5_arm_ubuntu_fs_gapbs_official_suite/gapbs_official_suite_g12_fs_summary.csv skipped: no none baseline row
research/results/gem5_arm_ubuntu_fs_gapbs_official_suite/gapbs_official_suite_g12_fs_summary.csv skipped: no none baseline row
research/results/gem5_arm_ubuntu_fs_gapbs_official_suite/gapbs_official_suite_g12_fs_summary.csv skipped: no COPPER policy row
research/results/gem5_arm_ubuntu_fs_gapbs_official_suite/gapbs_official_suite_g12_fs_summary.csv skipped: no none baseline row
research/results/gem5_arm_ubuntu_fs_gapbs_official_suite/gapbs_official_suite_g12_fs_summary.csv skipped: no none baseline row
research/results/gem5_arm_ubuntu_fs_gapbs_official_suite/gapbs_official_suite_g12_fs_summary.csv skipped: no COPPER policy row
research/results/gem5_arm_ubuntu_fs_gapbs_official_suite/gapbs_official_suite_g12_fs_summary.csv skipped: no COPPER policy row
research/results/gem5_arm_ubuntu_fs_gapbs_official_suite/gapbs_official_suite_g12_fs_summary.csv skipped: no none baseline row
research/results/gem5_arm_ubuntu_fs_gapbs_official_suite/gapbs_official_suite_g12_fs_summary.csv skipped: no none baseline row
research/results/gem5_arm_ubuntu_fs_gapbs_official_suite/gapbs_official_suite_g12_fs_summary.csv skipped: no COPPER policy row
research/results/gem5_arm_ubuntu_fs_gapbs_official_suite/gapbs_official_suite_g12_fs_summary.csv skipped: no none baseline row
research/results/gem5_arm_ubuntu_fs_gapbs_official_suite/gapbs_official_suite_g12_fs_summary.csv skipped: no none baseline row
research/results/gem5_arm_ubuntu_fs_gapbs_official_suite/gapbs_official_suite_g12_fs_summary.csv skipped: no validated comparable COPPER group
research/results/gem5_arm_ubuntu_fs_gapbs_official_suite/gapbs_official_suite_g14_fs_summary.csv skipped: no none baseline row
research/results/gem5_arm_ubuntu_fs_gapbs_official_suite/gapbs_official_suite_g14_fs_summary.csv skipped: no none baseline row
research/results/gem5_arm_ubuntu_fs_gapbs_official_suite/gapbs_official_suite_g14_fs_summary.csv skipped: no COPPER policy row
research/results/gem5_arm_ubuntu_fs_gapbs_official_suite/gapbs_official_suite_g14_fs_summary.csv skipped: no COPPER policy row
research/results/gem5_arm_ubuntu_fs_gapbs_official_suite/gapbs_official_suite_g14_fs_summary.csv skipped: no none baseline row
research/results/gem5_arm_ubuntu_fs_gapbs_official_suite/gapbs_official_suite_g14_fs_summary.csv skipped: no none baseline row
research/results/gem5_arm_ubuntu_fs_gapbs_official_suite/gapbs_official_suite_g14_fs_summary.csv skipped: no none baseline row
research/results/gem5_arm_ubuntu_fs_gapbs_official_suite/gapbs_official_suite_g14_fs_summary.csv skipped: no none baseline row
research/results/gem5_arm_ubuntu_fs_gapbs_official_suite/gapbs_official_suite_g14_fs_summary.csv skipped: no COPPER policy row
research/results/gem5_arm_ubuntu_fs_gapbs_official_suite/gapbs_official_suite_g14_fs_summary.csv skipped: no COPPER policy row
research/results/gem5_arm_ubuntu_fs_gapbs_official_suite/gapbs_official_suite_g14_fs_summary.csv skipped: no none baseline row
research/results/gem5_arm_ubuntu_fs_gapbs_official_suite/gapbs_official_suite_g14_fs_summary.csv skipped: no none baseline row
research/results/gem5_arm_ubuntu_fs_gapbs_official_suite/gapbs_official_suite_g14_fs_summary.csv skipped: no validated comparable COPPER group
research/results/gem5_arm_ubuntu_fs_heap_roi/heap_pointer_roi_n32768_fakeonly_f4_summary.csv__seed0x9e3779b97f4a7c15 imported: 6 rows, checksum 0x0000fffff79f9c40, rc=0
research/results/gem5_arm_ubuntu_fs_heap_roi/heap_pointer_roi_n32768_p16_f4_fs_summary.csv imported: 9 rows, checksum 0xf825702162b17810, rc=0
research/results/gem5_arm_ubuntu_fs_heap_roi/heap_pointer_roi_n32768_p16_f4_fs_summary.csv__seed0x9e3779b97f4a7c15 skipped: no none baseline row
research/results/gem5_arm_ubuntu_fs_heap_roi/heap_pointer_roi_n32768_p16_f4_seed_sweep_summary.csv__seed0x9e3779b97f4a7c15 skipped: no none baseline row
research/results/gem5_arm_ubuntu_fs_heap_roi/heap_pointer_roi_n32768_p16_f4_seed_sweep_summary.csv__seed0x0000000000000002 skipped: no none baseline row
research/results/gem5_arm_ubuntu_fs_heap_roi/heap_pointer_roi_n32768_p16_f4_seed_sweep_summary.csv__seed0x0000000000000002 skipped: no none baseline row
research/results/gem5_arm_ubuntu_fs_heap_roi/heap_pointer_roi_n32768_p16_f4_seed_sweep_summary.csv__seed0x9e3779b97f4a7c15 skipped: no none baseline row
research/results/gem5_arm_ubuntu_fs_heap_roi/heap_pointer_roi_n32768_p16_f4_seed_sweep_summary.csv__seed0x0000000000000003 skipped: no none baseline row
research/results/gem5_arm_ubuntu_fs_heap_roi/heap_pointer_roi_n32768_p16_f4_seed_sweep_summary.csv__seed0x0000000000000003 skipped: no none baseline row
research/results/gem5_arm_ubuntu_fs_heap_roi/heap_pointer_roi_n32768_p16_f4_seed_sweep_summary.csv__seed0x0000000000000002 skipped: no COPPER policy row
research/results/gem5_arm_ubuntu_fs_heap_roi/heap_pointer_roi_n32768_p16_f4_seed_sweep_summary.csv__seed0x0000000000000003 skipped: no COPPER policy row
research/results/gem5_arm_ubuntu_fs_heap_roi/heap_pointer_roi_n32768_p16_f4_seed_sweep_summary.csv__seed0x9e3779b97f4a7c15 skipped: no COPPER policy row
research/results/gem5_arm_ubuntu_fs_heap_roi/heap_pointer_roi_n32768_p16_f4_seed_sweep_summary.csv__seed0x0000000000000002 skipped: no none baseline row
research/results/gem5_arm_ubuntu_fs_heap_roi/heap_pointer_roi_n32768_p16_f4_seed_sweep_summary.csv__seed0x0000000000000003 skipped: no none baseline row
research/results/gem5_arm_ubuntu_fs_heap_roi/heap_pointer_roi_n32768_p16_f4_seed_sweep_summary.csv__seed0x9e3779b97f4a7c15 skipped: no none baseline row
research/results/gem5_arm_ubuntu_fs_heap_roi/heap_pointer_roi_n32768_p16_f4_seed_sweep_summary.csv skipped: no validated comparable COPPER group
research/results/gem5_arm_ubuntu_fs_heap_stress/heap_pointer_stress_n65536_p8_fs_summary.csv skipped: no none baseline row
research/results/gem5_arm_ubuntu_fs_heap_stress/heap_pointer_stress_n65536_p8_fs_summary.csv skipped: no none baseline row
research/results/gem5_arm_ubuntu_fs_heap_stress/heap_pointer_stress_n65536_p8_fs_summary.csv skipped: no none baseline row
research/results/gem5_arm_ubuntu_fs_heap_stress/heap_pointer_stress_n65536_p8_fs_summary.csv skipped: no none baseline row
research/results/gem5_arm_ubuntu_fs_heap_stress/heap_pointer_stress_n65536_p8_fs_summary.csv skipped: no COPPER policy row
research/results/gem5_arm_ubuntu_fs_heap_stress/heap_pointer_stress_n65536_p8_fs_summary.csv skipped: no none baseline row
research/results/gem5_arm_ubuntu_fs_heap_stress/heap_pointer_stress_n65536_p8_fs_summary.csv skipped: no validated comparable COPPER group
research/results/gem5_arm_ubuntu_fs_jsonsqlite_app/jsonsqlite_app_medium_summary.csv__seed3__poison1 imported: 8 rows, checksum 0xb8236aed9f7723ec, rc=0
research/results/gem5_arm_ubuntu_fs_jsonsqlite_app/jsonsqlite_app_smoke256_summary.csv__seed1__poison1 imported: 8 rows, checksum 0x536e2ca440f16afb, rc=0
research/results/gem5_arm_ubuntu_fs_jsonsqlite_app/jsonsqlite_app_smoke_summary.csv skipped: no COPPER policy row
research/results/gem5_arm_ubuntu_fs_jsonsqlite_app/jsonsqlite_app_smoke_summary.csv skipped: no validated comparable COPPER group
research/results/gem5_arm_ubuntu_fs_jsonsqlite_app/jsonsqlite_app_stress_summary.csv__seed4__poison1 imported: 8 rows, checksum 0x349368bc3162ec49, rc=0
research/results/gem5_arm_ubuntu_fs_jsonsqlite_app/jsonsqlite_medium_seed1_summary.csv__seed1__poison1 imported: 5 rows, checksum 0x0ba31ab66d915ce3, rc=0
research/results/gem5_arm_ubuntu_fs_jsonsqlite_app/jsonsqlite_stress_seed1_summary.csv__seed5__poison1 imported: 5 rows, checksum 0x140fe495c0a04aef, rc=0
research/results/gem5_arm_ubuntu_fs_libarchive_app/libarchive_tar_tiny_full_summary.csv__seed0 imported: 5 rows, checksum 0x950941dc0c18ee4d, rc=0
research/results/gem5_arm_ubuntu_fs_libxml2_app/libxml2_xml_tiny_full_summary.csv__seed0 imported: 5 rows, checksum 0x45392e595faf2f7d, rc=0
research/results/gem5_arm_ubuntu_fs_lua_app/lua_app_medium_seed1_summary.csv__seed1__poison1 imported: 5 rows, checksum 0xb0f65a6, rc=0
research/results/gem5_arm_ubuntu_fs_lua_app/lua_app_medium_seed2_summary.csv__seed2__poison1 imported: 5 rows, checksum 0x40166f35, rc=0
research/results/gem5_arm_ubuntu_fs_lua_app/lua_app_medium_summary.csv__seed0__poison1 skipped: no none baseline row
research/results/gem5_arm_ubuntu_fs_lua_app/lua_app_medium_summary.csv__poison1 imported: 5 rows, checksum 0x1087e661, rc=0
research/results/gem5_arm_ubuntu_fs_lua_app/lua_app_small_nopoison_summary.csv__poison0 imported: 3 rows, checksum 0xa39a7f, rc=0
research/results/gem5_arm_ubuntu_fs_lua_app/lua_app_small_seed1_summary.csv__seed1__poison1 imported: 5 rows, checksum 0x5e756776, rc=0
research/results/gem5_arm_ubuntu_fs_lua_app/lua_app_small_seed2_summary.csv__seed2__poison1 imported: 5 rows, checksum 0x4ea7ed5e, rc=0
research/results/gem5_arm_ubuntu_fs_lua_app/lua_app_small_summary.csv__poison1 imported: 10 rows, checksum 0xa39a7f, rc=0
research/results/gem5_arm_ubuntu_fs_lua_app/lua_app_stress_seed1_summary.csv__seed1__poison1 imported: 5 rows, checksum 0x55b97fa9, rc=0
research/results/gem5_arm_ubuntu_fs_lua_app/lua_app_stress_summary.csv__seed0__poison1 imported: 8 rows, checksum 0x7c4170c4, rc=0
research/results/gem5_arm_ubuntu_fs_mibench_patricia_app/mibench_patricia_patricia_large12288_seed1_summary.csv__seed1 imported: 5 rows, checksum 0xe4dc12fd1dcd52b0, rc=0
research/results/gem5_arm_ubuntu_fs_mibench_patricia_app/mibench_patricia_patricia_large12288_summary.csv__seed0 imported: 5 rows, checksum 0x60874357358c1fc4, rc=0
research/results/gem5_arm_ubuntu_fs_mibench_patricia_app/mibench_patricia_patricia_preprobe_summary.csv__seed0 imported: 5 rows, checksum 0xe9324f49c2b21a34, rc=0
research/results/gem5_arm_ubuntu_fs_mibench_patricia_app/mibench_patricia_patricia_small2048_summary.csv__seed0 imported: 5 rows, checksum 0x11f999a2549d757f, rc=0
research/results/gem5_arm_ubuntu_fs_mibench_patricia_app/mibench_patricia_patricia_small8192_summary.csv__seed0 imported: 5 rows, checksum 0xd4f96d52a9711657, rc=0
research/results/gem5_arm_ubuntu_fs_olden_suite/olden_suite3_medium_randomalloc_summary.csv skipped: checksum mismatch or missing checksum
research/results/gem5_arm_ubuntu_fs_olden_suite/olden_suite3_medium_randomalloc_summary.csv skipped: checksum mismatch or missing checksum
research/results/gem5_arm_ubuntu_fs_olden_suite/olden_suite3_medium_randomalloc_summary.csv skipped: checksum mismatch or missing checksum
research/results/gem5_arm_ubuntu_fs_olden_suite/olden_suite3_medium_randomalloc_summary.csv skipped: no validated comparable COPPER group
research/results/gem5_arm_ubuntu_fs_olden_suite/olden_suite4_randomalloc_summary.csv skipped: checksum mismatch or missing checksum
research/results/gem5_arm_ubuntu_fs_olden_suite/olden_suite4_randomalloc_summary.csv skipped: checksum mismatch or missing checksum
research/results/gem5_arm_ubuntu_fs_olden_suite/olden_suite4_randomalloc_summary.csv skipped: checksum mismatch or missing checksum
research/results/gem5_arm_ubuntu_fs_olden_suite/olden_suite4_randomalloc_summary.csv skipped: checksum mismatch or missing checksum
research/results/gem5_arm_ubuntu_fs_olden_suite/olden_suite4_randomalloc_summary.csv skipped: no validated comparable COPPER group
research/results/gem5_arm_ubuntu_fs_olden_suite/olden_suite4_small_summary.csv skipped: checksum mismatch or missing checksum
research/results/gem5_arm_ubuntu_fs_olden_suite/olden_suite4_small_summary.csv skipped: checksum mismatch or missing checksum
research/results/gem5_arm_ubuntu_fs_olden_suite/olden_suite4_small_summary.csv skipped: checksum mismatch or missing checksum
research/results/gem5_arm_ubuntu_fs_olden_suite/olden_suite4_small_summary.csv skipped: checksum mismatch or missing checksum
research/results/gem5_arm_ubuntu_fs_olden_suite/olden_suite4_small_summary.csv skipped: no validated comparable COPPER group
research/results/gem5_arm_ubuntu_fs_osslcli_app/osslcli_aesctr_64k_seed1_summary.csv__seed1__input_checksum0xe4171b559e85fb67 imported: 5 rows, checksum 101627ce8b9b4e2d933a18d13cde9f416afdd81dd76bab934d0545048efa4d59, rc=0
research/results/gem5_arm_ubuntu_fs_osslcli_app/osslcli_aesctr_64k_seed2_summary.csv__seed2__input_checksum0xd6ed7370bcfab27e imported: 5 rows, checksum 01accf653542e999c627a41a9286ad17da55a83c6cdd2b3b571ad2330357c999, rc=0
research/results/gem5_arm_ubuntu_fs_osslcli_app/osslcli_aesctr_64k_summary.csv__seed0__input_checksum0xc59a1575a221a8e6 imported: 5 rows, checksum 39839fb42f8d96fc3a570c163b6cd2edebb8467713d1de6671ede4f99382a076, rc=0
research/results/gem5_arm_ubuntu_fs_osslcli_app/osslcli_fixed_64k_seed1_summary.csv__seed1__input_checksum0xe4171b559e85fb67 imported: 5 rows, checksum 96175489d9b7d178b5966d5a9e4d65ff371dab5a1a19b421c0383341b7b42205, rc=0
research/results/gem5_arm_ubuntu_fs_osslcli_app/osslcli_fixed_64k_seed2_summary.csv__seed2__input_checksum0xd6ed7370bcfab27e imported: 5 rows, checksum 4245ac7122381c1f56607336057673ee0efb3df92844986c412e94c2f8dae710, rc=0
research/results/gem5_arm_ubuntu_fs_osslcli_app/osslcli_fixed_64k_summary.csv__seed0__input_checksum0xc59a1575a221a8e6 imported: 5 rows, checksum 77d85bbaaba62a96c40a96e4d9caf5d1265da704daade3a9f10d8e9dd8617cbe, rc=0
research/results/gem5_arm_ubuntu_fs_osslcli_app/osslcli_hmac_64k_seed1_summary.csv__seed1__input_checksum0xe4171b559e85fb67 imported: 5 rows, checksum 02a3f90dc7f9202745ee10ec61a2c92dac401d9c9e2edde2e7db10834f19f618, rc=0
research/results/gem5_arm_ubuntu_fs_osslcli_app/osslcli_hmac_64k_seed2_summary.csv__seed2__input_checksum0xd6ed7370bcfab27e imported: 5 rows, checksum 534585d466138ec1a0f392e93573b3557587c9d9ec139f14f51b702c9c80ef81, rc=0
research/results/gem5_arm_ubuntu_fs_osslcli_app/osslcli_hmac_64k_summary.csv__seed0__input_checksum0xc59a1575a221a8e6 imported: 5 rows, checksum d3be5389af52965eb3084df01f75d9ed50f9af56e0cd391d05d760e034d7130a, rc=0
research/results/gem5_arm_ubuntu_fs_osslcrypto_app/osslcrypto_app_medium_seed2_summary.csv__seed2__poison1 imported: 5 rows, checksum 0xf0f27c3e21e5f274, rc=0
research/results/gem5_arm_ubuntu_fs_osslcrypto_app/osslcrypto_app_medium_summary.csv__seed1__poison1 imported: 5 rows, checksum 0xf642ebd3ac6f45be, rc=0
research/results/gem5_arm_ubuntu_fs_osslcrypto_app/osslcrypto_app_smoke_summary.csv__seed0__poison1 imported: 8 rows, checksum 0x444a220a9b27e7d0, rc=0
research/results/gem5_arm_ubuntu_fs_osslsha_app/osslsha_app_smoke_summary.csv__seed0__poison1 imported: 8 rows, checksum 0x81965a75cf2e6850, rc=0
research/results/gem5_arm_ubuntu_fs_osslspeed_app/osslspeed_app_smoke_seed1_summary.csv__seed1__poison1 imported: 5 rows, checksum 0x93b5e788058c0a2f, rc=0
research/results/gem5_arm_ubuntu_fs_osslspeed_app/osslspeed_app_smoke_summary.csv__seed0__poison1 imported: 5 rows, checksum 0x8f37fdbf14f45f13, rc=0
research/results/gem5_arm_ubuntu_fs_ossltlsbio_app/ossltlsbio_app_medium_seed2_summary.csv__stats_section_index0__seed2__poison1 imported: 5 rows, checksum 0xca519463e18ced8f, rc=0
research/results/gem5_arm_ubuntu_fs_ossltlsbio_app/ossltlsbio_app_medium_summary.csv__stats_section_index0__seed1__poison1 imported: 5 rows, checksum 0xacd4c41671f9f25b, rc=0
research/results/gem5_arm_ubuntu_fs_ossltlsbio_app/ossltlsbio_app_smoke_summary.csv__stats_section_index0__seed0__poison1 imported: 8 rows, checksum 0x204756e92baedd9b, rc=0
research/results/gem5_arm_ubuntu_fs_ossltlsbio_app/ossltlsbio_debug1_summary.csv__seed0__poison1 skipped: no COPPER policy row
research/results/gem5_arm_ubuntu_fs_ossltlsbio_app/ossltlsbio_debug1_summary.csv skipped: no validated comparable COPPER group
research/results/gem5_arm_ubuntu_fs_ossltlssocket_app/ossltlssocket_socket_smoke_summary.csv__stats_section_index0__seed0__poison1 imported: 5 rows, checksum 0xab75647a27a441b7, rc=0
research/results/gem5_arm_ubuntu_fs_ossltlstcp_app/ossltlstcp_tcp_diag_lo_summary.csv skipped: no COPPER policy row
research/results/gem5_arm_ubuntu_fs_ossltlstcp_app/ossltlstcp_tcp_diag_lo_summary.csv skipped: no validated comparable COPPER group
research/results/gem5_arm_ubuntu_fs_ossltlstcp_app/ossltlstcp_tcp_fallback_probe_summary.csv__stats_section_index0__seed0__poison1__transportaf_unix_fallback__strict_tcp0 imported: 5 rows, checksum 0xeb221e7bd6b9662b, rc=0
research/results/gem5_arm_ubuntu_fs_ossltlstcp_app/ossltlstcp_tcp_netns_process_key1_summary.csv__stats_section_index0__seed0__poison1__transporttcp_loopback_netns_proce__strict_tcp1__netns_loopback1 imported: 5 rows, checksum 0x57e171797b39f199, rc=0
research/results/gem5_arm_ubuntu_fs_ossltlstcp_app/ossltlstcp_tcp_netns_process_scale2_summary.csv__stats_section_index0__seed2__poison1__transporttcp_loopback_netns_proce__strict_tcp1__netns_loopback1 imported: 5 rows, checksum 0x703cb54ece76864c, rc=0
research/results/gem5_arm_ubuntu_fs_ossltlstcp_app/ossltlstcp_tcp_netns_process_scale3_summary.csv__stats_section_index0__seed3__poison1__transporttcp_loopback_netns_proce__strict_tcp1__netns_loopback1 imported: 5 rows, checksum 0x46e083abee222484, rc=0
research/results/gem5_arm_ubuntu_fs_ossltlstcp_app/ossltlstcp_tcp_netns_process_seed1_summary.csv__stats_section_index0__seed1__poison1__transporttcp_loopback_netns_proce__strict_tcp1__netns_loopback1 imported: 5 rows, checksum 0x6afc80bc5e145a81, rc=0
research/results/gem5_arm_ubuntu_fs_ossltlstcp_app/ossltlstcp_tcp_netns_process_smoke_summary.csv__stats_section_index0__seed0__poison1__transporttcp_loopback_netns_proce__strict_tcp1__netns_loopback1 skipped: no COPPER policy row
research/results/gem5_arm_ubuntu_fs_ossltlstcp_app/ossltlstcp_tcp_netns_process_smoke_summary.csv skipped: no validated comparable COPPER group
research/results/gem5_arm_ubuntu_fs_ossltlstcp_app/ossltlstcp_tcp_netns_strict_summary.csv__stats_section_index0__seed0__poison1__transporttcp_loopback_netns__strict_tcp1__netns_loopback1 imported: 5 rows, checksum 0xeb221e7bd6b9662b, rc=0
research/results/gem5_arm_ubuntu_fs_ossltlstcp_app/ossltlstcp_tcp_smoke2_summary.csv skipped: no COPPER policy row
research/results/gem5_arm_ubuntu_fs_ossltlstcp_app/ossltlstcp_tcp_smoke2_summary.csv skipped: no validated comparable COPPER group
research/results/gem5_arm_ubuntu_fs_ossltlstcp_app/ossltlstcp_tcp_smoke3_summary.csv skipped: no COPPER policy row
research/results/gem5_arm_ubuntu_fs_ossltlstcp_app/ossltlstcp_tcp_smoke3_summary.csv skipped: no validated comparable COPPER group
research/results/gem5_arm_ubuntu_fs_ossltlstcp_app/ossltlstcp_tcp_smoke4_summary.csv skipped: no COPPER policy row
research/results/gem5_arm_ubuntu_fs_ossltlstcp_app/ossltlstcp_tcp_smoke4_summary.csv skipped: no validated comparable COPPER group
research/results/gem5_arm_ubuntu_fs_ossltlstcp_app/ossltlstcp_tcp_smoke5_summary.csv skipped: no COPPER policy row
research/results/gem5_arm_ubuntu_fs_ossltlstcp_app/ossltlstcp_tcp_smoke5_summary.csv skipped: no validated comparable COPPER group
research/results/gem5_arm_ubuntu_fs_ossltlstcp_app/ossltlstcp_tcp_smoke_summary.csv skipped: no COPPER policy row
research/results/gem5_arm_ubuntu_fs_ossltlstcp_app/ossltlstcp_tcp_smoke_summary.csv skipped: no validated comparable COPPER group
research/results/gem5_arm_ubuntu_fs_pcre2_app/pcre2_pcre2_seed1_summary.csv__seed1__poison1 imported: 5 rows, checksum 0xfc469fc668f4c38c, rc=0
research/results/gem5_arm_ubuntu_fs_pcre2_app/pcre2_pcre2_smoke_summary.csv__seed0__poison1 imported: 5 rows, checksum 0x70905e0adac9ac17, rc=0
research/results/gem5_arm_ubuntu_fs_sqlite_app/sqlite_app_medium_seed1_summary.csv__seed1__poison1 imported: 5 rows, checksum 0xa30dd416ccc0683e, rc=0
research/results/gem5_arm_ubuntu_fs_sqlite_app/sqlite_app_medium_seed2_summary.csv__seed2__poison1 imported: 5 rows, checksum 0x7a0f81952b38dd17, rc=0
research/results/gem5_arm_ubuntu_fs_sqlite_app/sqlite_app_medium_summary.csv__poison1 imported: 8 rows, checksum 0x6f120768e4acf50e, rc=0
research/results/gem5_arm_ubuntu_fs_sqlite_app/sqlite_app_small_nopoison_summary.csv__poison0 imported: 3 rows, checksum 0x17b3f7f7d6e9fcb2, rc=0
research/results/gem5_arm_ubuntu_fs_sqlite_app/sqlite_app_small_summary.csv__poison1 imported: 10 rows, checksum 0x17b3f7f7d6e9fcb2, rc=0
research/results/gem5_arm_ubuntu_fs_sqlite_app/sqlite_app_stress_seed1_summary.csv__seed1__poison1 imported: 5 rows, checksum 0xa49d4f3a338e0034, rc=0
research/results/gem5_arm_ubuntu_fs_sqlite_app/sqlite_app_stress_summary.csv__poison1 imported: 8 rows, checksum 0xc91843372c7ddc37, rc=0
research/results/gem5_arm_ubuntu_fs_sqlite_speedtest1/sqlite_speedtest1_speedtest1_json_smoke_size1_summary.csv skipped: no none baseline row
research/results/gem5_arm_ubuntu_fs_sqlite_speedtest1/sqlite_speedtest1_speedtest1_json_smoke_size1_summary.csv skipped: no none baseline row
research/results/gem5_arm_ubuntu_fs_sqlite_speedtest1/sqlite_speedtest1_speedtest1_json_smoke_size1_summary.csv skipped: no COPPER policy row
research/results/gem5_arm_ubuntu_fs_sqlite_speedtest1/sqlite_speedtest1_speedtest1_json_smoke_size1_summary.csv skipped: no none baseline row
research/results/gem5_arm_ubuntu_fs_sqlite_speedtest1/sqlite_speedtest1_speedtest1_json_smoke_size1_summary.csv skipped: no none baseline row
research/results/gem5_arm_ubuntu_fs_sqlite_speedtest1/sqlite_speedtest1_speedtest1_json_smoke_size1_summary.csv skipped: no validated comparable COPPER group
research/results/gem5_arm_ubuntu_fs_sqlite_speedtest1/sqlite_speedtest1_speedtest1_orm_smoke_size1_summary.csv skipped: no none baseline row
research/results/gem5_arm_ubuntu_fs_sqlite_speedtest1/sqlite_speedtest1_speedtest1_orm_smoke_size1_summary.csv skipped: no none baseline row
research/results/gem5_arm_ubuntu_fs_sqlite_speedtest1/sqlite_speedtest1_speedtest1_orm_smoke_size1_summary.csv skipped: no none baseline row
research/results/gem5_arm_ubuntu_fs_sqlite_speedtest1/sqlite_speedtest1_speedtest1_orm_smoke_size1_summary.csv skipped: no none baseline row
research/results/gem5_arm_ubuntu_fs_sqlite_speedtest1/sqlite_speedtest1_speedtest1_orm_smoke_size1_summary.csv skipped: no COPPER policy row
research/results/gem5_arm_ubuntu_fs_sqlite_speedtest1/sqlite_speedtest1_speedtest1_orm_smoke_size1_summary.csv skipped: no validated comparable COPPER group
research/results/gem5_arm_ubuntu_fs_sqlite_speedtest1/sqlite_speedtest1_speedtest1_star_smoke_size1_summary.csv skipped: no none baseline row
research/results/gem5_arm_ubuntu_fs_sqlite_speedtest1/sqlite_speedtest1_speedtest1_star_smoke_size1_summary.csv skipped: no none baseline row
research/results/gem5_arm_ubuntu_fs_sqlite_speedtest1/sqlite_speedtest1_speedtest1_star_smoke_size1_summary.csv skipped: no COPPER policy row
research/results/gem5_arm_ubuntu_fs_sqlite_speedtest1/sqlite_speedtest1_speedtest1_star_smoke_size1_summary.csv skipped: no none baseline row
research/results/gem5_arm_ubuntu_fs_sqlite_speedtest1/sqlite_speedtest1_speedtest1_star_smoke_size1_summary.csv skipped: no none baseline row
research/results/gem5_arm_ubuntu_fs_sqlite_speedtest1/sqlite_speedtest1_speedtest1_star_smoke_size1_summary.csv skipped: no validated comparable COPPER group
research/results/gem5_arm_ubuntu_fs_struct_mix/struct_mix_n32768_p12_b2048_f3_fs_summary.csv__seed0x517cc1b727220a95 imported: 3 rows, checksum 0x9b70309215fa361a, rc=0
research/results/gem5_arm_ubuntu_fs_tlssvc_app/tlssvc_app_smoke_summary.csv__seed0__poison1 imported: 8 rows, checksum 0x92f3bb62393cd786, rc=0
research/results/gem5_arm_ubuntu_fs_yyjson_app/yyjson_app_medium_seed3_summary.csv__seed3__poison1 imported: 5 rows, checksum 0x36a08ae1ee1a75c2, rc=0
research/results/gem5_arm_ubuntu_fs_yyjson_app/yyjson_app_medium_summary.csv__seed2__poison1 imported: 8 rows, checksum 0x5913918638a88fc6, rc=0
research/results/gem5_arm_ubuntu_fs_yyjson_app/yyjson_app_smoke_summary.csv__seed1__poison1 imported: 2 rows, checksum 0x34f2204130eebf9f, rc=0
research/results/gem5_arm_ubuntu_fs_yyjson_app/yyjson_app_stress_seed3_summary.csv__seed3__poison1 imported: 5 rows, checksum 0x9fd47fcc9c9a69df, rc=0
research/results/gem5_arm_ubuntu_fs_yyjson_app/yyjson_app_stress_summary.csv__seed2__poison1 imported: 8 rows, checksum 0xa79b34679333f240, rc=0
research/results/gem5_arm_ubuntu_fs_zlib_app/zlib_zlib_seed1_summary.csv__seed1 imported: 5 rows, checksum 0x258843db93c006e3, rc=0
research/results/gem5_arm_ubuntu_fs_zlib_app/zlib_zlib_tiny_summary.csv__seed0 imported: 5 rows, checksum 0xf5b59076d62b0a4a, rc=0
research/results/gem5_arm_ubuntu_fs_zstd_app/zstd_zstd_seed1_summary.csv__seed1 imported: 5 rows, checksum 0x22c3e1e7b9a49990, rc=0
research/results/gem5_arm_ubuntu_fs_zstd_app/zstd_zstd_tiny_summary.csv__seed0 imported: 5 rows, checksum 0x93d05761620949ad, rc=0
