Copyright 1986-2022 Xilinx, Inc. All Rights Reserved. Copyright 2022-2025 Advanced Micro Devices, Inc. All Rights Reserved.
---------------------------------------------------------------------------------------------------------------------------------------------------------------------------------------------
| Tool Version : Vivado v.2025.2 (win64) Build 6299465 Fri Nov 14 19:35:11 GMT 2025
| Date         : Sun Jun 28 17:31:10 2026
| Host         : Tyler running 64-bit major release  (build 9200)
| Command      : report_timing_summary -file C:/Users/tyboy/OneDrive/Documents/novel-arm/research/results/logs/mapped_ppa/vivado_runs/full_core_plus_copper/full_core_plus_copper_timing.rpt
| Design       : full_core_plus_copper
| Device       : 7a35t-csg324
| Speed File   : -1  PRODUCTION 1.23 2018-06-13
| Design State : Routed
---------------------------------------------------------------------------------------------------------------------------------------------------------------------------------------------

Timing Summary Report

------------------------------------------------------------------------------------------------
| Timer Settings
| --------------
------------------------------------------------------------------------------------------------

  Enable Multi Corner Analysis               :  Yes
  Enable Pessimism Removal                   :  Yes
  Pessimism Removal Resolution               :  Nearest Common Node
  Enable Input Delay Default Clock           :  No
  Enable Preset / Clear Arcs                 :  No
  Disable Flight Delays                      :  No
  Ignore I/O Paths                           :  No
  Timing Early Launch at Borrowing Latches   :  No
  Borrow Time for Max Delay Exceptions       :  Yes
  Merge Timing Exceptions                    :  Yes
  Inter-SLR Compensation                     :  Conservative

  Corner  Analyze    Analyze    
  Name    Max Paths  Min Paths  
  ------  ---------  ---------  
  Slow    Yes        Yes        
  Fast    Yes        Yes        


------------------------------------------------------------------------------------------------
| Report Methodology
| ------------------
------------------------------------------------------------------------------------------------

No report available as report_methodology has not been run prior. Run report_methodology on the current design for the summary of methodology violations.



check_timing report

Table of Contents
-----------------
1. checking no_clock (0)
2. checking constant_clock (0)
3. checking pulse_width_clock (0)
4. checking unconstrained_internal_endpoints (0)
5. checking no_input_delay (2)
6. checking no_output_delay (34)
7. checking multiple_clock (0)
8. checking generated_clocks (0)
9. checking loops (0)
10. checking partial_input_delay (0)
11. checking partial_output_delay (0)
12. checking latch_loops (0)

1. checking no_clock (0)
------------------------
 There are 0 register/latch pins with no clock.


2. checking constant_clock (0)
------------------------------
 There are 0 register/latch pins with constant_clock.


3. checking pulse_width_clock (0)
---------------------------------
 There are 0 register/latch pins which need pulse_width check


4. checking unconstrained_internal_endpoints (0)
------------------------------------------------
 There are 0 pins that are not constrained for maximum delay.

 There are 0 pins that are not constrained for maximum delay due to constant clock.


5. checking no_input_delay (2)
------------------------------
 There are 2 input ports with no input delay specified. (HIGH)

 There are 0 input ports with no input delay but user has a false path constraint.


6. checking no_output_delay (34)
--------------------------------
 There are 34 ports with no output delay specified. (HIGH)

 There are 0 ports with no output delay but user has a false path constraint

 There are 0 ports with no output delay but with a timing clock defined on it or propagating through it


7. checking multiple_clock (0)
------------------------------
 There are 0 register/latch pins with multiple clocks.


8. checking generated_clocks (0)
--------------------------------
 There are 0 generated clocks that are not connected to a clock source.


9. checking loops (0)
---------------------
 There are 0 combinational loops in the design.


10. checking partial_input_delay (0)
------------------------------------
 There are 0 input ports with partial input delay specified.


11. checking partial_output_delay (0)
-------------------------------------
 There are 0 ports with partial output delay specified.


12. checking latch_loops (0)
----------------------------
 There are 0 combinational latch loops in the design through latch input



------------------------------------------------------------------------------------------------
| Design Timing Summary
| ---------------------
------------------------------------------------------------------------------------------------

    WNS(ns)      TNS(ns)  TNS Failing Endpoints  TNS Total Endpoints      WHS(ns)      THS(ns)  THS Failing Endpoints  THS Total Endpoints     WPWS(ns)     TPWS(ns)  TPWS Failing Endpoints  TPWS Total Endpoints  
    -------      -------  ---------------------  -------------------      -------      -------  ---------------------  -------------------     --------     --------  ----------------------  --------------------  
      9.995        0.000                      0                 6410        0.049        0.000                      0                 6410        8.750        0.000                       0                  3030  


All user specified timing constraints are met.


------------------------------------------------------------------------------------------------
| Clock Summary
| -------------
------------------------------------------------------------------------------------------------

Clock  Waveform(ns)       Period(ns)      Frequency(MHz)
-----  ------------       ----------      --------------
clk    {0.000 10.000}     20.000          50.000          


------------------------------------------------------------------------------------------------
| Intra Clock Table
| -----------------
------------------------------------------------------------------------------------------------

Clock             WNS(ns)      TNS(ns)  TNS Failing Endpoints  TNS Total Endpoints      WHS(ns)      THS(ns)  THS Failing Endpoints  THS Total Endpoints     WPWS(ns)     TPWS(ns)  TPWS Failing Endpoints  TPWS Total Endpoints  
-----             -------      -------  ---------------------  -------------------      -------      -------  ---------------------  -------------------     --------     --------  ----------------------  --------------------  
clk                 9.995        0.000                      0                 6410        0.049        0.000                      0                 6410        8.750        0.000                       0                  3030  


------------------------------------------------------------------------------------------------
| Inter Clock Table
| -----------------
------------------------------------------------------------------------------------------------

From Clock    To Clock          WNS(ns)      TNS(ns)  TNS Failing Endpoints  TNS Total Endpoints      WHS(ns)      THS(ns)  THS Failing Endpoints  THS Total Endpoints  
----------    --------          -------      -------  ---------------------  -------------------      -------      -------  ---------------------  -------------------  


------------------------------------------------------------------------------------------------
| Other Path Groups Table
| -----------------------
------------------------------------------------------------------------------------------------

Path Group    From Clock    To Clock          WNS(ns)      TNS(ns)  TNS Failing Endpoints  TNS Total Endpoints      WHS(ns)      THS(ns)  THS Failing Endpoints  THS Total Endpoints  
----------    ----------    --------          -------      -------  ---------------------  -------------------      -------      -------  ---------------------  -------------------  


------------------------------------------------------------------------------------------------
| Timing Details
| --------------
------------------------------------------------------------------------------------------------


---------------------------------------------------------------------------------------------------
From Clock:  clk
  To Clock:  clk

Setup :            0  Failing Endpoints,  Worst Slack        9.995ns,  Total Violation        0.000ns
Hold  :            0  Failing Endpoints,  Worst Slack        0.049ns,  Total Violation        0.000ns
PW    :            0  Failing Endpoints,  Worst Slack        8.750ns,  Total Violation        0.000ns
---------------------------------------------------------------------------------------------------


Max Delay Paths
--------------------------------------------------------------------------------------
Slack (MET) :             9.995ns  (required time - arrival time)
  Source:                 u_shell/u_core/mem_do_rinst_reg/C
                            (rising edge-triggered cell FDRE clocked by clk  {rise@0.000ns fall@10.000ns period=20.000ns})
  Destination:            u_prefetch/queue_count_reg[0]/CE
                            (rising edge-triggered cell FDCE clocked by clk  {rise@0.000ns fall@10.000ns period=20.000ns})
  Path Group:             clk
  Path Type:              Setup (Max at Slow Process Corner)
  Requirement:            20.000ns  (clk rise@20.000ns - clk rise@0.000ns)
  Data Path Delay:        9.756ns  (logic 2.218ns (22.735%)  route 7.538ns (77.265%))
  Logic Levels:           9  (CARRY4=2 LUT2=1 LUT4=1 LUT6=5)
  Clock Path Skew:        -0.045ns (DCD - SCD + CPR)
    Destination Clock Delay (DCD):    4.223ns = ( 24.223 - 20.000 ) 
    Source Clock Delay      (SCD):    4.590ns
    Clock Pessimism Removal (CPR):    0.322ns
  Clock Uncertainty:      0.035ns  ((TSJ^2 + TIJ^2)^1/2 + DJ) / 2 + PE
    Total System Jitter     (TSJ):    0.071ns
    Total Input Jitter      (TIJ):    0.000ns
    Discrete Jitter          (DJ):    0.000ns
    Phase Error              (PE):    0.000ns

    Location             Delay type                Incr(ns)  Path(ns)    Netlist Resource(s)
  -------------------------------------------------------------------    -------------------
                         (clock clk rise edge)        0.000     0.000 r  
    N15                                               0.000     0.000 r  clk (IN)
                         net (fo=0)                   0.000     0.000    clk
    N15                  IBUF (Prop_ibuf_I_O)         0.962     0.962 r  clk_IBUF_inst/O
                         net (fo=1, routed)           1.972     2.933    clk_IBUF
    BUFGCTRL_X0Y0        BUFG (Prop_bufg_I_O)         0.096     3.029 r  clk_IBUF_BUFG_inst/O
                         net (fo=3029, routed)        1.560     4.590    u_shell/u_core/clk_IBUF_BUFG
    SLICE_X37Y13         FDRE                                         r  u_shell/u_core/mem_do_rinst_reg/C
  -------------------------------------------------------------------    -------------------
    SLICE_X37Y13         FDRE (Prop_fdre_C_Q)         0.456     5.046 r  u_shell/u_core/mem_do_rinst_reg/Q
                         net (fo=11, routed)          0.842     5.888    u_shell/u_core/mem_do_rinst_reg_n_0
    SLICE_X39Y12         LUT2 (Prop_lut2_I0_O)        0.124     6.012 r  u_shell/u_core/mem_addr[31]_i_4/O
                         net (fo=34, routed)          1.057     7.069    u_shell/u_core/p_8_in
    SLICE_X37Y21         LUT6 (Prop_lut6_I3_O)        0.124     7.193 r  u_shell/u_core/mem_addr[3]_i_1/O
                         net (fo=8, routed)           0.587     7.780    u_shell/u_mem/token_table_reg[0][15][1]
    SLICE_X39Y24         LUT4 (Prop_lut4_I2_O)        0.124     7.904 r  u_shell/u_mem/token_table[0][1]_i_1/O
                         net (fo=17, routed)          1.925     9.830    u_prefetch/token[1]
    SLICE_X29Y33         LUT6 (Prop_lut6_I4_O)        0.124     9.954 r  u_prefetch/i__carry_i_4__0/O
                         net (fo=1, routed)           0.000     9.954    u_prefetch/i__carry_i_4__0_n_0
    SLICE_X29Y33         CARRY4 (Prop_carry4_S[0]_CO[3])
                                                      0.532    10.486 r  u_prefetch/match_vec1_inferred__5/i__carry/CO[3]
                         net (fo=1, routed)           0.000    10.486    u_prefetch/match_vec1_inferred__5/i__carry_n_0
    SLICE_X29Y34         CARRY4 (Prop_carry4_CI_CO[1])
                                                      0.157    10.643 r  u_prefetch/match_vec1_inferred__5/i__carry__0/CO[1]
                         net (fo=1, routed)           1.172    11.814    u_prefetch/match_vec15_out
    SLICE_X36Y37         LUT6 (Prop_lut6_I0_O)        0.329    12.143 r  u_prefetch/prefetch_valid_OBUF_inst_i_6/O
                         net (fo=2, routed)           0.655    12.798    u_prefetch/prefetch_valid_OBUF_inst_i_6_n_0
    SLICE_X36Y36         LUT6 (Prop_lut6_I3_O)        0.124    12.922 r  u_prefetch/prefetch_valid_OBUF_inst_i_2/O
                         net (fo=6, routed)           1.109    14.032    u_prefetch/prefetch_valid_OBUF
    SLICE_X42Y21         LUT6 (Prop_lut6_I5_O)        0.124    14.156 r  u_prefetch/queue_count[3]_i_1/O
                         net (fo=4, routed)           0.190    14.346    u_prefetch/queue_count[3]_i_1_n_0
    SLICE_X42Y21         FDCE                                         r  u_prefetch/queue_count_reg[0]/CE
  -------------------------------------------------------------------    -------------------

                         (clock clk rise edge)       20.000    20.000 r  
    N15                                               0.000    20.000 r  clk (IN)
                         net (fo=0)                   0.000    20.000    clk
    N15                  IBUF (Prop_ibuf_I_O)         0.828    20.828 r  clk_IBUF_inst/O
                         net (fo=1, routed)           1.868    22.696    clk_IBUF
    BUFGCTRL_X0Y0        BUFG (Prop_bufg_I_O)         0.091    22.787 r  clk_IBUF_BUFG_inst/O
                         net (fo=3029, routed)        1.435    24.223    u_prefetch/clk_IBUF_BUFG
    SLICE_X42Y21         FDCE                                         r  u_prefetch/queue_count_reg[0]/C
                         clock pessimism              0.322    24.545    
                         clock uncertainty           -0.035    24.509    
    SLICE_X42Y21         FDCE (Setup_fdce_C_CE)      -0.169    24.340    u_prefetch/queue_count_reg[0]
  -------------------------------------------------------------------
                         required time                         24.340    
                         arrival time                         -14.346    
  -------------------------------------------------------------------
                         slack                                  9.995    





Min Delay Paths
--------------------------------------------------------------------------------------
Slack (MET) :             0.049ns  (arrival time - required time)
  Source:                 u_shell/u_core/reg_out_reg[0]/C
                            (rising edge-triggered cell FDRE clocked by clk  {rise@0.000ns fall@10.000ns period=20.000ns})
  Destination:            u_shell/u_core/cpuregs_reg_r2_0_31_0_5/RAMA/I
                            (rising edge-triggered cell RAMD32 clocked by clk  {rise@0.000ns fall@10.000ns period=20.000ns})
  Path Group:             clk
  Path Type:              Hold (Min at Fast Process Corner)
  Requirement:            0.000ns  (clk rise@0.000ns - clk rise@0.000ns)
  Data Path Delay:        0.456ns  (logic 0.186ns (40.756%)  route 0.270ns (59.244%))
  Logic Levels:           1  (LUT4=1)
  Clock Path Skew:        0.260ns (DCD - SCD - CPR)
    Destination Clock Delay (DCD):    1.920ns
    Source Clock Delay      (SCD):    1.408ns
    Clock Pessimism Removal (CPR):    0.251ns

    Location             Delay type                Incr(ns)  Path(ns)    Netlist Resource(s)
  -------------------------------------------------------------------    -------------------
                         (clock clk rise edge)        0.000     0.000 r  
    N15                                               0.000     0.000 r  clk (IN)
                         net (fo=0)                   0.000     0.000    clk
    N15                  IBUF (Prop_ibuf_I_O)         0.191     0.191 r  clk_IBUF_inst/O
                         net (fo=1, routed)           0.634     0.825    clk_IBUF
    BUFGCTRL_X0Y0        BUFG (Prop_bufg_I_O)         0.026     0.851 r  clk_IBUF_BUFG_inst/O
                         net (fo=3029, routed)        0.558     1.408    u_shell/u_core/clk_IBUF_BUFG
    SLICE_X39Y16         FDRE                                         r  u_shell/u_core/reg_out_reg[0]/C
  -------------------------------------------------------------------    -------------------
    SLICE_X39Y16         FDRE (Prop_fdre_C_Q)         0.141     1.549 r  u_shell/u_core/reg_out_reg[0]/Q
                         net (fo=1, routed)           0.138     1.688    u_shell/u_core/reg_out_reg_n_0_[0]
    SLICE_X36Y16         LUT4 (Prop_lut4_I2_O)        0.045     1.733 r  u_shell/u_core/cpuregs_reg_r1_0_31_0_5_i_3/O
                         net (fo=2, routed)           0.132     1.865    u_shell/u_core/cpuregs_reg_r2_0_31_0_5/DIA0
    SLICE_X34Y17         RAMD32                                       r  u_shell/u_core/cpuregs_reg_r2_0_31_0_5/RAMA/I
  -------------------------------------------------------------------    -------------------

                         (clock clk rise edge)        0.000     0.000 r  
    N15                                               0.000     0.000 r  clk (IN)
                         net (fo=0)                   0.000     0.000    clk
    N15                  IBUF (Prop_ibuf_I_O)         0.380     0.380 r  clk_IBUF_inst/O
                         net (fo=1, routed)           0.689     1.068    clk_IBUF
    BUFGCTRL_X0Y0        BUFG (Prop_bufg_I_O)         0.029     1.097 r  clk_IBUF_BUFG_inst/O
                         net (fo=3029, routed)        0.823     1.920    u_shell/u_core/cpuregs_reg_r2_0_31_0_5/WCLK
    SLICE_X34Y17         RAMD32                                       r  u_shell/u_core/cpuregs_reg_r2_0_31_0_5/RAMA/CLK
                         clock pessimism             -0.251     1.668    
    SLICE_X34Y17         RAMD32 (Hold_ramd32_CLK_I)
                                                      0.147     1.815    u_shell/u_core/cpuregs_reg_r2_0_31_0_5/RAMA
  -------------------------------------------------------------------
                         required time                         -1.815    
                         arrival time                           1.865    
  -------------------------------------------------------------------
                         slack                                  0.049    





Pulse Width Checks
--------------------------------------------------------------------------------------
Clock Name:         clk
Waveform(ns):       { 0.000 10.000 }
Period(ns):         20.000
Sources:            { clk }

Check Type        Corner  Lib Pin     Reference Pin  Required(ns)  Actual(ns)  Slack(ns)  Location       Pin
Min Period        n/a     BUFG/I      n/a            2.155         20.000      17.845     BUFGCTRL_X0Y0  clk_IBUF_BUFG_inst/I
Low Pulse Width   Slow    RAMD32/CLK  n/a            1.250         10.000      8.750      SLICE_X34Y16   u_shell/u_core/cpuregs_reg_r1_0_31_0_5/RAMA/CLK
High Pulse Width  Slow    RAMD32/CLK  n/a            1.250         10.000      8.750      SLICE_X34Y16   u_shell/u_core/cpuregs_reg_r1_0_31_0_5/RAMA/CLK



