$ /usr/bin/yosys -p read_verilog -sv research/baseline_prefetch_unit.sv; read_verilog -sv research/rtl/integration/copper_near_core_stub.sv; synth -top nearcore_stub_baseline; stat

 /----------------------------------------------------------------------------\
 |                                                                            |
 |  yosys -- Yosys Open SYnthesis Suite                                       |
 |                                                                            |
 |  Copyright (C) 2012 - 2020  Claire Xenia Wolf <claire@yosyshq.com>         |
 |                                                                            |
 |  Permission to use, copy, modify, and/or distribute this software for any  |
 |  purpose with or without fee is hereby granted, provided that the above    |
 |  copyright notice and this permission notice appear in all copies.         |
 |                                                                            |
 |  THE SOFTWARE IS PROVIDED "AS IS" AND THE AUTHOR DISCLAIMS ALL WARRANTIES  |
 |  WITH REGARD TO THIS SOFTWARE INCLUDING ALL IMPLIED WARRANTIES OF          |
 |  MERCHANTABILITY AND FITNESS. IN NO EVENT SHALL THE AUTHOR BE LIABLE FOR   |
 |  ANY SPECIAL, DIRECT, INDIRECT, OR CONSEQUENTIAL DAMAGES OR ANY DAMAGES    |
 |  WHATSOEVER RESULTING FROM LOSS OF USE, DATA OR PROFITS, WHETHER IN AN     |
 |  ACTION OF CONTRACT, NEGLIGENCE OR OTHER TORTIOUS ACTION, ARISING OUT OF   |
 |  OR IN CONNECTION WITH THE USE OR PERFORMANCE OF THIS SOFTWARE.            |
 |                                                                            |
 \----------------------------------------------------------------------------/

 Yosys 0.33 (git sha1 2584903a060)


-- Running command `read_verilog -sv research/baseline_prefetch_unit.sv; read_verilog -sv research/rtl/integration/copper_near_core_stub.sv; synth -top nearcore_stub_baseline; stat' --

1. Executing Verilog-2005 frontend: research/baseline_prefetch_unit.sv
Parsing SystemVerilog input from `research/baseline_prefetch_unit.sv' to AST representation.
Generating RTLIL representation for module `\baseline_prefetch_unit'.
Successfully finished Verilog frontend.

2. Executing Verilog-2005 frontend: research/rtl/integration/copper_near_core_stub.sv
Parsing SystemVerilog input from `research/rtl/integration/copper_near_core_stub.sv' to AST representation.
Generating RTLIL representation for module `\baseline_core_stub_with_prefetch_interface'.
Generating RTLIL representation for module `\nearcore_stub_baseline'.
Generating RTLIL representation for module `\nearcore_stub_plus_copper'.
Generating RTLIL representation for module `\core_stub_plus_copper'.
Successfully finished Verilog frontend.

3. Executing SYNTH pass.

3.1. Executing HIERARCHY pass (managing design hierarchy).

3.1.1. Analyzing design hierarchy..
Top module:  \nearcore_stub_baseline
Used module:     \baseline_core_stub_with_prefetch_interface
Used module:         \baseline_prefetch_unit
Parameter \ADDR_W = 48

3.1.2. Executing AST frontend in derive mode using pre-parsed AST for module `\baseline_prefetch_unit'.
Parameter \ADDR_W = 48
Generating RTLIL representation for module `$paramod\baseline_prefetch_unit\ADDR_W=s32'00000000000000000000000000110000'.
Parameter \ADDR_W = 48

3.1.3. Executing AST frontend in derive mode using pre-parsed AST for module `\baseline_core_stub_with_prefetch_interface'.
Parameter \ADDR_W = 48
Generating RTLIL representation for module `$paramod\baseline_core_stub_with_prefetch_interface\ADDR_W=s32'00000000000000000000000000110000'.

3.1.4. Analyzing design hierarchy..
Top module:  \nearcore_stub_baseline
Used module:     $paramod\baseline_core_stub_with_prefetch_interface\ADDR_W=s32'00000000000000000000000000110000
Used module:         \baseline_prefetch_unit
Parameter \ADDR_W = 48
Found cached RTLIL representation for module `$paramod\baseline_prefetch_unit\ADDR_W=s32'00000000000000000000000000110000'.

3.1.5. Analyzing design hierarchy..
Top module:  \nearcore_stub_baseline
Used module:     $paramod\baseline_core_stub_with_prefetch_interface\ADDR_W=s32'00000000000000000000000000110000
Used module:         $paramod\baseline_prefetch_unit\ADDR_W=s32'00000000000000000000000000110000

3.1.6. Analyzing design hierarchy..
Top module:  \nearcore_stub_baseline
Used module:     $paramod\baseline_core_stub_with_prefetch_interface\ADDR_W=s32'00000000000000000000000000110000
Used module:         $paramod\baseline_prefetch_unit\ADDR_W=s32'00000000000000000000000000110000
Removing unused module `\core_stub_plus_copper'.
Removing unused module `\nearcore_stub_plus_copper'.
Removing unused module `\baseline_core_stub_with_prefetch_interface'.
Removing unused module `\baseline_prefetch_unit'.
Removed 4 unused modules.

3.2. Executing PROC pass (convert processes to netlists).

3.2.1. Executing PROC_CLEAN pass (remove empty switches from decision trees).
Found and cleaned up 1 empty switch in `$paramod\baseline_prefetch_unit\ADDR_W=s32'00000000000000000000000000110000.$proc$research/baseline_prefetch_unit.sv:19$18'.
Removing empty process `$paramod\baseline_prefetch_unit\ADDR_W=s32'00000000000000000000000000110000.$proc$research/baseline_prefetch_unit.sv:19$18'.
Cleaned up 1 empty switch.

3.2.2. Executing PROC_RMDEAD pass (remove dead branches from decision trees).
Marked 1 switch rules as full_case in process $proc$research/rtl/integration/copper_near_core_stub.sv:28$20 in module $paramod\baseline_core_stub_with_prefetch_interface\ADDR_W=s32'00000000000000000000000000110000.
Removed a total of 0 dead cases.

3.2.3. Executing PROC_PRUNE pass (remove redundant assignments in processes).
Removed 3 redundant assignments.
Promoted 2 assignments to connections.

3.2.4. Executing PROC_INIT pass (extract init attributes).

3.2.5. Executing PROC_ARST pass (detect async resets in processes).
Found async reset \rst_n in `$paramod\baseline_core_stub_with_prefetch_interface\ADDR_W=s32'00000000000000000000000000110000.$proc$research/rtl/integration/copper_near_core_stub.sv:28$20'.

3.2.6. Executing PROC_ROM pass (convert switches to ROMs).
Converted 0 switches.

3.2.7. Executing PROC_MUX pass (convert decision trees to multiplexers).
Creating decoders for process `$paramod\baseline_core_stub_with_prefetch_interface\ADDR_W=s32'00000000000000000000000000110000.$proc$research/rtl/integration/copper_near_core_stub.sv:28$20'.
     1/3: $0\retire_count[15:0]
     2/3: $0\demand_addr[47:0]
     3/3: $0\demand_valid[0:0]
Creating decoders for process `$paramod\baseline_prefetch_unit\ADDR_W=s32'00000000000000000000000000110000.$proc$research/baseline_prefetch_unit.sv:0$15'.

3.2.8. Executing PROC_DLATCH pass (convert process syncs to latches).
No latch inferred for signal `$paramod\baseline_prefetch_unit\ADDR_W=s32'00000000000000000000000000110000.\prefetch_valid' from process `$paramod\baseline_prefetch_unit\ADDR_W=s32'00000000000000000000000000110000.$proc$research/baseline_prefetch_unit.sv:0$15'.
No latch inferred for signal `$paramod\baseline_prefetch_unit\ADDR_W=s32'00000000000000000000000000110000.\prefetch_addr' from process `$paramod\baseline_prefetch_unit\ADDR_W=s32'00000000000000000000000000110000.$proc$research/baseline_prefetch_unit.sv:0$15'.

3.2.9. Executing PROC_DFF pass (convert process syncs to FFs).
Creating register for signal `$paramod\baseline_core_stub_with_prefetch_interface\ADDR_W=s32'00000000000000000000000000110000.\demand_valid' using process `$paramod\baseline_core_stub_with_prefetch_interface\ADDR_W=s32'00000000000000000000000000110000.$proc$research/rtl/integration/copper_near_core_stub.sv:28$20'.
  created $adff cell `$procdff$24' with positive edge clock and negative level reset.
Creating register for signal `$paramod\baseline_core_stub_with_prefetch_interface\ADDR_W=s32'00000000000000000000000000110000.\demand_addr' using process `$paramod\baseline_core_stub_with_prefetch_interface\ADDR_W=s32'00000000000000000000000000110000.$proc$research/rtl/integration/copper_near_core_stub.sv:28$20'.
  created $adff cell `$procdff$25' with positive edge clock and negative level reset.
Creating register for signal `$paramod\baseline_core_stub_with_prefetch_interface\ADDR_W=s32'00000000000000000000000000110000.\retire_count' using process `$paramod\baseline_core_stub_with_prefetch_interface\ADDR_W=s32'00000000000000000000000000110000.$proc$research/rtl/integration/copper_near_core_stub.sv:28$20'.
  created $adff cell `$procdff$26' with positive edge clock and negative level reset.

3.2.10. Executing PROC_MEMWR pass (convert process memory writes to cells).

3.2.11. Executing PROC_CLEAN pass (remove empty switches from decision trees).
Removing empty process `$paramod\baseline_core_stub_with_prefetch_interface\ADDR_W=s32'00000000000000000000000000110000.$proc$research/rtl/integration/copper_near_core_stub.sv:28$20'.
Removing empty process `$paramod\baseline_prefetch_unit\ADDR_W=s32'00000000000000000000000000110000.$proc$research/baseline_prefetch_unit.sv:0$15'.
Cleaned up 0 empty switches.

3.2.12. Executing OPT_EXPR pass (perform const folding).
Optimizing module nearcore_stub_baseline.
Optimizing module $paramod\baseline_core_stub_with_prefetch_interface\ADDR_W=s32'00000000000000000000000000110000.
Optimizing module $paramod\baseline_prefetch_unit\ADDR_W=s32'00000000000000000000000000110000.

3.3. Executing OPT_EXPR pass (perform const folding).
Optimizing module nearcore_stub_baseline.
Optimizing module $paramod\baseline_core_stub_with_prefetch_interface\ADDR_W=s32'00000000000000000000000000110000.
Optimizing module $paramod\baseline_prefetch_unit\ADDR_W=s32'00000000000000000000000000110000.

3.4. Executing OPT_CLEAN pass (remove unused cells and wires).
Finding unused cells or wires in module \nearcore_stub_baseline..
Finding unused cells or wires in module $paramod\baseline_core_stub_with_prefetch_interface\ADDR_W=s32'00000000000000000000000000110000..
Finding unused cells or wires in module $paramod\baseline_prefetch_unit\ADDR_W=s32'00000000000000000000000000110000..
Removed 2 unused cells and 9 unused wires.
<suppressed ~4 debug messages>

3.5. Executing CHECK pass (checking for obvious problems).
Checking module $paramod\baseline_core_stub_with_prefetch_interface\ADDR_W=s32'00000000000000000000000000110000...
Checking module $paramod\baseline_prefetch_unit\ADDR_W=s32'00000000000000000000000000110000...
Checking module nearcore_stub_baseline...
Found and reported 0 problems.

3.6. Executing OPT pass (performing simple optimizations).

3.6.1. Executing OPT_EXPR pass (perform const folding).
Optimizing module $paramod\baseline_core_stub_with_prefetch_interface\ADDR_W=s32'00000000000000000000000000110000.
Optimizing module $paramod\baseline_prefetch_unit\ADDR_W=s32'00000000000000000000000000110000.
Optimizing module nearcore_stub_baseline.

3.6.2. Executing OPT_MERGE pass (detect identical cells).
Finding identical cells in module `$paramod\baseline_core_stub_with_prefetch_interface\ADDR_W=s32'00000000000000000000000000110000'.
Finding identical cells in module `$paramod\baseline_prefetch_unit\ADDR_W=s32'00000000000000000000000000110000'.
Finding identical cells in module `\nearcore_stub_baseline'.
Removed a total of 0 cells.

3.6.3. Executing OPT_MUXTREE pass (detect dead branches in mux trees).
Running muxtree optimizer on module $paramod\baseline_core_stub_with_prefetch_interface\ADDR_W=s32'00000000000000000000000000110000..
  Creating internal representation of mux trees.
  No muxes found in this module.
Running muxtree optimizer on module $paramod\baseline_prefetch_unit\ADDR_W=s32'00000000000000000000000000110000..
  Creating internal representation of mux trees.
  No muxes found in this module.
Running muxtree optimizer on module \nearcore_stub_baseline..
  Creating internal representation of mux trees.
  No muxes found in this module.
Removed 0 multiplexer ports.

3.6.4. Executing OPT_REDUCE pass (consolidate $*mux and $reduce_* inputs).
  Optimizing cells in module $paramod\baseline_core_stub_with_prefetch_interface\ADDR_W=s32'00000000000000000000000000110000.
  Optimizing cells in module $paramod\baseline_prefetch_unit\ADDR_W=s32'00000000000000000000000000110000.
  Optimizing cells in module \nearcore_stub_baseline.
Performed a total of 0 changes.

3.6.5. Executing OPT_MERGE pass (detect identical cells).
Finding identical cells in module `$paramod\baseline_core_stub_with_prefetch_interface\ADDR_W=s32'00000000000000000000000000110000'.
Finding identical cells in module `$paramod\baseline_prefetch_unit\ADDR_W=s32'00000000000000000000000000110000'.
Finding identical cells in module `\nearcore_stub_baseline'.
Removed a total of 0 cells.

3.6.6. Executing OPT_DFF pass (perform DFF optimizations).

3.6.7. Executing OPT_CLEAN pass (remove unused cells and wires).
Finding unused cells or wires in module $paramod\baseline_core_stub_with_prefetch_interface\ADDR_W=s32'00000000000000000000000000110000..
Finding unused cells or wires in module $paramod\baseline_prefetch_unit\ADDR_W=s32'00000000000000000000000000110000..
Finding unused cells or wires in module \nearcore_stub_baseline..

3.6.8. Executing OPT_EXPR pass (perform const folding).
Optimizing module $paramod\baseline_core_stub_with_prefetch_interface\ADDR_W=s32'00000000000000000000000000110000.
Optimizing module $paramod\baseline_prefetch_unit\ADDR_W=s32'00000000000000000000000000110000.
Optimizing module nearcore_stub_baseline.

3.6.9. Finished OPT passes. (There is nothing left to do.)

3.7. Executing FSM pass (extract and optimize FSM).

3.7.1. Executing FSM_DETECT pass (finding FSMs in design).

3.7.2. Executing FSM_EXTRACT pass (extracting FSM from design).

3.7.3. Executing FSM_OPT pass (simple optimizations of FSMs).

3.7.4. Executing OPT_CLEAN pass (remove unused cells and wires).
Finding unused cells or wires in module $paramod\baseline_core_stub_with_prefetch_interface\ADDR_W=s32'00000000000000000000000000110000..
Finding unused cells or wires in module $paramod\baseline_prefetch_unit\ADDR_W=s32'00000000000000000000000000110000..
Finding unused cells or wires in module \nearcore_stub_baseline..

3.7.5. Executing FSM_OPT pass (simple optimizations of FSMs).

3.7.6. Executing FSM_RECODE pass (re-assigning FSM state encoding).

3.7.7. Executing FSM_INFO pass (dumping all available information on FSM cells).

3.7.8. Executing FSM_MAP pass (mapping FSMs to basic logic).

3.8. Executing OPT pass (performing simple optimizations).

3.8.1. Executing OPT_EXPR pass (perform const folding).
Optimizing module $paramod\baseline_core_stub_with_prefetch_interface\ADDR_W=s32'00000000000000000000000000110000.
Optimizing module $paramod\baseline_prefetch_unit\ADDR_W=s32'00000000000000000000000000110000.
Optimizing module nearcore_stub_baseline.

3.8.2. Executing OPT_MERGE pass (detect identical cells).
Finding identical cells in module `$paramod\baseline_core_stub_with_prefetch_interface\ADDR_W=s32'00000000000000000000000000110000'.
Finding identical cells in module `$paramod\baseline_prefetch_unit\ADDR_W=s32'00000000000000000000000000110000'.
Finding identical cells in module `\nearcore_stub_baseline'.
Removed a total of 0 cells.

3.8.3. Executing OPT_MUXTREE pass (detect dead branches in mux trees).
Running muxtree optimizer on module $paramod\baseline_core_stub_with_prefetch_interface\ADDR_W=s32'00000000000000000000000000110000..
  Creating internal representation of mux trees.
  No muxes found in this module.
Running muxtree optimizer on module $paramod\baseline_prefetch_unit\ADDR_W=s32'00000000000000000000000000110000..
  Creating internal representation of mux trees.
  No muxes found in this module.
Running muxtree optimizer on module \nearcore_stub_baseline..
  Creating internal representation of mux trees.
  No muxes found in this module.
Removed 0 multiplexer ports.

3.8.4. Executing OPT_REDUCE pass (consolidate $*mux and $reduce_* inputs).
  Optimizing cells in module $paramod\baseline_core_stub_with_prefetch_interface\ADDR_W=s32'00000000000000000000000000110000.
  Optimizing cells in module $paramod\baseline_prefetch_unit\ADDR_W=s32'00000000000000000000000000110000.
  Optimizing cells in module \nearcore_stub_baseline.
Performed a total of 0 changes.

3.8.5. Executing OPT_MERGE pass (detect identical cells).
Finding identical cells in module `$paramod\baseline_core_stub_with_prefetch_interface\ADDR_W=s32'00000000000000000000000000110000'.
Finding identical cells in module `$paramod\baseline_prefetch_unit\ADDR_W=s32'00000000000000000000000000110000'.
Finding identical cells in module `\nearcore_stub_baseline'.
Removed a total of 0 cells.

3.8.6. Executing OPT_DFF pass (perform DFF optimizations).

3.8.7. Executing OPT_CLEAN pass (remove unused cells and wires).
Finding unused cells or wires in module $paramod\baseline_core_stub_with_prefetch_interface\ADDR_W=s32'00000000000000000000000000110000..
Finding unused cells or wires in module $paramod\baseline_prefetch_unit\ADDR_W=s32'00000000000000000000000000110000..
Finding unused cells or wires in module \nearcore_stub_baseline..

3.8.8. Executing OPT_EXPR pass (perform const folding).
Optimizing module $paramod\baseline_core_stub_with_prefetch_interface\ADDR_W=s32'00000000000000000000000000110000.
Optimizing module $paramod\baseline_prefetch_unit\ADDR_W=s32'00000000000000000000000000110000.
Optimizing module nearcore_stub_baseline.

3.8.9. Finished OPT passes. (There is nothing left to do.)

3.9. Executing WREDUCE pass (reducing word size of cells).
Removed top 41 bits (of 48) from port B of cell $paramod\baseline_core_stub_with_prefetch_interface\ADDR_W=s32'00000000000000000000000000110000.$add$research/rtl/integration/copper_near_core_stub.sv:35$22 ($add).
Removed top 15 bits (of 16) from port B of cell $paramod\baseline_core_stub_with_prefetch_interface\ADDR_W=s32'00000000000000000000000000110000.$add$research/rtl/integration/copper_near_core_stub.sv:36$23 ($add).
Removed top 41 bits (of 48) from port B of cell $paramod\baseline_prefetch_unit\ADDR_W=s32'00000000000000000000000000110000.$add$research/baseline_prefetch_unit.sv:16$17 ($add).

3.10. Executing PEEPOPT pass (run peephole optimizers).

3.11. Executing OPT_CLEAN pass (remove unused cells and wires).
Finding unused cells or wires in module $paramod\baseline_core_stub_with_prefetch_interface\ADDR_W=s32'00000000000000000000000000110000..
Finding unused cells or wires in module $paramod\baseline_prefetch_unit\ADDR_W=s32'00000000000000000000000000110000..
Finding unused cells or wires in module \nearcore_stub_baseline..

3.12. Executing ALUMACC pass (create $alu and $macc cells).
Extracting $alu and $macc cells in module $paramod\baseline_core_stub_with_prefetch_interface\ADDR_W=s32'00000000000000000000000000110000:
  creating $macc model for $add$research/rtl/integration/copper_near_core_stub.sv:35$22 ($add).
  creating $macc model for $add$research/rtl/integration/copper_near_core_stub.sv:36$23 ($add).
  creating $alu model for $macc $add$research/rtl/integration/copper_near_core_stub.sv:36$23.
  creating $alu model for $macc $add$research/rtl/integration/copper_near_core_stub.sv:35$22.
  creating $alu cell for $add$research/rtl/integration/copper_near_core_stub.sv:35$22: $auto$alumacc.cc:485:replace_alu$27
  creating $alu cell for $add$research/rtl/integration/copper_near_core_stub.sv:36$23: $auto$alumacc.cc:485:replace_alu$30
  created 2 $alu and 0 $macc cells.
Extracting $alu and $macc cells in module $paramod\baseline_prefetch_unit\ADDR_W=s32'00000000000000000000000000110000:
  creating $macc model for $add$research/baseline_prefetch_unit.sv:16$17 ($add).
  creating $alu model for $macc $add$research/baseline_prefetch_unit.sv:16$17.
  creating $alu cell for $add$research/baseline_prefetch_unit.sv:16$17: $auto$alumacc.cc:485:replace_alu$33
  created 1 $alu and 0 $macc cells.
Extracting $alu and $macc cells in module nearcore_stub_baseline:
  created 0 $alu and 0 $macc cells.

3.13. Executing SHARE pass (SAT-based resource sharing).

3.14. Executing OPT pass (performing simple optimizations).

3.14.1. Executing OPT_EXPR pass (perform const folding).
Optimizing module $paramod\baseline_core_stub_with_prefetch_interface\ADDR_W=s32'00000000000000000000000000110000.
Optimizing module $paramod\baseline_prefetch_unit\ADDR_W=s32'00000000000000000000000000110000.
Optimizing module nearcore_stub_baseline.

3.14.2. Executing OPT_MERGE pass (detect identical cells).
Finding identical cells in module `$paramod\baseline_core_stub_with_prefetch_interface\ADDR_W=s32'00000000000000000000000000110000'.
Finding identical cells in module `$paramod\baseline_prefetch_unit\ADDR_W=s32'00000000000000000000000000110000'.
Finding identical cells in module `\nearcore_stub_baseline'.
Removed a total of 0 cells.

3.14.3. Executing OPT_MUXTREE pass (detect dead branches in mux trees).
Running muxtree optimizer on module $paramod\baseline_core_stub_with_prefetch_interface\ADDR_W=s32'00000000000000000000000000110000..
  Creating internal representation of mux trees.
  No muxes found in this module.
Running muxtree optimizer on module $paramod\baseline_prefetch_unit\ADDR_W=s32'00000000000000000000000000110000..
  Creating internal representation of mux trees.
  No muxes found in this module.
Running muxtree optimizer on module \nearcore_stub_baseline..
  Creating internal representation of mux trees.
  No muxes found in this module.
Removed 0 multiplexer ports.

3.14.4. Executing OPT_REDUCE pass (consolidate $*mux and $reduce_* inputs).
  Optimizing cells in module $paramod\baseline_core_stub_with_prefetch_interface\ADDR_W=s32'00000000000000000000000000110000.
  Optimizing cells in module $paramod\baseline_prefetch_unit\ADDR_W=s32'00000000000000000000000000110000.
  Optimizing cells in module \nearcore_stub_baseline.
Performed a total of 0 changes.

3.14.5. Executing OPT_MERGE pass (detect identical cells).
Finding identical cells in module `$paramod\baseline_core_stub_with_prefetch_interface\ADDR_W=s32'00000000000000000000000000110000'.
Finding identical cells in module `$paramod\baseline_prefetch_unit\ADDR_W=s32'00000000000000000000000000110000'.
Finding identical cells in module `\nearcore_stub_baseline'.
Removed a total of 0 cells.

3.14.6. Executing OPT_DFF pass (perform DFF optimizations).

3.14.7. Executing OPT_CLEAN pass (remove unused cells and wires).
Finding unused cells or wires in module $paramod\baseline_core_stub_with_prefetch_interface\ADDR_W=s32'00000000000000000000000000110000..
Finding unused cells or wires in module $paramod\baseline_prefetch_unit\ADDR_W=s32'00000000000000000000000000110000..
Finding unused cells or wires in module \nearcore_stub_baseline..

3.14.8. Executing OPT_EXPR pass (perform const folding).
Optimizing module $paramod\baseline_core_stub_with_prefetch_interface\ADDR_W=s32'00000000000000000000000000110000.
Optimizing module $paramod\baseline_prefetch_unit\ADDR_W=s32'00000000000000000000000000110000.
Optimizing module nearcore_stub_baseline.

3.14.9. Finished OPT passes. (There is nothing left to do.)

3.15. Executing MEMORY pass.

3.15.1. Executing OPT_MEM pass (optimize memories).
Performed a total of 0 transformations.

3.15.2. Executing OPT_MEM_PRIORITY pass (removing unnecessary memory write priority relations).
Performed a total of 0 transformations.

3.15.3. Executing OPT_MEM_FEEDBACK pass (finding memory read-to-write feedback paths).

3.15.4. Executing MEMORY_BMUX2ROM pass (converting muxes to ROMs).

3.15.5. Executing MEMORY_DFF pass (merging $dff cells to $memrd).

3.15.6. Executing OPT_CLEAN pass (remove unused cells and wires).
Finding unused cells or wires in module $paramod\baseline_core_stub_with_prefetch_interface\ADDR_W=s32'00000000000000000000000000110000..
Finding unused cells or wires in module $paramod\baseline_prefetch_unit\ADDR_W=s32'00000000000000000000000000110000..
Finding unused cells or wires in module \nearcore_stub_baseline..

3.15.7. Executing MEMORY_SHARE pass (consolidating $memrd/$memwr cells).

3.15.8. Executing OPT_MEM_WIDEN pass (optimize memories where all ports are wide).
Performed a total of 0 transformations.

3.15.9. Executing OPT_CLEAN pass (remove unused cells and wires).
Finding unused cells or wires in module $paramod\baseline_core_stub_with_prefetch_interface\ADDR_W=s32'00000000000000000000000000110000..
Finding unused cells or wires in module $paramod\baseline_prefetch_unit\ADDR_W=s32'00000000000000000000000000110000..
Finding unused cells or wires in module \nearcore_stub_baseline..

3.15.10. Executing MEMORY_COLLECT pass (generating $mem cells).

3.16. Executing OPT_CLEAN pass (remove unused cells and wires).
Finding unused cells or wires in module $paramod\baseline_core_stub_with_prefetch_interface\ADDR_W=s32'00000000000000000000000000110000..
Finding unused cells or wires in module $paramod\baseline_prefetch_unit\ADDR_W=s32'00000000000000000000000000110000..
Finding unused cells or wires in module \nearcore_stub_baseline..

3.17. Executing OPT pass (performing simple optimizations).

3.17.1. Executing OPT_EXPR pass (perform const folding).
Optimizing module $paramod\baseline_core_stub_with_prefetch_interface\ADDR_W=s32'00000000000000000000000000110000.
<suppressed ~1 debug messages>
Optimizing module $paramod\baseline_prefetch_unit\ADDR_W=s32'00000000000000000000000000110000.
<suppressed ~1 debug messages>
Optimizing module nearcore_stub_baseline.

3.17.2. Executing OPT_MERGE pass (detect identical cells).
Finding identical cells in module `$paramod\baseline_core_stub_with_prefetch_interface\ADDR_W=s32'00000000000000000000000000110000'.
Finding identical cells in module `$paramod\baseline_prefetch_unit\ADDR_W=s32'00000000000000000000000000110000'.
Finding identical cells in module `\nearcore_stub_baseline'.
Removed a total of 0 cells.

3.17.3. Executing OPT_DFF pass (perform DFF optimizations).

3.17.4. Executing OPT_CLEAN pass (remove unused cells and wires).
Finding unused cells or wires in module $paramod\baseline_core_stub_with_prefetch_interface\ADDR_W=s32'00000000000000000000000000110000..
Finding unused cells or wires in module $paramod\baseline_prefetch_unit\ADDR_W=s32'00000000000000000000000000110000..
Finding unused cells or wires in module \nearcore_stub_baseline..

3.17.5. Finished fast OPT passes.

3.18. Executing MEMORY_MAP pass (converting memories to logic and flip-flops).

3.19. Executing OPT pass (performing simple optimizations).

3.19.1. Executing OPT_EXPR pass (perform const folding).
Optimizing module $paramod\baseline_core_stub_with_prefetch_interface\ADDR_W=s32'00000000000000000000000000110000.
Optimizing module $paramod\baseline_prefetch_unit\ADDR_W=s32'00000000000000000000000000110000.
Optimizing module nearcore_stub_baseline.

3.19.2. Executing OPT_MERGE pass (detect identical cells).
Finding identical cells in module `$paramod\baseline_core_stub_with_prefetch_interface\ADDR_W=s32'00000000000000000000000000110000'.
Finding identical cells in module `$paramod\baseline_prefetch_unit\ADDR_W=s32'00000000000000000000000000110000'.
Finding identical cells in module `\nearcore_stub_baseline'.
Removed a total of 0 cells.

3.19.3. Executing OPT_MUXTREE pass (detect dead branches in mux trees).
Running muxtree optimizer on module $paramod\baseline_core_stub_with_prefetch_interface\ADDR_W=s32'00000000000000000000000000110000..
  Creating internal representation of mux trees.
  No muxes found in this module.
Running muxtree optimizer on module $paramod\baseline_prefetch_unit\ADDR_W=s32'00000000000000000000000000110000..
  Creating internal representation of mux trees.
  No muxes found in this module.
Running muxtree optimizer on module \nearcore_stub_baseline..
  Creating internal representation of mux trees.
  No muxes found in this module.
Removed 0 multiplexer ports.

3.19.4. Executing OPT_REDUCE pass (consolidate $*mux and $reduce_* inputs).
  Optimizing cells in module $paramod\baseline_core_stub_with_prefetch_interface\ADDR_W=s32'00000000000000000000000000110000.
  Optimizing cells in module $paramod\baseline_prefetch_unit\ADDR_W=s32'00000000000000000000000000110000.
  Optimizing cells in module \nearcore_stub_baseline.
Performed a total of 0 changes.

3.19.5. Executing OPT_MERGE pass (detect identical cells).
Finding identical cells in module `$paramod\baseline_core_stub_with_prefetch_interface\ADDR_W=s32'00000000000000000000000000110000'.
Finding identical cells in module `$paramod\baseline_prefetch_unit\ADDR_W=s32'00000000000000000000000000110000'.
Finding identical cells in module `\nearcore_stub_baseline'.
Removed a total of 0 cells.

3.19.6. Executing OPT_SHARE pass.

3.19.7. Executing OPT_DFF pass (perform DFF optimizations).
Adding EN signal on $procdff$25 ($adff) from module $paramod\baseline_core_stub_with_prefetch_interface\ADDR_W=s32'00000000000000000000000000110000 (D = \demand_addr [5:0], Q = \demand_addr [5:0]).
Handling D = Q on $auto$ff.cc:266:slice$36 ($adffe) from module $paramod\baseline_core_stub_with_prefetch_interface\ADDR_W=s32'00000000000000000000000000110000 (removing D path).
Setting constant 0-bit at position 0 on $auto$ff.cc:266:slice$36 ($dlatch) from module $paramod\baseline_core_stub_with_prefetch_interface\ADDR_W=s32'00000000000000000000000000110000.
Setting constant 0-bit at position 1 on $auto$ff.cc:266:slice$36 ($dlatch) from module $paramod\baseline_core_stub_with_prefetch_interface\ADDR_W=s32'00000000000000000000000000110000.
Setting constant 0-bit at position 2 on $auto$ff.cc:266:slice$36 ($dlatch) from module $paramod\baseline_core_stub_with_prefetch_interface\ADDR_W=s32'00000000000000000000000000110000.
Setting constant 0-bit at position 3 on $auto$ff.cc:266:slice$36 ($dlatch) from module $paramod\baseline_core_stub_with_prefetch_interface\ADDR_W=s32'00000000000000000000000000110000.
Setting constant 0-bit at position 4 on $auto$ff.cc:266:slice$36 ($dlatch) from module $paramod\baseline_core_stub_with_prefetch_interface\ADDR_W=s32'00000000000000000000000000110000.
Setting constant 0-bit at position 5 on $auto$ff.cc:266:slice$36 ($dlatch) from module $paramod\baseline_core_stub_with_prefetch_interface\ADDR_W=s32'00000000000000000000000000110000.

3.19.8. Executing OPT_CLEAN pass (remove unused cells and wires).
Finding unused cells or wires in module $paramod\baseline_core_stub_with_prefetch_interface\ADDR_W=s32'00000000000000000000000000110000..
Finding unused cells or wires in module $paramod\baseline_prefetch_unit\ADDR_W=s32'00000000000000000000000000110000..
Finding unused cells or wires in module \nearcore_stub_baseline..
Removed 1 unused cells and 1 unused wires.
<suppressed ~2 debug messages>

3.19.9. Executing OPT_EXPR pass (perform const folding).
Optimizing module $paramod\baseline_core_stub_with_prefetch_interface\ADDR_W=s32'00000000000000000000000000110000.
Optimizing module $paramod\baseline_prefetch_unit\ADDR_W=s32'00000000000000000000000000110000.
Optimizing module nearcore_stub_baseline.

3.19.10. Rerunning OPT passes. (Maybe there is more to do..)

3.19.11. Executing OPT_MUXTREE pass (detect dead branches in mux trees).
Running muxtree optimizer on module $paramod\baseline_core_stub_with_prefetch_interface\ADDR_W=s32'00000000000000000000000000110000..
  Creating internal representation of mux trees.
  No muxes found in this module.
Running muxtree optimizer on module $paramod\baseline_prefetch_unit\ADDR_W=s32'00000000000000000000000000110000..
  Creating internal representation of mux trees.
  No muxes found in this module.
Running muxtree optimizer on module \nearcore_stub_baseline..
  Creating internal representation of mux trees.
  No muxes found in this module.
Removed 0 multiplexer ports.

3.19.12. Executing OPT_REDUCE pass (consolidate $*mux and $reduce_* inputs).
  Optimizing cells in module $paramod\baseline_core_stub_with_prefetch_interface\ADDR_W=s32'00000000000000000000000000110000.
  Optimizing cells in module $paramod\baseline_prefetch_unit\ADDR_W=s32'00000000000000000000000000110000.
  Optimizing cells in module \nearcore_stub_baseline.
Performed a total of 0 changes.

3.19.13. Executing OPT_MERGE pass (detect identical cells).
Finding identical cells in module `$paramod\baseline_core_stub_with_prefetch_interface\ADDR_W=s32'00000000000000000000000000110000'.
Finding identical cells in module `$paramod\baseline_prefetch_unit\ADDR_W=s32'00000000000000000000000000110000'.
Finding identical cells in module `\nearcore_stub_baseline'.
Removed a total of 0 cells.

3.19.14. Executing OPT_SHARE pass.

3.19.15. Executing OPT_DFF pass (perform DFF optimizations).

3.19.16. Executing OPT_CLEAN pass (remove unused cells and wires).
Finding unused cells or wires in module $paramod\baseline_core_stub_with_prefetch_interface\ADDR_W=s32'00000000000000000000000000110000..
Finding unused cells or wires in module $paramod\baseline_prefetch_unit\ADDR_W=s32'00000000000000000000000000110000..
Finding unused cells or wires in module \nearcore_stub_baseline..

3.19.17. Executing OPT_EXPR pass (perform const folding).
Optimizing module $paramod\baseline_core_stub_with_prefetch_interface\ADDR_W=s32'00000000000000000000000000110000.
Optimizing module $paramod\baseline_prefetch_unit\ADDR_W=s32'00000000000000000000000000110000.
Optimizing module nearcore_stub_baseline.

3.19.18. Finished OPT passes. (There is nothing left to do.)

3.20. Executing TECHMAP pass (map to technology primitives).

3.20.1. Executing Verilog-2005 frontend: /usr/bin/../share/yosys/techmap.v
Parsing Verilog input from `/usr/bin/../share/yosys/techmap.v' to AST representation.
Generating RTLIL representation for module `\_90_simplemap_bool_ops'.
Generating RTLIL representation for module `\_90_simplemap_reduce_ops'.
Generating RTLIL representation for module `\_90_simplemap_logic_ops'.
Generating RTLIL representation for module `\_90_simplemap_compare_ops'.
Generating RTLIL representation for module `\_90_simplemap_various'.
Generating RTLIL representation for module `\_90_simplemap_registers'.
Generating RTLIL representation for module `\_90_shift_ops_shr_shl_sshl_sshr'.
Generating RTLIL representation for module `\_90_shift_shiftx'.
Generating RTLIL representation for module `\_90_fa'.
Generating RTLIL representation for module `\_90_lcu'.
Generating RTLIL representation for module `\_90_alu'.
Generating RTLIL representation for module `\_90_macc'.
Generating RTLIL representation for module `\_90_alumacc'.
Generating RTLIL representation for module `\$__div_mod_u'.
Generating RTLIL representation for module `\$__div_mod_trunc'.
Generating RTLIL representation for module `\_90_div'.
Generating RTLIL representation for module `\_90_mod'.
Generating RTLIL representation for module `\$__div_mod_floor'.
Generating RTLIL representation for module `\_90_divfloor'.
Generating RTLIL representation for module `\_90_modfloor'.
Generating RTLIL representation for module `\_90_pow'.
Generating RTLIL representation for module `\_90_pmux'.
Generating RTLIL representation for module `\_90_demux'.
Generating RTLIL representation for module `\_90_lut'.
Successfully finished Verilog frontend.

3.20.2. Continuing TECHMAP pass.
Using extmapper simplemap for cells of type $logic_and.
Using template $paramod$ac602bf6f8804b85f01552976a3b94773e929abd\_90_alu for cells of type $alu.
Using extmapper simplemap for cells of type $xor.
Using extmapper simplemap for cells of type $and.
Using template $paramod\_90_lcu\WIDTH=32'00000000000000000000000000101010 for cells of type $lcu.
Using extmapper simplemap for cells of type $pos.
Using extmapper simplemap for cells of type $mux.
Using extmapper simplemap for cells of type $not.
Using extmapper simplemap for cells of type $or.
Using extmapper simplemap for cells of type $adff.
Using template $paramod$2af30114e9bd4ccb04dad757b3f0a8f6bf0615b0\_90_alu for cells of type $alu.
Using template $paramod\_90_lcu\WIDTH=32'00000000000000000000000000010000 for cells of type $lcu.
No more expansions possible.
<suppressed ~847 debug messages>

3.21. Executing OPT pass (performing simple optimizations).

3.21.1. Executing OPT_EXPR pass (perform const folding).
Optimizing module $paramod\baseline_core_stub_with_prefetch_interface\ADDR_W=s32'00000000000000000000000000110000.
<suppressed ~328 debug messages>
Optimizing module $paramod\baseline_prefetch_unit\ADDR_W=s32'00000000000000000000000000110000.
<suppressed ~239 debug messages>
Optimizing module nearcore_stub_baseline.

3.21.2. Executing OPT_MERGE pass (detect identical cells).
Finding identical cells in module `$paramod\baseline_core_stub_with_prefetch_interface\ADDR_W=s32'00000000000000000000000000110000'.
<suppressed ~6 debug messages>
Finding identical cells in module `$paramod\baseline_prefetch_unit\ADDR_W=s32'00000000000000000000000000110000'.
<suppressed ~3 debug messages>
Finding identical cells in module `\nearcore_stub_baseline'.
Removed a total of 3 cells.

3.21.3. Executing OPT_DFF pass (perform DFF optimizations).

3.21.4. Executing OPT_CLEAN pass (remove unused cells and wires).
Finding unused cells or wires in module $paramod\baseline_core_stub_with_prefetch_interface\ADDR_W=s32'00000000000000000000000000110000..
Finding unused cells or wires in module $paramod\baseline_prefetch_unit\ADDR_W=s32'00000000000000000000000000110000..
Finding unused cells or wires in module \nearcore_stub_baseline..
Removed 105 unused cells and 342 unused wires.
<suppressed ~107 debug messages>

3.21.5. Finished fast OPT passes.

3.22. Executing ABC pass (technology mapping using ABC).

3.22.1. Extracting gate netlist of module `$paramod\baseline_core_stub_with_prefetch_interface\ADDR_W=s32'00000000000000000000000000110000' to `<abc-temp-dir>/input.blif'..
Extracted 153 gates and 211 wires to a netlist network with 58 inputs and 58 outputs.

3.22.1.1. Executing ABC.
Running ABC command: "<yosys-exe-dir>/yosys-abc" -s -f <abc-temp-dir>/abc.script 2>&1
ABC: ABC command line: "source <abc-temp-dir>/abc.script".
ABC:
ABC: + read_blif <abc-temp-dir>/input.blif
ABC: + read_library <abc-temp-dir>/stdcells.genlib
ABC: Entered genlib library with 13 gates from file "<abc-temp-dir>/stdcells.genlib".
ABC: + strash
ABC: + dretime
ABC: + map
ABC: + write_blif <abc-temp-dir>/output.blif

3.22.1.2. Re-integrating ABC results.
ABC RESULTS:               NOT cells:        2
ABC RESULTS:             ORNOT cells:        2
ABC RESULTS:               AND cells:        6
ABC RESULTS:              NAND cells:       26
ABC RESULTS:                OR cells:       35
ABC RESULTS:              XNOR cells:       23
ABC RESULTS:            ANDNOT cells:       26
ABC RESULTS:               XOR cells:       33
ABC RESULTS:        internal signals:       95
ABC RESULTS:           input signals:       58
ABC RESULTS:          output signals:       58
Removing temp directory.

3.22.2. Extracting gate netlist of module `$paramod\baseline_prefetch_unit\ADDR_W=s32'00000000000000000000000000110000' to `<abc-temp-dir>/input.blif'..
Extracted 116 gates and 160 wires to a netlist network with 44 inputs and 43 outputs.

3.22.2.1. Executing ABC.
Running ABC command: "<yosys-exe-dir>/yosys-abc" -s -f <abc-temp-dir>/abc.script 2>&1
ABC: ABC command line: "source <abc-temp-dir>/abc.script".
ABC:
ABC: + read_blif <abc-temp-dir>/input.blif
ABC: + read_library <abc-temp-dir>/stdcells.genlib
ABC: Entered genlib library with 13 gates from file "<abc-temp-dir>/stdcells.genlib".
ABC: + strash
ABC: + dretime
ABC: + map
ABC: + write_blif <abc-temp-dir>/output.blif

3.22.2.2. Re-integrating ABC results.
ABC RESULTS:               NOT cells:        1
ABC RESULTS:               NOR cells:        1
ABC RESULTS:               AND cells:        2
ABC RESULTS:             ORNOT cells:        1
ABC RESULTS:              NAND cells:       20
ABC RESULTS:                OR cells:       31
ABC RESULTS:              XNOR cells:       19
ABC RESULTS:            ANDNOT cells:       19
ABC RESULTS:               XOR cells:       22
ABC RESULTS:        internal signals:       73
ABC RESULTS:           input signals:       44
ABC RESULTS:          output signals:       43
Removing temp directory.

3.22.3. Extracting gate netlist of module `\nearcore_stub_baseline' to `<abc-temp-dir>/input.blif'..
Extracted 0 gates and 0 wires to a netlist network with 0 inputs and 0 outputs.
Don't call ABC as there is nothing to map.
Removing temp directory.

3.23. Executing OPT pass (performing simple optimizations).

3.23.1. Executing OPT_EXPR pass (perform const folding).
Optimizing module $paramod\baseline_core_stub_with_prefetch_interface\ADDR_W=s32'00000000000000000000000000110000.
Optimizing module $paramod\baseline_prefetch_unit\ADDR_W=s32'00000000000000000000000000110000.
Optimizing module nearcore_stub_baseline.

3.23.2. Executing OPT_MERGE pass (detect identical cells).
Finding identical cells in module `$paramod\baseline_core_stub_with_prefetch_interface\ADDR_W=s32'00000000000000000000000000110000'.
Finding identical cells in module `$paramod\baseline_prefetch_unit\ADDR_W=s32'00000000000000000000000000110000'.
Finding identical cells in module `\nearcore_stub_baseline'.
Removed a total of 0 cells.

3.23.3. Executing OPT_DFF pass (perform DFF optimizations).

3.23.4. Executing OPT_CLEAN pass (remove unused cells and wires).
Finding unused cells or wires in module $paramod\baseline_core_stub_with_prefetch_interface\ADDR_W=s32'00000000000000000000000000110000..
Finding unused cells or wires in module $paramod\baseline_prefetch_unit\ADDR_W=s32'00000000000000000000000000110000..
Finding unused cells or wires in module \nearcore_stub_baseline..
Removed 0 unused cells and 280 unused wires.
<suppressed ~2 debug messages>

3.23.5. Finished fast OPT passes.

3.24. Executing HIERARCHY pass (managing design hierarchy).

3.24.1. Analyzing design hierarchy..
Top module:  \nearcore_stub_baseline
Used module:     $paramod\baseline_core_stub_with_prefetch_interface\ADDR_W=s32'00000000000000000000000000110000
Used module:         $paramod\baseline_prefetch_unit\ADDR_W=s32'00000000000000000000000000110000

3.24.2. Analyzing design hierarchy..
Top module:  \nearcore_stub_baseline
Used module:     $paramod\baseline_core_stub_with_prefetch_interface\ADDR_W=s32'00000000000000000000000000110000
Used module:         $paramod\baseline_prefetch_unit\ADDR_W=s32'00000000000000000000000000110000
Removed 0 unused modules.

3.25. Printing statistics.

=== $paramod\baseline_core_stub_with_prefetch_interface\ADDR_W=s32'00000000000000000000000000110000 ===

   Number of wires:                107
   Number of wire bits:            328
   Number of public wires:           8
   Number of public wire bits:     117
   Number of memories:               0
   Number of memory bits:            0
   Number of processes:              0
   Number of cells:                213
     $_ANDNOT_                      26
     $_AND_                          6
     $_DFF_PN0_                     59
     $_NAND_                        26
     $_NOT_                          2
     $_ORNOT_                        2
     $_OR_                          35
     $_XNOR_                        23
     $_XOR_                         33
     $paramod\baseline_prefetch_unit\ADDR_W=s32'00000000000000000000000000110000      1

=== $paramod\baseline_prefetch_unit\ADDR_W=s32'00000000000000000000000000110000 ===

   Number of wires:                 80
   Number of wire bits:            174
   Number of public wires:           7
   Number of public wire bits:     101
   Number of memories:               0
   Number of memory bits:            0
   Number of processes:              0
   Number of cells:                116
     $_ANDNOT_                      19
     $_AND_                          2
     $_NAND_                        20
     $_NOR_                          1
     $_NOT_                          1
     $_ORNOT_                        1
     $_OR_                          31
     $_XNOR_                        19
     $_XOR_                         22

=== nearcore_stub_baseline ===

   Number of wires:                  6
   Number of wire bits:             68
   Number of public wires:           6
   Number of public wire bits:      68
   Number of memories:               0
   Number of memory bits:            0
   Number of processes:              0
   Number of cells:                  1
     $paramod\baseline_core_stub_with_prefetch_interface\ADDR_W=s32'00000000000000000000000000110000      1

=== design hierarchy ===

   nearcore_stub_baseline            1
     $paramod\baseline_core_stub_with_prefetch_interface\ADDR_W=s32'00000000000000000000000000110000      1
       $paramod\baseline_prefetch_unit\ADDR_W=s32'00000000000000000000000000110000      1

   Number of wires:                193
   Number of wire bits:            570
   Number of public wires:          21
   Number of public wire bits:     286
   Number of memories:               0
   Number of memory bits:            0
   Number of processes:              0
   Number of cells:                328
     $_ANDNOT_                      45
     $_AND_                          8
     $_DFF_PN0_                     59
     $_NAND_                        46
     $_NOR_                          1
     $_NOT_                          3
     $_ORNOT_                        3
     $_OR_                          66
     $_XNOR_                        42
     $_XOR_                         55

3.26. Executing CHECK pass (checking for obvious problems).
Checking module $paramod\baseline_core_stub_with_prefetch_interface\ADDR_W=s32'00000000000000000000000000110000...
Checking module $paramod\baseline_prefetch_unit\ADDR_W=s32'00000000000000000000000000110000...
Checking module nearcore_stub_baseline...
Found and reported 0 problems.

4. Printing statistics.

=== $paramod\baseline_core_stub_with_prefetch_interface\ADDR_W=s32'00000000000000000000000000110000 ===

   Number of wires:                107
   Number of wire bits:            328
   Number of public wires:           8
   Number of public wire bits:     117
   Number of memories:               0
   Number of memory bits:            0
   Number of processes:              0
   Number of cells:                213
     $_ANDNOT_                      26
     $_AND_                          6
     $_DFF_PN0_                     59
     $_NAND_                        26
     $_NOT_                          2
     $_ORNOT_                        2
     $_OR_                          35
     $_XNOR_                        23
     $_XOR_                         33
     $paramod\baseline_prefetch_unit\ADDR_W=s32'00000000000000000000000000110000      1

=== $paramod\baseline_prefetch_unit\ADDR_W=s32'00000000000000000000000000110000 ===

   Number of wires:                 80
   Number of wire bits:            174
   Number of public wires:           7
   Number of public wire bits:     101
   Number of memories:               0
   Number of memory bits:            0
   Number of processes:              0
   Number of cells:                116
     $_ANDNOT_                      19
     $_AND_                          2
     $_NAND_                        20
     $_NOR_                          1
     $_NOT_                          1
     $_ORNOT_                        1
     $_OR_                          31
     $_XNOR_                        19
     $_XOR_                         22

=== nearcore_stub_baseline ===

   Number of wires:                  6
   Number of wire bits:             68
   Number of public wires:           6
   Number of public wire bits:      68
   Number of memories:               0
   Number of memory bits:            0
   Number of processes:              0
   Number of cells:                  1
     $paramod\baseline_core_stub_with_prefetch_interface\ADDR_W=s32'00000000000000000000000000110000      1

=== design hierarchy ===

   nearcore_stub_baseline            1
     $paramod\baseline_core_stub_with_prefetch_interface\ADDR_W=s32'00000000000000000000000000110000      1
       $paramod\baseline_prefetch_unit\ADDR_W=s32'00000000000000000000000000110000      1

   Number of wires:                193
   Number of wire bits:            570
   Number of public wires:          21
   Number of public wire bits:     286
   Number of memories:               0
   Number of memory bits:            0
   Number of processes:              0
   Number of cells:                328
     $_ANDNOT_                      45
     $_AND_                          8
     $_DFF_PN0_                     59
     $_NAND_                        46
     $_NOR_                          1
     $_NOT_                          3
     $_ORNOT_                        3
     $_OR_                          66
     $_XNOR_                        42
     $_XOR_                         55

End of script. Logfile hash: dd94406b59, CPU: user 0.21s system 0.01s, MEM: 17.29 MB peak
Yosys 0.33 (git sha1 2584903a060)
Time spent: 23% 1x abc (0 sec), 18% 1x techmap (0 sec), ...
