#-----------------------------------------------------------
# xsim v2025.2 (64-bit)
# SW Build 6299465 on Fri Nov 14 19:35:11 GMT 2025
# IP Build 6300035 on Fri Nov 14 10:48:45 MST 2025
# SharedData Build 6298862 on Thu Nov 13 04:50:51 MST 2025
# Start of session at: Sat Jun 20 01:20:06 2026
# Process ID         : 26644
# Current directory  : C:/Users/tyboy/OneDrive/Documents/novel-arm
# Command line       : xsim.exe -log research\results\copper_amba_sari_frontdoor_xsim_20260620.log -mode tcl -source {xsim.dir/copper_amba_sari_frontdoor_tb_sim/xsim_script.tcl}
# Log file           : C:/Users/tyboy/OneDrive/Documents/novel-arm/research/results/copper_amba_sari_frontdoor_xsim_20260620.log
# Journal file       : C:/Users/tyboy/OneDrive/Documents/novel-arm\xsim.jou
# Running On         : Tyler
# Platform           : Windows Server 2016 or Windows 10
# Operating System   : 26200
# Processor Detail   : AMD Ryzen 7 7700X 8-Core Processor             
# CPU Frequency      : 4491 MHz
# CPU Physical cores : 8
# CPU Logical cores  : 16
# Host memory        : 33456 MB
# Swap memory        : 3543 MB
# Total Virtual      : 37000 MB
# Available Virtual  : 13965 MB
#-----------------------------------------------------------
source xsim.dir/copper_amba_sari_frontdoor_tb_sim/xsim_script.tcl
# xsim {copper_amba_sari_frontdoor_tb_sim} -autoloadwcfg -runall
Time resolution is 1 ps
run -all
COPPER AMBA-SARI frontdoor completed: directed=10 random=10000 read_only=367 read_unique=723 clean_inv=707 make_inv=665 writeback=729 dma=2289 io=2319 triple=165 remap=590 dvm_token=189 dvm_all=163 backpressure=525 hold=6383 random_source=5993 random_target=925 errors=0
$finish called at time : 10010 ns : File "C:/Users/tyboy/OneDrive/Documents/novel-arm/research/copper_amba_sari_frontdoor_tb.sv" Line 468
exit
INFO: [Common 17-206] Exiting xsim at Sat Jun 20 01:20:08 2026...
