Copyright 1986-2022 Xilinx, Inc. All Rights Reserved. Copyright 2022-2025 Advanced Micro Devices, Inc. All Rights Reserved.
---------------------------------------------------------------------------------------------------------------------------------------------
| Tool Version : Vivado v.2025.2 (win64) Build 6299465 Fri Nov 14 19:35:11 GMT 2025
| Date         : Sat Jun 20 17:15:30 2026
| Host         : Tyler running 64-bit major release  (build 9200)
| Command      : report_timing_summary -file research/results/copper_cavi_authority_issue_gate_timing.rpt
| Design       : copper_cavi_authority_issue_gate
| Device       : 7a35t-cpg236
| Speed File   : -1  PRODUCTION 1.23 2018-06-13
| Design State : Synthesized
---------------------------------------------------------------------------------------------------------------------------------------------

Timing Summary Report

------------------------------------------------------------------------------------------------
| Timer Settings
| --------------
------------------------------------------------------------------------------------------------

  Enable Multi Corner Analysis               :  Yes
  Enable Pessimism Removal                   :  Yes
  Pessimism Removal Resolution               :  Nearest Common Node
  Enable Input Delay Default Clock           :  No
  Enable Preset / Clear Arcs                 :  No
  Disable Flight Delays                      :  No
  Ignore I/O Paths                           :  No
  Timing Early Launch at Borrowing Latches   :  No
  Borrow Time for Max Delay Exceptions       :  Yes
  Merge Timing Exceptions                    :  Yes
  Inter-SLR Compensation                     :  Conservative

  Corner  Analyze    Analyze    
  Name    Max Paths  Min Paths  
  ------  ---------  ---------  
  Slow    Yes        Yes        
  Fast    Yes        Yes        


------------------------------------------------------------------------------------------------
| Report Methodology
| ------------------
------------------------------------------------------------------------------------------------

No report available as report_methodology has not been run prior. Run report_methodology on the current design for the summary of methodology violations.



check_timing report

Table of Contents
-----------------
1. checking no_clock (0)
2. checking constant_clock (0)
3. checking pulse_width_clock (0)
4. checking unconstrained_internal_endpoints (0)
5. checking no_input_delay (111)
6. checking no_output_delay (17)
7. checking multiple_clock (0)
8. checking generated_clocks (0)
9. checking loops (0)
10. checking partial_input_delay (0)
11. checking partial_output_delay (0)
12. checking latch_loops (0)

1. checking no_clock (0)
------------------------
 There are 0 register/latch pins with no clock.


2. checking constant_clock (0)
------------------------------
 There are 0 register/latch pins with constant_clock.


3. checking pulse_width_clock (0)
---------------------------------
 There are 0 register/latch pins which need pulse_width check


4. checking unconstrained_internal_endpoints (0)
------------------------------------------------
 There are 0 pins that are not constrained for maximum delay.

 There are 0 pins that are not constrained for maximum delay due to constant clock.


5. checking no_input_delay (111)
--------------------------------
 There are 111 input ports with no input delay specified. (HIGH)

 There are 0 input ports with no input delay but user has a false path constraint.


6. checking no_output_delay (17)
--------------------------------
 There are 17 ports with no output delay specified. (HIGH)

 There are 0 ports with no output delay but user has a false path constraint

 There are 0 ports with no output delay but with a timing clock defined on it or propagating through it


7. checking multiple_clock (0)
------------------------------
 There are 0 register/latch pins with multiple clocks.


8. checking generated_clocks (0)
--------------------------------
 There are 0 generated clocks that are not connected to a clock source.


9. checking loops (0)
---------------------
 There are 0 combinational loops in the design.


10. checking partial_input_delay (0)
------------------------------------
 There are 0 input ports with partial input delay specified.


11. checking partial_output_delay (0)
-------------------------------------
 There are 0 ports with partial output delay specified.


12. checking latch_loops (0)
----------------------------
 There are 0 combinational latch loops in the design through latch input



------------------------------------------------------------------------------------------------
| Design Timing Summary
| ---------------------
------------------------------------------------------------------------------------------------

    WNS(ns)      TNS(ns)  TNS Failing Endpoints  TNS Total Endpoints      WHS(ns)      THS(ns)  THS Failing Endpoints  THS Total Endpoints     WPWS(ns)     TPWS(ns)  TPWS Failing Endpoints  TPWS Total Endpoints  
    -------      -------  ---------------------  -------------------      -------      -------  ---------------------  -------------------     --------     --------  ----------------------  --------------------  
      1.149        0.000                      0                 2791        0.148        0.000                      0                 2791        4.500        0.000                       0                  2792  


All user specified timing constraints are met.


------------------------------------------------------------------------------------------------
| Clock Summary
| -------------
------------------------------------------------------------------------------------------------

Clock  Waveform(ns)       Period(ns)      Frequency(MHz)
-----  ------------       ----------      --------------
clk    {0.000 5.000}      10.000          100.000         


------------------------------------------------------------------------------------------------
| Intra Clock Table
| -----------------
------------------------------------------------------------------------------------------------

Clock             WNS(ns)      TNS(ns)  TNS Failing Endpoints  TNS Total Endpoints      WHS(ns)      THS(ns)  THS Failing Endpoints  THS Total Endpoints     WPWS(ns)     TPWS(ns)  TPWS Failing Endpoints  TPWS Total Endpoints  
-----             -------      -------  ---------------------  -------------------      -------      -------  ---------------------  -------------------     --------     --------  ----------------------  --------------------  
clk                 1.149        0.000                      0                 2791        0.148        0.000                      0                 2791        4.500        0.000                       0                  2792  


------------------------------------------------------------------------------------------------
| Inter Clock Table
| -----------------
------------------------------------------------------------------------------------------------

From Clock    To Clock          WNS(ns)      TNS(ns)  TNS Failing Endpoints  TNS Total Endpoints      WHS(ns)      THS(ns)  THS Failing Endpoints  THS Total Endpoints  
----------    --------          -------      -------  ---------------------  -------------------      -------      -------  ---------------------  -------------------  


------------------------------------------------------------------------------------------------
| Other Path Groups Table
| -----------------------
------------------------------------------------------------------------------------------------

Path Group    From Clock    To Clock          WNS(ns)      TNS(ns)  TNS Failing Endpoints  TNS Total Endpoints      WHS(ns)      THS(ns)  THS Failing Endpoints  THS Total Endpoints  
----------    ----------    --------          -------      -------  ---------------------  -------------------      -------      -------  ---------------------  -------------------  


------------------------------------------------------------------------------------------------
| Timing Details
| --------------
------------------------------------------------------------------------------------------------


---------------------------------------------------------------------------------------------------
From Clock:  clk
  To Clock:  clk

Setup :            0  Failing Endpoints,  Worst Slack        1.149ns,  Total Violation        0.000ns
Hold  :            0  Failing Endpoints,  Worst Slack        0.148ns,  Total Violation        0.000ns
PW    :            0  Failing Endpoints,  Worst Slack        4.500ns,  Total Violation        0.000ns
---------------------------------------------------------------------------------------------------


Max Delay Paths
--------------------------------------------------------------------------------------
Slack (MET) :             1.149ns  (required time - arrival time)
  Source:                 clpd/entry_tag_reg[55][3]/C
                            (rising edge-triggered cell FDCE clocked by clk  {rise@0.000ns fall@5.000ns period=10.000ns})
  Destination:            clpd/entry_mask_reg[53][0]/D
                            (rising edge-triggered cell FDCE clocked by clk  {rise@0.000ns fall@5.000ns period=10.000ns})
  Path Group:             clk
  Path Type:              Setup (Max at Slow Process Corner)
  Requirement:            10.000ns  (clk rise@10.000ns - clk rise@0.000ns)
  Data Path Delay:        8.700ns  (logic 2.716ns (31.218%)  route 5.984ns (68.782%))
  Logic Levels:           11  (CARRY4=1 LUT2=1 LUT4=1 LUT5=1 LUT6=5 MUXF7=1 MUXF8=1)
  Clock Path Skew:        -0.145ns (DCD - SCD + CPR)
    Destination Clock Delay (DCD):    2.079ns = ( 12.079 - 10.000 ) 
    Source Clock Delay      (SCD):    2.402ns
    Clock Pessimism Removal (CPR):    0.178ns
  Clock Uncertainty:      0.035ns  ((TSJ^2 + TIJ^2)^1/2 + DJ) / 2 + PE
    Total System Jitter     (TSJ):    0.071ns
    Total Input Jitter      (TIJ):    0.000ns
    Discrete Jitter          (DJ):    0.000ns
    Phase Error              (PE):    0.000ns

    Location             Delay type                Incr(ns)  Path(ns)    Netlist Resource(s)
  -------------------------------------------------------------------    -------------------
                         (clock clk rise edge)        0.000     0.000 r  
                                                      0.000     0.000 r  clk (IN)
                         net (fo=0)                   0.000     0.000    clk
                         IBUF (Prop_ibuf_I_O)         0.923     0.923 r  clk_IBUF_inst/O
                         net (fo=1, unplaced)         0.800     1.722    clk_IBUF
                         BUFG (Prop_bufg_I_O)         0.096     1.818 r  clk_IBUF_BUFG_inst/O
                         net (fo=2791, unplaced)      0.584     2.402    clpd/CLK
                         FDCE                                         r  clpd/entry_tag_reg[55][3]/C
  -------------------------------------------------------------------    -------------------
                         FDCE (Prop_fdce_C_Q)         0.456     2.858 r  clpd/entry_tag_reg[55][3]/Q
                         net (fo=5, unplaced)         0.993     3.851    clpd/entry_tag_reg[55]_114[3]
                         LUT6 (Prop_lut6_I0_O)        0.295     4.146 r  clpd/entry_mask[4][15]_i_296/O
                         net (fo=1, unplaced)         0.000     4.146    clpd/entry_mask[4][15]_i_296_n_0
                         MUXF7 (Prop_muxf7_I1_O)      0.247     4.393 r  clpd/entry_mask_reg[4][15]_i_151/O
                         net (fo=1, unplaced)         0.000     4.393    clpd/entry_mask_reg[4][15]_i_151_n_0
                         MUXF8 (Prop_muxf8_I0_O)      0.098     4.491 r  clpd/entry_mask_reg[4][15]_i_79/O
                         net (fo=1, unplaced)         0.717     5.208    clpd/entry_mask_reg[4][15]_i_79_n_0
                         LUT6 (Prop_lut6_I0_O)        0.319     5.527 r  clpd/entry_mask[4][15]_i_33/O
                         net (fo=1, unplaced)         0.902     6.429    clpd/entry_mask[4][15]_i_33_n_0
                         LUT4 (Prop_lut4_I0_O)        0.124     6.553 r  clpd/entry_mask[4][15]_i_17/O
                         net (fo=1, unplaced)         0.000     6.553    clpd/entry_mask[4][15]_i_17_n_0
                         CARRY4 (Prop_carry4_S[1]_CO[3])
                                                      0.533     7.086 r  clpd/entry_mask_reg[4][15]_i_11/CO[3]
                         net (fo=1, unplaced)         0.918     8.004    clpd/p_2_out
                         LUT6 (Prop_lut6_I0_O)        0.124     8.128 r  clpd/entry_mask[4][15]_i_10/O
                         net (fo=80, unplaced)        0.543     8.671    clpd/p_197_out
                         LUT2 (Prop_lut2_I0_O)        0.124     8.795 r  clpd/entry_mask[9][15]_i_9/O
                         net (fo=18, unplaced)        0.506     9.301    clpd/entry_mask[9][15]_i_9_n_0
                         LUT6 (Prop_lut6_I1_O)        0.124     9.425 r  clpd/entry_mask[53][15]_i_4/O
                         net (fo=1, unplaced)         0.902    10.327    clpd/entry_mask[53][15]_i_4_n_0
                         LUT5 (Prop_lut5_I0_O)        0.148    10.475 r  clpd/entry_mask[53][15]_i_2/O
                         net (fo=16, unplaced)        0.503    10.978    clpd/entry_mask[53][15]_i_2_n_0
                         LUT6 (Prop_lut6_I2_O)        0.124    11.102 r  clpd/entry_mask[53][0]_i_1/O
                         net (fo=1, unplaced)         0.000    11.102    clpd/entry_mask[53][0]_i_1_n_0
                         FDCE                                         r  clpd/entry_mask_reg[53][0]/D
  -------------------------------------------------------------------    -------------------

                         (clock clk rise edge)       10.000    10.000 r  
                                                      0.000    10.000 r  clk (IN)
                         net (fo=0)                   0.000    10.000    clk
                         IBUF (Prop_ibuf_I_O)         0.789    10.789 r  clk_IBUF_inst/O
                         net (fo=1, unplaced)         0.760    11.549    clk_IBUF
                         BUFG (Prop_bufg_I_O)         0.091    11.640 r  clk_IBUF_BUFG_inst/O
                         net (fo=2791, unplaced)      0.439    12.079    clpd/CLK
                         FDCE                                         r  clpd/entry_mask_reg[53][0]/C
                         clock pessimism              0.178    12.257    
                         clock uncertainty           -0.035    12.222    
                         FDCE (Setup_fdce_C_D)        0.029    12.251    clpd/entry_mask_reg[53][0]
  -------------------------------------------------------------------
                         required time                         12.251    
                         arrival time                         -11.102    
  -------------------------------------------------------------------
                         slack                                  1.149    





Min Delay Paths
--------------------------------------------------------------------------------------
Slack (MET) :             0.148ns  (arrival time - required time)
  Source:                 target_authority/source_tail_reg[0]/C
                            (rising edge-triggered cell FDCE clocked by clk  {rise@0.000ns fall@5.000ns period=10.000ns})
  Destination:            target_authority/source_tail_reg[0]/D
                            (rising edge-triggered cell FDCE clocked by clk  {rise@0.000ns fall@5.000ns period=10.000ns})
  Path Group:             clk
  Path Type:              Hold (Min at Fast Process Corner)
  Requirement:            0.000ns  (clk rise@0.000ns - clk rise@0.000ns)
  Data Path Delay:        0.384ns  (logic 0.239ns (62.308%)  route 0.145ns (37.692%))
  Logic Levels:           1  (LUT4=1)
  Clock Path Skew:        0.145ns (DCD - SCD - CPR)
    Destination Clock Delay (DCD):    0.983ns
    Source Clock Delay      (SCD):    0.629ns
    Clock Pessimism Removal (CPR):    0.209ns

    Location             Delay type                Incr(ns)  Path(ns)    Netlist Resource(s)
  -------------------------------------------------------------------    -------------------
                         (clock clk rise edge)        0.000     0.000 r  
                                                      0.000     0.000 r  clk (IN)
                         net (fo=0)                   0.000     0.000    clk
                         IBUF (Prop_ibuf_I_O)         0.152     0.152 r  clk_IBUF_inst/O
                         net (fo=1, unplaced)         0.337     0.489    clk_IBUF
                         BUFG (Prop_bufg_I_O)         0.026     0.515 r  clk_IBUF_BUFG_inst/O
                         net (fo=2791, unplaced)      0.114     0.629    target_authority/CLK
                         FDCE                                         r  target_authority/source_tail_reg[0]/C
  -------------------------------------------------------------------    -------------------
                         FDCE (Prop_fdce_C_Q)         0.141     0.770 r  target_authority/source_tail_reg[0]/Q
                         net (fo=6, unplaced)         0.145     0.915    target_authority/source_tail[0]
                         LUT4 (Prop_lut4_I3_O)        0.098     1.013 r  target_authority/source_tail[0]_i_1/O
                         net (fo=1, unplaced)         0.000     1.013    target_authority/source_tail[0]_i_1_n_0
                         FDCE                                         r  target_authority/source_tail_reg[0]/D
  -------------------------------------------------------------------    -------------------

                         (clock clk rise edge)        0.000     0.000 r  
                                                      0.000     0.000 r  clk (IN)
                         net (fo=0)                   0.000     0.000    clk
                         IBUF (Prop_ibuf_I_O)         0.340     0.340 r  clk_IBUF_inst/O
                         net (fo=1, unplaced)         0.355     0.695    clk_IBUF
                         BUFG (Prop_bufg_I_O)         0.029     0.724 r  clk_IBUF_BUFG_inst/O
                         net (fo=2791, unplaced)      0.259     0.983    target_authority/CLK
                         FDCE                                         r  target_authority/source_tail_reg[0]/C
                         clock pessimism             -0.209     0.774    
                         FDCE (Hold_fdce_C_D)         0.091     0.865    target_authority/source_tail_reg[0]
  -------------------------------------------------------------------
                         required time                         -0.865    
                         arrival time                           1.013    
  -------------------------------------------------------------------
                         slack                                  0.148    





Pulse Width Checks
--------------------------------------------------------------------------------------
Clock Name:         clk
Waveform(ns):       { 0.000 5.000 }
Period(ns):         10.000
Sources:            { clk }

Check Type        Corner  Lib Pin  Reference Pin  Required(ns)  Actual(ns)  Slack(ns)  Location  Pin
Min Period        n/a     BUFG/I   n/a            2.155         10.000      7.845                clk_IBUF_BUFG_inst/I
Low Pulse Width   Slow    FDCE/C   n/a            0.500         5.000       4.500                clpd/entry_epoch_reg[0][0]/C
High Pulse Width  Slow    FDCE/C   n/a            0.500         5.000       4.500                clpd/entry_epoch_reg[0][0]/C



