#-----------------------------------------------------------
# xsim v2025.2 (64-bit)
# SW Build 6299465 on Fri Nov 14 19:35:11 GMT 2025
# IP Build 6300035 on Fri Nov 14 10:48:45 MST 2025
# SharedData Build 6298862 on Thu Nov 13 04:50:51 MST 2025
# Start of session at: Wed Jun 17 15:04:52 2026
# Process ID         : 8468
# Current directory  : C:/Users/tyboy/OneDrive/Documents/novel-arm
# Command line       : xsim.exe -log research\results\copper_tlb_coherence_authority_filter_xsim_20260617.log -mode tcl -source {xsim.dir/copper_tlb_coherence_authority_filter_tb_sim/xsim_script.tcl}
# Log file           : C:/Users/tyboy/OneDrive/Documents/novel-arm/research/results/copper_tlb_coherence_authority_filter_xsim_20260617.log
# Journal file       : C:/Users/tyboy/OneDrive/Documents/novel-arm\xsim.jou
# Running On         : Tyler
# Platform           : Windows Server 2016 or Windows 10
# Operating System   : 26200
# Processor Detail   : AMD Ryzen 7 7700X 8-Core Processor             
# CPU Frequency      : 4491 MHz
# CPU Physical cores : 8
# CPU Logical cores  : 16
# Host memory        : 33456 MB
# Swap memory        : 2147 MB
# Total Virtual      : 35603 MB
# Available Virtual  : 19970 MB
#-----------------------------------------------------------
source xsim.dir/copper_tlb_coherence_authority_filter_tb_sim/xsim_script.tcl
# xsim {copper_tlb_coherence_authority_filter_tb_sim} -autoloadwcfg -runall
Time resolution is 1 ps
run -all
COPPER TLB-coherence authority filter completed directed=27 random=10000 baseline_allow=1 no_source=1 no_target=2 permission=2 source_same=1 source_queued=1 target_remap=1 target_queued=1 tlbi_token=1 tlbi_all=1 unrelated_allow=2 overflow=1 random_allow=3633 random_block=4006 errors=0
$finish called at time : 100496 ns : File "C:/Users/tyboy/OneDrive/Documents/novel-arm/research/copper_tlb_coherence_authority_filter_tb.sv" Line 504
exit
INFO: [Common 17-206] Exiting xsim at Wed Jun 17 15:04:56 2026...
