#-----------------------------------------------------------
# xsim v2025.2 (64-bit)
# SW Build 6299465 on Fri Nov 14 19:35:11 GMT 2025
# IP Build 6300035 on Fri Nov 14 10:48:45 MST 2025
# SharedData Build 6298862 on Thu Nov 13 04:50:51 MST 2025
# Start of session at: Sat Jun 20 17:13:33 2026
# Process ID         : 30868
# Current directory  : C:/Users/tyboy/OneDrive/Documents/novel-arm
# Command line       : xsim.exe -log research\results\copper_cavi_authority_issue_gate_xsim_20260620.log -mode tcl -source {xsim.dir/copper_cavi_authority_issue_gate_tb_sim/xsim_script.tcl}
# Log file           : C:/Users/tyboy/OneDrive/Documents/novel-arm/research/results/copper_cavi_authority_issue_gate_xsim_20260620.log
# Journal file       : C:/Users/tyboy/OneDrive/Documents/novel-arm\xsim.jou
# Running On         : Tyler
# Platform           : Windows Server 2016 or Windows 10
# Operating System   : 26200
# Processor Detail   : AMD Ryzen 7 7700X 8-Core Processor             
# CPU Frequency      : 4491 MHz
# CPU Physical cores : 8
# CPU Logical cores  : 16
# Host memory        : 33456 MB
# Swap memory        : 3543 MB
# Total Virtual      : 37000 MB
# Available Virtual  : 14477 MB
#-----------------------------------------------------------
source xsim.dir/copper_cavi_authority_issue_gate_tb_sim/xsim_script.tcl
# xsim {copper_cavi_authority_issue_gate_tb_sim} -autoloadwcfg -runall
Time resolution is 1 ps
run -all
COPPER CAVI authority issue gate completed: directed=14 random=20000 random_allows=7561 random_blocks=12439 source_blocks=7937 target_blocks=4502 clear_wins=2021 target_revokes=3996 errors=0
$finish called at time : 817927 ns : File "C:/Users/tyboy/OneDrive/Documents/novel-arm/research/copper_cavi_authority_issue_gate_tb.sv" Line 601
exit
INFO: [Common 17-206] Exiting xsim at Sat Jun 20 17:13:36 2026...
