#-----------------------------------------------------------
# Vivado v2025.2 (64-bit)
# SW Build 6299465 on Fri Nov 14 19:35:11 GMT 2025
# IP Build 6300035 on Fri Nov 14 10:48:45 MST 2025
# SharedData Build 6298862 on Thu Nov 13 04:50:51 MST 2025
# Start of session at: Sat Jun 20 01:10:09 2026
# Process ID         : 30572
# Current directory  : C:/Users/tyboy/OneDrive/Documents/novel-arm
# Command line       : vivado.exe -mode batch -source research\run_copper_ropl_lsq_retire_guard_synth.tcl -journal research\results\copper_ropl_lsq_retire_guard_synth.jou -log research\results\copper_ropl_lsq_retire_guard_synth.log
# Log file           : C:/Users/tyboy/OneDrive/Documents/novel-arm/research/results/copper_ropl_lsq_retire_guard_synth.log
# Journal file       : C:/Users/tyboy/OneDrive/Documents/novel-arm\research\results\copper_ropl_lsq_retire_guard_synth.jou
# Running On         : Tyler
# Platform           : Windows Server 2016 or Windows 10
# Operating System   : 26200
# Processor Detail   : AMD Ryzen 7 7700X 8-Core Processor             
# CPU Frequency      : 4491 MHz
# CPU Physical cores : 8
# CPU Logical cores  : 16
# Host memory        : 33456 MB
# Swap memory        : 3543 MB
# Total Virtual      : 37000 MB
# Available Virtual  : 14482 MB
#-----------------------------------------------------------
source {research\run_copper_ropl_lsq_retire_guard_synth.tcl}
# source research/vivado_tclstore_bootstrap.tcl
## set copper_vivado_tclstore "C:/AMDDesignTools/2025.2/Vivado/data/XilinxTclStore"
## foreach copper_tcl_path [list \
##     "$copper_vivado_tclstore/support" \
##     "$copper_vivado_tclstore/support/appinit" \
##     "$copper_vivado_tclstore/tclapp" \
##     "$copper_vivado_tclstore/tclapp/xilinx" \
##     "$copper_vivado_tclstore/tclapp/xilinx/xsim"] {
##     if {[file isdirectory $copper_tcl_path] && [lsearch -exact $auto_path $copper_tcl_path] < 0} {
##         lappend auto_path $copper_tcl_path
##     }
## }
## if {[catch {package require ::tclapp::support::appinit 1.2} copper_bootstrap_error]} {
##     puts "WARNING: COPPER Vivado bootstrap could not load appinit: $copper_bootstrap_error"
## }
## if {[catch {package require ::tclapp::xilinx::xsim 2.520} copper_bootstrap_error]} {
##     puts "WARNING: COPPER Vivado bootstrap could not load xsim Tcl app: $copper_bootstrap_error"
## }
## if {[llength [info commands ::tclapp::load_catalog]]} {
##     if {[catch {::tclapp::load_catalog $copper_vivado_tclstore 2025.2} copper_bootstrap_error]} {
##         puts "WARNING: COPPER Vivado bootstrap could not load TclStore catalog: $copper_bootstrap_error"
##     }
## }
# read_verilog -sv research/copper_ropl_lsq_retire_guard.sv
# read_verilog -sv research/copper_ropl_lsq_retire_guard_top.sv
# read_xdc research/copper_clpd_constraints.xdc
# synth_design -top copper_ropl_lsq_retire_guard_top -part xc7a35tcpg236-1
Command: synth_design -top copper_ropl_lsq_retire_guard_top -part xc7a35tcpg236-1
Starting synth_design
Attempting to get a license for feature 'Synthesis' and/or device 'xc7a35t'
INFO: [Common 17-349] Got license for feature 'Synthesis' and/or device 'xc7a35t'
INFO: [Device 21-403] Loading part xc7a35tcpg236-1
INFO: [Synth 8-7079] Multithreading enabled for synth_design using a maximum of 2 processes.
INFO: [Synth 8-7078] Launching helper process for spawning children vivado processes
INFO: [Synth 8-7075] Helper process launched with PID 9692
---------------------------------------------------------------------------------
Starting RTL Elaboration : Time (s): cpu = 00:00:03 ; elapsed = 00:00:04 . Memory (MB): peak = 1393.500 ; gain = 540.516
---------------------------------------------------------------------------------
INFO: [Synth 8-6157] synthesizing module 'copper_ropl_lsq_retire_guard_top' [C:/Users/tyboy/OneDrive/Documents/novel-arm/research/copper_ropl_lsq_retire_guard_top.sv:9]
INFO: [Synth 8-6157] synthesizing module 'copper_ropl_lsq_retire_guard' [C:/Users/tyboy/OneDrive/Documents/novel-arm/research/copper_ropl_lsq_retire_guard.sv:15]
	Parameter REPLAY_GEN_W bound to: 32'sb00000000000000000000000000000100 
	Parameter SQUASH_EPOCH_W bound to: 32'sb00000000000000000000000000000100 
	Parameter ALIAS_GEN_W bound to: 32'sb00000000000000000000000000000100 
INFO: [Synth 8-6155] done synthesizing module 'copper_ropl_lsq_retire_guard' (0#1) [C:/Users/tyboy/OneDrive/Documents/novel-arm/research/copper_ropl_lsq_retire_guard.sv:15]
INFO: [Synth 8-6155] done synthesizing module 'copper_ropl_lsq_retire_guard_top' (0#1) [C:/Users/tyboy/OneDrive/Documents/novel-arm/research/copper_ropl_lsq_retire_guard_top.sv:9]
---------------------------------------------------------------------------------
Finished RTL Elaboration : Time (s): cpu = 00:00:05 ; elapsed = 00:00:05 . Memory (MB): peak = 1512.574 ; gain = 659.590
---------------------------------------------------------------------------------
---------------------------------------------------------------------------------
Start Handling Custom Attributes
---------------------------------------------------------------------------------
---------------------------------------------------------------------------------
Finished Handling Custom Attributes : Time (s): cpu = 00:00:05 ; elapsed = 00:00:05 . Memory (MB): peak = 1512.574 ; gain = 659.590
---------------------------------------------------------------------------------
---------------------------------------------------------------------------------
Finished RTL Optimization Phase 1 : Time (s): cpu = 00:00:05 ; elapsed = 00:00:05 . Memory (MB): peak = 1512.574 ; gain = 659.590
---------------------------------------------------------------------------------
Netlist sorting complete. Time (s): cpu = 00:00:00 ; elapsed = 00:00:00.001 . Memory (MB): peak = 1512.574 ; gain = 0.000
INFO: [Project 1-570] Preparing netlist for logic optimization

Processing XDC Constraints
Initializing timing engine
Parsing XDC File [C:/Users/tyboy/OneDrive/Documents/novel-arm/research/copper_clpd_constraints.xdc]
Finished Parsing XDC File [C:/Users/tyboy/OneDrive/Documents/novel-arm/research/copper_clpd_constraints.xdc]
Completed Processing XDC Constraints

Netlist sorting complete. Time (s): cpu = 00:00:00 ; elapsed = 00:00:00 . Memory (MB): peak = 1571.324 ; gain = 0.000
INFO: [Project 1-111] Unisim Transformation Summary:
No Unisim elements were transformed.

Constraint Validation Runtime : Time (s): cpu = 00:00:00 ; elapsed = 00:00:00.003 . Memory (MB): peak = 1571.324 ; gain = 0.000
---------------------------------------------------------------------------------
Finished Constraint Validation : Time (s): cpu = 00:00:10 ; elapsed = 00:00:11 . Memory (MB): peak = 1571.324 ; gain = 718.340
---------------------------------------------------------------------------------
---------------------------------------------------------------------------------
Start Loading Part and Timing Information
---------------------------------------------------------------------------------
Loading part: xc7a35tcpg236-1
---------------------------------------------------------------------------------
Finished Loading Part and Timing Information : Time (s): cpu = 00:00:10 ; elapsed = 00:00:11 . Memory (MB): peak = 1571.324 ; gain = 718.340
---------------------------------------------------------------------------------
---------------------------------------------------------------------------------
Start Applying 'set_property' XDC Constraints
---------------------------------------------------------------------------------
---------------------------------------------------------------------------------
Finished applying 'set_property' XDC Constraints : Time (s): cpu = 00:00:10 ; elapsed = 00:00:11 . Memory (MB): peak = 1571.324 ; gain = 718.340
---------------------------------------------------------------------------------
---------------------------------------------------------------------------------
Finished RTL Optimization Phase 2 : Time (s): cpu = 00:00:10 ; elapsed = 00:00:11 . Memory (MB): peak = 1571.324 ; gain = 718.340
---------------------------------------------------------------------------------
---------------------------------------------------------------------------------
Start RTL Component Statistics 
---------------------------------------------------------------------------------
Detailed RTL Component Info : 
+---Registers : 
	                4 Bit    Registers := 6     
	                1 Bit    Registers := 25    
---------------------------------------------------------------------------------
Finished RTL Component Statistics 
---------------------------------------------------------------------------------
---------------------------------------------------------------------------------
Start Part Resource Summary
---------------------------------------------------------------------------------
Part Resources:
DSPs: 90 (col length:60)
BRAMs: 100 (col length: RAMB18 60 RAMB36 30)
---------------------------------------------------------------------------------
Finished Part Resource Summary
---------------------------------------------------------------------------------
---------------------------------------------------------------------------------
Start Cross Boundary and Area Optimization
---------------------------------------------------------------------------------
---------------------------------------------------------------------------------
Finished Cross Boundary and Area Optimization : Time (s): cpu = 00:00:12 ; elapsed = 00:00:12 . Memory (MB): peak = 1571.324 ; gain = 718.340
---------------------------------------------------------------------------------
---------------------------------------------------------------------------------
Start Applying XDC Timing Constraints
---------------------------------------------------------------------------------
---------------------------------------------------------------------------------
Finished Applying XDC Timing Constraints : Time (s): cpu = 00:00:15 ; elapsed = 00:00:16 . Memory (MB): peak = 1708.914 ; gain = 855.930
---------------------------------------------------------------------------------
---------------------------------------------------------------------------------
Start Timing Optimization
---------------------------------------------------------------------------------
---------------------------------------------------------------------------------
Finished Timing Optimization : Time (s): cpu = 00:00:15 ; elapsed = 00:00:16 . Memory (MB): peak = 1729.238 ; gain = 876.254
---------------------------------------------------------------------------------
---------------------------------------------------------------------------------
Start Technology Mapping
---------------------------------------------------------------------------------
---------------------------------------------------------------------------------
Finished Technology Mapping : Time (s): cpu = 00:00:15 ; elapsed = 00:00:16 . Memory (MB): peak = 1729.238 ; gain = 876.254
---------------------------------------------------------------------------------
---------------------------------------------------------------------------------
Start IO Insertion
---------------------------------------------------------------------------------
---------------------------------------------------------------------------------
Start Flattening Before IO Insertion
---------------------------------------------------------------------------------
---------------------------------------------------------------------------------
Finished Flattening Before IO Insertion
---------------------------------------------------------------------------------
---------------------------------------------------------------------------------
Start Final Netlist Cleanup
---------------------------------------------------------------------------------
---------------------------------------------------------------------------------
Finished Final Netlist Cleanup
---------------------------------------------------------------------------------
---------------------------------------------------------------------------------
Finished IO Insertion : Time (s): cpu = 00:00:18 ; elapsed = 00:00:18 . Memory (MB): peak = 1968.582 ; gain = 1115.598
---------------------------------------------------------------------------------
---------------------------------------------------------------------------------
Start Renaming Generated Instances
---------------------------------------------------------------------------------
---------------------------------------------------------------------------------
Finished Renaming Generated Instances : Time (s): cpu = 00:00:18 ; elapsed = 00:00:18 . Memory (MB): peak = 1968.582 ; gain = 1115.598
---------------------------------------------------------------------------------
---------------------------------------------------------------------------------
Start Rebuilding User Hierarchy
---------------------------------------------------------------------------------
---------------------------------------------------------------------------------
Finished Rebuilding User Hierarchy : Time (s): cpu = 00:00:18 ; elapsed = 00:00:18 . Memory (MB): peak = 1968.582 ; gain = 1115.598
---------------------------------------------------------------------------------
---------------------------------------------------------------------------------
Start Renaming Generated Ports
---------------------------------------------------------------------------------
---------------------------------------------------------------------------------
Finished Renaming Generated Ports : Time (s): cpu = 00:00:18 ; elapsed = 00:00:18 . Memory (MB): peak = 1968.582 ; gain = 1115.598
---------------------------------------------------------------------------------
---------------------------------------------------------------------------------
Start Handling Custom Attributes
---------------------------------------------------------------------------------
---------------------------------------------------------------------------------
Finished Handling Custom Attributes : Time (s): cpu = 00:00:18 ; elapsed = 00:00:18 . Memory (MB): peak = 1968.582 ; gain = 1115.598
---------------------------------------------------------------------------------
---------------------------------------------------------------------------------
Start Renaming Generated Nets
---------------------------------------------------------------------------------
---------------------------------------------------------------------------------
Finished Renaming Generated Nets : Time (s): cpu = 00:00:18 ; elapsed = 00:00:18 . Memory (MB): peak = 1968.582 ; gain = 1115.598
---------------------------------------------------------------------------------
---------------------------------------------------------------------------------
Start Writing Synthesis Report
---------------------------------------------------------------------------------

Report BlackBoxes: 
+-+--------------+----------+
| |BlackBox name |Instances |
+-+--------------+----------+
+-+--------------+----------+

Report Cell Usage: 
+------+-----+------+
|      |Cell |Count |
+------+-----+------+
|1     |BUFG |     1|
|2     |LUT1 |     1|
|3     |LUT3 |     4|
|4     |LUT4 |     4|
|5     |LUT5 |     7|
|6     |LUT6 |     4|
|7     |FDCE |    49|
|8     |IBUF |    41|
|9     |OBUF |    10|
+------+-----+------+
---------------------------------------------------------------------------------
Finished Writing Synthesis Report : Time (s): cpu = 00:00:18 ; elapsed = 00:00:18 . Memory (MB): peak = 1968.582 ; gain = 1115.598
---------------------------------------------------------------------------------
Synthesis finished with 0 errors, 0 critical warnings and 0 warnings.
Synthesis Optimization Runtime : Time (s): cpu = 00:00:12 ; elapsed = 00:00:17 . Memory (MB): peak = 1968.582 ; gain = 1056.848
Synthesis Optimization Complete : Time (s): cpu = 00:00:18 ; elapsed = 00:00:19 . Memory (MB): peak = 1968.582 ; gain = 1115.598
INFO: [Project 1-571] Translating synthesized netlist
Netlist sorting complete. Time (s): cpu = 00:00:00 ; elapsed = 00:00:00.001 . Memory (MB): peak = 1977.801 ; gain = 0.000
INFO: [Project 1-570] Preparing netlist for logic optimization
Parsing XDC File [C:/Users/tyboy/OneDrive/Documents/novel-arm/research/copper_clpd_constraints.xdc]
Finished Parsing XDC File [C:/Users/tyboy/OneDrive/Documents/novel-arm/research/copper_clpd_constraints.xdc]
INFO: [Opt 31-138] Pushed 0 inverter(s) to 0 load pin(s).
Netlist sorting complete. Time (s): cpu = 00:00:00 ; elapsed = 00:00:00.001 . Memory (MB): peak = 1981.480 ; gain = 0.000
INFO: [Project 1-111] Unisim Transformation Summary:
No Unisim elements were transformed.

Synth Design complete | Checksum: e2afb971
INFO: [Common 17-83] Releasing license: Synthesis
16 Infos, 0 Warnings, 0 Critical Warnings and 0 Errors encountered.
synth_design completed successfully
synth_design: Time (s): cpu = 00:00:21 ; elapsed = 00:00:23 . Memory (MB): peak = 1981.480 ; gain = 1319.207
# report_utilization -file research/results/copper_ropl_lsq_retire_guard_top_utilization.rpt
# report_timing_summary -file research/results/copper_ropl_lsq_retire_guard_top_timing.rpt
INFO: [Timing 38-35] Done setting XDC timing constraints.
INFO: [Timing 38-91] UpdateTimingParams: Speed grade: -1, Delay Type: min_max.
INFO: [Timing 38-191] Multithreading enabled for timing update using a maximum of 2 CPUs
# write_checkpoint -force research/results/copper_ropl_lsq_retire_guard_top_synth.dcp
INFO: [Timing 38-480] Writing timing data to binary archive.
Write ShapeDB Complete: Time (s): cpu = 00:00:00 ; elapsed = 00:00:00.002 . Memory (MB): peak = 1981.480 ; gain = 0.000
INFO: [Common 17-1381] The checkpoint 'C:/Users/tyboy/OneDrive/Documents/novel-arm/research/results/copper_ropl_lsq_retire_guard_top_synth.dcp' has been generated.
# quit
INFO: [Common 17-206] Exiting Vivado at Sat Jun 20 01:10:43 2026...
