#-----------------------------------------------------------
# xsim v2025.2 (64-bit)
# SW Build 6299465 on Fri Nov 14 19:35:11 GMT 2025
# IP Build 6300035 on Fri Nov 14 10:48:45 MST 2025
# SharedData Build 6298862 on Thu Nov 13 04:50:51 MST 2025
# Start of session at: Sat Jun 20 16:57:20 2026
# Process ID         : 14924
# Current directory  : C:/Users/tyboy/OneDrive/Documents/novel-arm
# Command line       : xsim.exe -log research\results\copper_rocca_clpd_commit_adapter_xsim_20260620.log -mode tcl -source {xsim.dir/copper_rocca_clpd_commit_adapter_tb_sim/xsim_script.tcl}
# Log file           : C:/Users/tyboy/OneDrive/Documents/novel-arm/research/results/copper_rocca_clpd_commit_adapter_xsim_20260620.log
# Journal file       : C:/Users/tyboy/OneDrive/Documents/novel-arm\xsim.jou
# Running On         : Tyler
# Platform           : Windows Server 2016 or Windows 10
# Operating System   : 26200
# Processor Detail   : AMD Ryzen 7 7700X 8-Core Processor             
# CPU Frequency      : 4491 MHz
# CPU Physical cores : 8
# CPU Logical cores  : 16
# Host memory        : 33456 MB
# Swap memory        : 3543 MB
# Total Virtual      : 37000 MB
# Available Virtual  : 14419 MB
#-----------------------------------------------------------
source xsim.dir/copper_rocca_clpd_commit_adapter_tb_sim/xsim_script.tcl
# xsim {copper_rocca_clpd_commit_adapter_tb_sim} -autoloadwcfg -runall
Time resolution is 1 ps
run -all
COPPER ROCCA-CLPD adapter completed: directed=11 random=20000 commits=7651 clear_wins=1598 allows=3306 token_blocks=877 epoch_blocks=974 fault_blocks=602 source_not_clean=2014 errors=0
$finish called at time : 200166 ns : File "C:/Users/tyboy/OneDrive/Documents/novel-arm/research/copper_rocca_clpd_commit_adapter_tb.sv" Line 587
exit
INFO: [Common 17-206] Exiting xsim at Sat Jun 20 16:57:22 2026...
