#-----------------------------------------------------------
# Vivado v2025.2 (64-bit)
# SW Build 6299465 on Fri Nov 14 19:35:11 GMT 2025
# IP Build 6300035 on Fri Nov 14 10:48:45 MST 2025
# SharedData Build 6298862 on Thu Nov 13 04:50:51 MST 2025
# Start of session at: Sat Jun 20 17:13:47 2026
# Process ID         : 32772
# Current directory  : C:/Users/tyboy/OneDrive/Documents/novel-arm
# Command line       : vivado.exe -mode batch -source research\run_copper_cavi_authority_issue_gate_synth.tcl -journal research\results\copper_cavi_authority_issue_gate_synth.jou -log research\results\copper_cavi_authority_issue_gate_synth.log
# Log file           : C:/Users/tyboy/OneDrive/Documents/novel-arm/research/results/copper_cavi_authority_issue_gate_synth.log
# Journal file       : C:/Users/tyboy/OneDrive/Documents/novel-arm\research\results\copper_cavi_authority_issue_gate_synth.jou
# Running On         : Tyler
# Platform           : Windows Server 2016 or Windows 10
# Operating System   : 26200
# Processor Detail   : AMD Ryzen 7 7700X 8-Core Processor             
# CPU Frequency      : 4491 MHz
# CPU Physical cores : 8
# CPU Logical cores  : 16
# Host memory        : 33456 MB
# Swap memory        : 3543 MB
# Total Virtual      : 37000 MB
# Available Virtual  : 14401 MB
#-----------------------------------------------------------
source {research\run_copper_cavi_authority_issue_gate_synth.tcl}
# source research/vivado_tclstore_bootstrap.tcl
## set copper_vivado_tclstore "C:/AMDDesignTools/2025.2/Vivado/data/XilinxTclStore"
## foreach copper_tcl_path [list \
##     "$copper_vivado_tclstore/support" \
##     "$copper_vivado_tclstore/support/appinit" \
##     "$copper_vivado_tclstore/tclapp" \
##     "$copper_vivado_tclstore/tclapp/xilinx" \
##     "$copper_vivado_tclstore/tclapp/xilinx/xsim"] {
##     if {[file isdirectory $copper_tcl_path] && [lsearch -exact $auto_path $copper_tcl_path] < 0} {
##         lappend auto_path $copper_tcl_path
##     }
## }
## if {[catch {package require ::tclapp::support::appinit 1.2} copper_bootstrap_error]} {
##     puts "WARNING: COPPER Vivado bootstrap could not load appinit: $copper_bootstrap_error"
## }
## if {[catch {package require ::tclapp::xilinx::xsim 2.520} copper_bootstrap_error]} {
##     puts "WARNING: COPPER Vivado bootstrap could not load xsim Tcl app: $copper_bootstrap_error"
## }
## if {[llength [info commands ::tclapp::load_catalog]]} {
##     if {[catch {::tclapp::load_catalog $copper_vivado_tclstore 2025.2} copper_bootstrap_error]} {
##         puts "WARNING: COPPER Vivado bootstrap could not load TclStore catalog: $copper_bootstrap_error"
##     }
## }
# read_verilog -sv research/copper_rocca_clpd_commit_adapter.sv
# read_verilog -sv research/copper_clpd_gate.sv
# read_verilog -sv research/copper_tlb_coherence_authority_filter.sv
# read_verilog -sv research/copper_cavi_authority_issue_gate.sv
# read_xdc research/copper_clpd_constraints.xdc
# synth_design -top copper_cavi_authority_issue_gate -part xc7a35tcpg236-1
Command: synth_design -top copper_cavi_authority_issue_gate -part xc7a35tcpg236-1
Starting synth_design
Attempting to get a license for feature 'Synthesis' and/or device 'xc7a35t'
INFO: [Common 17-349] Got license for feature 'Synthesis' and/or device 'xc7a35t'
INFO: [Device 21-403] Loading part xc7a35tcpg236-1
INFO: [Synth 8-7079] Multithreading enabled for synth_design using a maximum of 2 processes.
INFO: [Synth 8-7078] Launching helper process for spawning children vivado processes
INFO: [Synth 8-7075] Helper process launched with PID 20528
---------------------------------------------------------------------------------
Starting RTL Elaboration : Time (s): cpu = 00:00:03 ; elapsed = 00:00:04 . Memory (MB): peak = 1395.258 ; gain = 541.516
---------------------------------------------------------------------------------
INFO: [Synth 8-6157] synthesizing module 'copper_cavi_authority_issue_gate' [C:/Users/tyboy/OneDrive/Documents/novel-arm/research/copper_cavi_authority_issue_gate.sv:12]
INFO: [Synth 8-6157] synthesizing module 'copper_rocca_clpd_commit_adapter' [C:/Users/tyboy/OneDrive/Documents/novel-arm/research/copper_rocca_clpd_commit_adapter.sv:16]
	Parameter LINE_TAG_W bound to: 32'sb00000000000000000000000000001100 
	Parameter WORD_OFF_W bound to: 32'sb00000000000000000000000000000100 
	Parameter TOKEN_W bound to: 32'sb00000000000000000000000000001000 
	Parameter EPOCH_W bound to: 32'sb00000000000000000000000000000100 
INFO: [Synth 8-6155] done synthesizing module 'copper_rocca_clpd_commit_adapter' (0#1) [C:/Users/tyboy/OneDrive/Documents/novel-arm/research/copper_rocca_clpd_commit_adapter.sv:16]
INFO: [Synth 8-6157] synthesizing module 'copper_clpd_gate' [C:/Users/tyboy/OneDrive/Documents/novel-arm/research/copper_clpd_gate.sv:17]
	Parameter LINE_TAG_W bound to: 32'sb00000000000000000000000000001100 
	Parameter WORDS_PER_LINE bound to: 32'sb00000000000000000000000000010000 
	Parameter WORD_OFF_W bound to: 32'sb00000000000000000000000000000100 
	Parameter TOKEN_W bound to: 32'sb00000000000000000000000000001000 
	Parameter EPOCH_W bound to: 32'sb00000000000000000000000000000100 
	Parameter ENTRIES bound to: 32'sb00000000000000000000000001000000 
	Parameter ENTRY_IDX_W bound to: 32'sb00000000000000000000000000000110 
INFO: [Synth 8-6155] done synthesizing module 'copper_clpd_gate' (0#1) [C:/Users/tyboy/OneDrive/Documents/novel-arm/research/copper_clpd_gate.sv:17]
INFO: [Synth 8-6157] synthesizing module 'copper_tlb_coherence_authority_filter' [C:/Users/tyboy/OneDrive/Documents/novel-arm/research/copper_tlb_coherence_authority_filter.sv:13]
	Parameter SRC_LINE_W bound to: 32'sb00000000000000000000000000001100 
	Parameter TGT_LINE_W bound to: 32'sb00000000000000000000000000010000 
	Parameter TOKEN_W bound to: 32'sb00000000000000000000000000001000 
	Parameter SOURCE_Q_DEPTH bound to: 32'sb00000000000000000000000000000100 
	Parameter TARGET_Q_DEPTH bound to: 32'sb00000000000000000000000000000100 
	Parameter COUNT_W bound to: 32'sb00000000000000000000000000000011 
INFO: [Synth 8-294] found qualifier unique on case statement: implementing as parallel_case [C:/Users/tyboy/OneDrive/Documents/novel-arm/research/copper_tlb_coherence_authority_filter.sv:142]
INFO: [Synth 8-294] found qualifier unique on case statement: implementing as parallel_case [C:/Users/tyboy/OneDrive/Documents/novel-arm/research/copper_tlb_coherence_authority_filter.sv:142]
INFO: [Synth 8-294] found qualifier unique on case statement: implementing as parallel_case [C:/Users/tyboy/OneDrive/Documents/novel-arm/research/copper_tlb_coherence_authority_filter.sv:142]
INFO: [Synth 8-294] found qualifier unique on case statement: implementing as parallel_case [C:/Users/tyboy/OneDrive/Documents/novel-arm/research/copper_tlb_coherence_authority_filter.sv:142]
INFO: [Synth 8-6155] done synthesizing module 'copper_tlb_coherence_authority_filter' (0#1) [C:/Users/tyboy/OneDrive/Documents/novel-arm/research/copper_tlb_coherence_authority_filter.sv:13]
INFO: [Synth 8-6155] done synthesizing module 'copper_cavi_authority_issue_gate' (0#1) [C:/Users/tyboy/OneDrive/Documents/novel-arm/research/copper_cavi_authority_issue_gate.sv:12]
---------------------------------------------------------------------------------
Finished RTL Elaboration : Time (s): cpu = 00:00:06 ; elapsed = 00:00:06 . Memory (MB): peak = 1595.805 ; gain = 742.062
---------------------------------------------------------------------------------
---------------------------------------------------------------------------------
Start Handling Custom Attributes
---------------------------------------------------------------------------------
---------------------------------------------------------------------------------
Finished Handling Custom Attributes : Time (s): cpu = 00:00:06 ; elapsed = 00:00:06 . Memory (MB): peak = 1595.805 ; gain = 742.062
---------------------------------------------------------------------------------
---------------------------------------------------------------------------------
Finished RTL Optimization Phase 1 : Time (s): cpu = 00:00:06 ; elapsed = 00:00:06 . Memory (MB): peak = 1595.805 ; gain = 742.062
---------------------------------------------------------------------------------
Netlist sorting complete. Time (s): cpu = 00:00:00 ; elapsed = 00:00:00.095 . Memory (MB): peak = 1595.805 ; gain = 0.000
INFO: [Project 1-570] Preparing netlist for logic optimization

Processing XDC Constraints
Initializing timing engine
Parsing XDC File [C:/Users/tyboy/OneDrive/Documents/novel-arm/research/copper_clpd_constraints.xdc]
Finished Parsing XDC File [C:/Users/tyboy/OneDrive/Documents/novel-arm/research/copper_clpd_constraints.xdc]
Completed Processing XDC Constraints

Netlist sorting complete. Time (s): cpu = 00:00:00 ; elapsed = 00:00:00.002 . Memory (MB): peak = 1609.293 ; gain = 0.000
INFO: [Project 1-111] Unisim Transformation Summary:
No Unisim elements were transformed.

Constraint Validation Runtime : Time (s): cpu = 00:00:00 ; elapsed = 00:00:00.062 . Memory (MB): peak = 1609.293 ; gain = 0.000
---------------------------------------------------------------------------------
Finished Constraint Validation : Time (s): cpu = 00:00:13 ; elapsed = 00:00:13 . Memory (MB): peak = 1609.293 ; gain = 755.551
---------------------------------------------------------------------------------
---------------------------------------------------------------------------------
Start Loading Part and Timing Information
---------------------------------------------------------------------------------
Loading part: xc7a35tcpg236-1
---------------------------------------------------------------------------------
Finished Loading Part and Timing Information : Time (s): cpu = 00:00:13 ; elapsed = 00:00:13 . Memory (MB): peak = 1609.293 ; gain = 755.551
---------------------------------------------------------------------------------
---------------------------------------------------------------------------------
Start Applying 'set_property' XDC Constraints
---------------------------------------------------------------------------------
---------------------------------------------------------------------------------
Finished applying 'set_property' XDC Constraints : Time (s): cpu = 00:00:13 ; elapsed = 00:00:13 . Memory (MB): peak = 1609.293 ; gain = 755.551
---------------------------------------------------------------------------------
---------------------------------------------------------------------------------
Finished RTL Optimization Phase 2 : Time (s): cpu = 00:00:16 ; elapsed = 00:00:17 . Memory (MB): peak = 1609.293 ; gain = 755.551
---------------------------------------------------------------------------------
---------------------------------------------------------------------------------
Start RTL Component Statistics 
---------------------------------------------------------------------------------
Detailed RTL Component Info : 
+---Adders : 
	   3 Input    3 Bit       Adders := 2     
	   2 Input    2 Bit       Adders := 4     
+---Registers : 
	               16 Bit    Registers := 68    
	               12 Bit    Registers := 68    
	                8 Bit    Registers := 68    
	                4 Bit    Registers := 64    
	                3 Bit    Registers := 2     
	                2 Bit    Registers := 8     
	                1 Bit    Registers := 65    
+---Muxes : 
	   2 Input   16 Bit        Muxes := 450   
	   4 Input   16 Bit        Muxes := 4     
	   4 Input   12 Bit        Muxes := 4     
	   2 Input   12 Bit        Muxes := 1     
	   2 Input    8 Bit        Muxes := 2     
	   4 Input    8 Bit        Muxes := 4     
	   2 Input    2 Bit        Muxes := 5     
	   4 Input    2 Bit        Muxes := 4     
	   2 Input    1 Bit        Muxes := 529   
	   4 Input    1 Bit        Muxes := 4     
---------------------------------------------------------------------------------
Finished RTL Component Statistics 
---------------------------------------------------------------------------------
---------------------------------------------------------------------------------
Start Part Resource Summary
---------------------------------------------------------------------------------
Part Resources:
DSPs: 90 (col length:60)
BRAMs: 100 (col length: RAMB18 60 RAMB36 30)
---------------------------------------------------------------------------------
Finished Part Resource Summary
---------------------------------------------------------------------------------
---------------------------------------------------------------------------------
Start Cross Boundary and Area Optimization
---------------------------------------------------------------------------------
---------------------------------------------------------------------------------
Finished Cross Boundary and Area Optimization : Time (s): cpu = 00:00:53 ; elapsed = 00:00:54 . Memory (MB): peak = 1799.758 ; gain = 946.016
---------------------------------------------------------------------------------
---------------------------------------------------------------------------------
Start Applying XDC Timing Constraints
---------------------------------------------------------------------------------
---------------------------------------------------------------------------------
Finished Applying XDC Timing Constraints : Time (s): cpu = 00:00:56 ; elapsed = 00:00:57 . Memory (MB): peak = 1799.758 ; gain = 946.016
---------------------------------------------------------------------------------
---------------------------------------------------------------------------------
Start Timing Optimization
---------------------------------------------------------------------------------
---------------------------------------------------------------------------------
Finished Timing Optimization : Time (s): cpu = 00:01:15 ; elapsed = 00:01:16 . Memory (MB): peak = 2084.996 ; gain = 1231.254
---------------------------------------------------------------------------------
---------------------------------------------------------------------------------
Start Technology Mapping
---------------------------------------------------------------------------------
---------------------------------------------------------------------------------
Finished Technology Mapping : Time (s): cpu = 00:01:21 ; elapsed = 00:01:23 . Memory (MB): peak = 2084.996 ; gain = 1231.254
---------------------------------------------------------------------------------
---------------------------------------------------------------------------------
Start IO Insertion
---------------------------------------------------------------------------------
---------------------------------------------------------------------------------
Start Flattening Before IO Insertion
---------------------------------------------------------------------------------
---------------------------------------------------------------------------------
Finished Flattening Before IO Insertion
---------------------------------------------------------------------------------
---------------------------------------------------------------------------------
Start Final Netlist Cleanup
---------------------------------------------------------------------------------
---------------------------------------------------------------------------------
Finished Final Netlist Cleanup
---------------------------------------------------------------------------------
---------------------------------------------------------------------------------
Finished IO Insertion : Time (s): cpu = 00:01:24 ; elapsed = 00:01:26 . Memory (MB): peak = 2084.996 ; gain = 1231.254
---------------------------------------------------------------------------------
---------------------------------------------------------------------------------
Start Renaming Generated Instances
---------------------------------------------------------------------------------
---------------------------------------------------------------------------------
Finished Renaming Generated Instances : Time (s): cpu = 00:01:24 ; elapsed = 00:01:26 . Memory (MB): peak = 2084.996 ; gain = 1231.254
---------------------------------------------------------------------------------
---------------------------------------------------------------------------------
Start Rebuilding User Hierarchy
---------------------------------------------------------------------------------
---------------------------------------------------------------------------------
Finished Rebuilding User Hierarchy : Time (s): cpu = 00:01:25 ; elapsed = 00:01:26 . Memory (MB): peak = 2084.996 ; gain = 1231.254
---------------------------------------------------------------------------------
---------------------------------------------------------------------------------
Start Renaming Generated Ports
---------------------------------------------------------------------------------
---------------------------------------------------------------------------------
Finished Renaming Generated Ports : Time (s): cpu = 00:01:25 ; elapsed = 00:01:26 . Memory (MB): peak = 2084.996 ; gain = 1231.254
---------------------------------------------------------------------------------
---------------------------------------------------------------------------------
Start Handling Custom Attributes
---------------------------------------------------------------------------------
---------------------------------------------------------------------------------
Finished Handling Custom Attributes : Time (s): cpu = 00:01:25 ; elapsed = 00:01:26 . Memory (MB): peak = 2084.996 ; gain = 1231.254
---------------------------------------------------------------------------------
---------------------------------------------------------------------------------
Start Renaming Generated Nets
---------------------------------------------------------------------------------
---------------------------------------------------------------------------------
Finished Renaming Generated Nets : Time (s): cpu = 00:01:25 ; elapsed = 00:01:26 . Memory (MB): peak = 2084.996 ; gain = 1231.254
---------------------------------------------------------------------------------
---------------------------------------------------------------------------------
Start Writing Synthesis Report
---------------------------------------------------------------------------------

Report BlackBoxes: 
+-+--------------+----------+
| |BlackBox name |Instances |
+-+--------------+----------+
+-+--------------+----------+

Report Cell Usage: 
+------+-------+------+
|      |Cell   |Count |
+------+-------+------+
|1     |BUFG   |     1|
|2     |CARRY4 |    25|
|3     |LUT1   |     1|
|4     |LUT2   |   144|
|5     |LUT3   |    70|
|6     |LUT4   |   351|
|7     |LUT5   |   534|
|8     |LUT6   |  3737|
|9     |MUXF7  |   848|
|10    |MUXF8  |   410|
|11    |FDCE   |  2791|
|12    |IBUF   |   195|
|13    |OBUF   |    21|
+------+-------+------+
---------------------------------------------------------------------------------
Finished Writing Synthesis Report : Time (s): cpu = 00:01:25 ; elapsed = 00:01:26 . Memory (MB): peak = 2084.996 ; gain = 1231.254
---------------------------------------------------------------------------------
Synthesis finished with 0 errors, 0 critical warnings and 0 warnings.
Synthesis Optimization Runtime : Time (s): cpu = 00:01:17 ; elapsed = 00:01:24 . Memory (MB): peak = 2084.996 ; gain = 1217.766
Synthesis Optimization Complete : Time (s): cpu = 00:01:25 ; elapsed = 00:01:27 . Memory (MB): peak = 2084.996 ; gain = 1231.254
INFO: [Project 1-571] Translating synthesized netlist
Netlist sorting complete. Time (s): cpu = 00:00:00 ; elapsed = 00:00:00.054 . Memory (MB): peak = 2084.996 ; gain = 0.000
INFO: [Netlist 29-17] Analyzing 1283 Unisim elements for replacement
INFO: [Netlist 29-28] Unisim Transformation completed in 0 CPU seconds
WARNING: [Netlist 29-101] Netlist 'copper_cavi_authority_issue_gate' is not ideal for floorplanning, since the cellview 'copper_clpd_gate' contains a large number of primitives.  Please consider enabling hierarchy in synthesis if you want to do floorplanning.
INFO: [Project 1-570] Preparing netlist for logic optimization
Parsing XDC File [C:/Users/tyboy/OneDrive/Documents/novel-arm/research/copper_clpd_constraints.xdc]
Finished Parsing XDC File [C:/Users/tyboy/OneDrive/Documents/novel-arm/research/copper_clpd_constraints.xdc]
INFO: [Opt 31-138] Pushed 0 inverter(s) to 0 load pin(s).
Netlist sorting complete. Time (s): cpu = 00:00:00 ; elapsed = 00:00:00.002 . Memory (MB): peak = 2084.996 ; gain = 0.000
INFO: [Project 1-111] Unisim Transformation Summary:
No Unisim elements were transformed.

Synth Design complete | Checksum: 3515ce00
INFO: [Common 17-83] Releasing license: Synthesis
26 Infos, 1 Warnings, 0 Critical Warnings and 0 Errors encountered.
synth_design completed successfully
synth_design: Time (s): cpu = 00:01:29 ; elapsed = 00:01:32 . Memory (MB): peak = 2084.996 ; gain = 1423.586
# report_utilization -file research/results/copper_cavi_authority_issue_gate_utilization.rpt
# report_timing_summary -file research/results/copper_cavi_authority_issue_gate_timing.rpt
INFO: [Timing 38-35] Done setting XDC timing constraints.
INFO: [Timing 38-91] UpdateTimingParams: Speed grade: -1, Delay Type: min_max.
INFO: [Timing 38-191] Multithreading enabled for timing update using a maximum of 2 CPUs
# write_checkpoint -force research/results/copper_cavi_authority_issue_gate_synth.dcp
INFO: [Timing 38-480] Writing timing data to binary archive.
Write ShapeDB Complete: Time (s): cpu = 00:00:00 ; elapsed = 00:00:00.009 . Memory (MB): peak = 2084.996 ; gain = 0.000
INFO: [Common 17-1381] The checkpoint 'C:/Users/tyboy/OneDrive/Documents/novel-arm/research/results/copper_cavi_authority_issue_gate_synth.dcp' has been generated.
# quit
INFO: [Common 17-206] Exiting Vivado at Sat Jun 20 17:15:30 2026...
